[ 2016-02-09T16:29:43+08:00 ] 127.0.0.1 /Home/Seller
INFO: [ app_init ] --START--
INFO: Run Behavior\BuildLiteBehavior [ RunTime:0.000007s ]
INFO: [ app_init ] --END-- [ RunTime:0.000186s ]
INFO: [ app_begin ] --START--
INFO: Run Behavior\ReadHtmlCacheBehavior [ RunTime:0.000254s ]
INFO: [ app_begin ] --END-- [ RunTime:0.000282s ]
SQL: SHOW COLUMNS FROM `system` [ RunTime:0.0006s ]
SQL: SELECT * FROM `system` LIMIT 1   [ RunTime:0.0003s ]
SQL: SHOW COLUMNS FROM `user` [ RunTime:0.0006s ]
SQL: SELECT * FROM `user` WHERE `username` = 'seller' AND `password` = 'a7ffb71736912204bc6d615641590450' AND `type` = 'seller' LIMIT 1   [ RunTime:0.0003s ]
SQL: SELECT * FROM `system` LIMIT 1   [ RunTime:0.0002s ]
SQL: SHOW COLUMNS FROM `shop` [ RunTime:0.0005s ]
SQL: SELECT * FROM `shop` WHERE `user_id` = 435 LIMIT 1   [ RunTime:0.0002s ]
SQL: SHOW COLUMNS FROM `user` [ RunTime:0.0004s ]
SQL: SELECT * FROM `user` WHERE `id` = 0 LIMIT 1   [ RunTime:0.0002s ]
INFO: [ view_parse ] --START--
NOTIC: [2] file_get_contents(./web/Home/View/Public/sller_footer.html): failed to open stream: No such file or directory /Users/qiaomaoshuang/web/bysj/ThinkPHP/Library/Think/Template.class.php 第 696 行.
INFO: [ template_filter ] --START--
INFO: Run Behavior\ContentReplaceBehavior [ RunTime:0.000039s ]
INFO: [ template_filter ] --END-- [ RunTime:0.000062s ]
NOTIC: [8] Undefined index: shop /Users/qiaomaoshuang/web/bysj/web/Runtime/Cache/Home/6d7f76e1d98ad458b0dc32b237eb9b3d.php 第 39 行.
NOTIC: [8] Undefined index: shop_shop /Users/qiaomaoshuang/web/bysj/web/Runtime/Cache/Home/6d7f76e1d98ad458b0dc32b237eb9b3d.php 第 42 行.
NOTIC: [8] Undefined index: goods /Users/qiaomaoshuang/web/bysj/web/Runtime/Cache/Home/6d7f76e1d98ad458b0dc32b237eb9b3d.php 第 45 行.
NOTIC: [8] Undefined index: goods_goods /Users/qiaomaoshuang/web/bysj/web/Runtime/Cache/Home/6d7f76e1d98ad458b0dc32b237eb9b3d.php 第 48 行.
NOTIC: [8] Undefined index: goods_create /Users/qiaomaoshuang/web/bysj/web/Runtime/Cache/Home/6d7f76e1d98ad458b0dc32b237eb9b3d.php 第 49 行.
INFO: Run Behavior\ParseTemplateBehavior [ RunTime:0.005789s ]
INFO: [ view_parse ] --END-- [ RunTime:0.005812s ]
INFO: [ view_filter ] --START--
INFO: Run Behavior\WriteHtmlCacheBehavior [ RunTime:0.000099s ]
INFO: [ view_filter ] --END-- [ RunTime:0.000113s ]
INFO: [ app_end ] --START--
INFO: Run Behavior\ShowPageTraceBehavior [ RunTime:0.000372s ]
INFO: [ app_end ] --END-- [ RunTime:0.000398s ]

[ 2016-02-09T16:29:44+08:00 ] 127.0.0.1 /Home/Seller/shop
INFO: [ app_init ] --START--
INFO: Run Behavior\BuildLiteBehavior [ RunTime:0.000006s ]
INFO: [ app_init ] --END-- [ RunTime:0.000149s ]
INFO: [ app_begin ] --START--
INFO: Run Behavior\ReadHtmlCacheBehavior [ RunTime:0.000192s ]
INFO: [ app_begin ] --END-- [ RunTime:0.000210s ]
SQL: SHOW COLUMNS FROM `system` [ RunTime:0.0004s ]
SQL: SELECT * FROM `system` LIMIT 1   [ RunTime:0.0002s ]
SQL: SHOW COLUMNS FROM `user` [ RunTime:0.0005s ]
SQL: SELECT * FROM `user` WHERE `username` = 'seller' AND `password` = 'a7ffb71736912204bc6d615641590450' AND `type` = 'seller' LIMIT 1   [ RunTime:0.0002s ]
SQL: SHOW COLUMNS FROM `shop` [ RunTime:0.0013s ]
SQL: SELECT * FROM `shop` WHERE `user_id` = 435 LIMIT 1   [ RunTime:0.0003s ]
SQL: SELECT * FROM `user` WHERE `id` = 0 LIMIT 1   [ RunTime:0.0002s ]
INFO: [ view_parse ] --START--
INFO: [ template_filter ] --START--
INFO: Run Behavior\ContentReplaceBehavior [ RunTime:0.000050s ]
INFO: [ template_filter ] --END-- [ RunTime:0.000078s ]
NOTIC: [8] Undefined index: index /Users/qiaomaoshuang/web/bysj/web/Runtime/Cache/Home/f1f11e12505b2b1bb9cb4e0e5c73fc34.php 第 30 行.
NOTIC: [8] Undefined index: goods /Users/qiaomaoshuang/web/bysj/web/Runtime/Cache/Home/f1f11e12505b2b1bb9cb4e0e5c73fc34.php 第 45 行.
NOTIC: [8] Undefined index: goods_goods /Users/qiaomaoshuang/web/bysj/web/Runtime/Cache/Home/f1f11e12505b2b1bb9cb4e0e5c73fc34.php 第 48 行.
NOTIC: [8] Undefined index: goods_create /Users/qiaomaoshuang/web/bysj/web/Runtime/Cache/Home/f1f11e12505b2b1bb9cb4e0e5c73fc34.php 第 49 行.
INFO: Run Behavior\ParseTemplateBehavior [ RunTime:0.004868s ]
INFO: [ view_parse ] --END-- [ RunTime:0.004885s ]
INFO: [ view_filter ] --START--
INFO: Run Behavior\WriteHtmlCacheBehavior [ RunTime:0.000115s ]
INFO: [ view_filter ] --END-- [ RunTime:0.000130s ]
INFO: [ app_end ] --START--
INFO: Run Behavior\ShowPageTraceBehavior [ RunTime:0.000240s ]
INFO: [ app_end ] --END-- [ RunTime:0.000255s ]

[ 2016-02-09T16:29:45+08:00 ] 127.0.0.1 /Home/Seller/goods
INFO: [ app_init ] --START--
INFO: Run Behavior\BuildLiteBehavior [ RunTime:0.000007s ]
INFO: [ app_init ] --END-- [ RunTime:0.000176s ]
INFO: [ app_begin ] --START--
INFO: Run Behavior\ReadHtmlCacheBehavior [ RunTime:0.000668s ]
INFO: [ app_begin ] --END-- [ RunTime:0.000707s ]
SQL: SHOW COLUMNS FROM `system` [ RunTime:0.0004s ]
SQL: SELECT * FROM `system` LIMIT 1   [ RunTime:0.0002s ]
SQL: SHOW COLUMNS FROM `user` [ RunTime:0.0003s ]
SQL: SELECT * FROM `user` WHERE `username` = 'seller' AND `password` = 'a7ffb71736912204bc6d615641590450' AND `type` = 'seller' LIMIT 1   [ RunTime:0.0002s ]
SQL: SHOW COLUMNS FROM `goods` [ RunTime:0.0004s ]
SQL: SHOW COLUMNS FROM `shop` [ RunTime:0.0004s ]
SQL: SELECT * FROM `shop` WHERE `user_id` = 435 LIMIT 1   [ RunTime:0.0002s ]
SQL: SELECT COUNT(*) AS tp_count FROM `goods` WHERE `shop_id` = 219 LIMIT 1   [ RunTime:0.0002s ]
SQL: SELECT * FROM `goods` WHERE `shop_id` = 219 LIMIT 0,20   [ RunTime:0.0002s ]
INFO: [ view_parse ] --START--
INFO: [ template_filter ] --START--
INFO: Run Behavior\ContentReplaceBehavior [ RunTime:0.000046s ]
INFO: [ template_filter ] --END-- [ RunTime:0.000072s ]
NOTIC: [8] Undefined index: index /Users/qiaomaoshuang/web/bysj/web/Runtime/Cache/Home/95486ef3286bacb32c0aa62d627535ec.php 第 30 行.
NOTIC: [8] Undefined index: shop /Users/qiaomaoshuang/web/bysj/web/Runtime/Cache/Home/95486ef3286bacb32c0aa62d627535ec.php 第 39 行.
NOTIC: [8] Undefined index: shop_shop /Users/qiaomaoshuang/web/bysj/web/Runtime/Cache/Home/95486ef3286bacb32c0aa62d627535ec.php 第 42 行.
NOTIC: [8] Undefined index: goods_create /Users/qiaomaoshuang/web/bysj/web/Runtime/Cache/Home/95486ef3286bacb32c0aa62d627535ec.php 第 49 行.
NOTIC: [8] Undefined variable: findData /Users/qiaomaoshuang/web/bysj/web/Runtime/Cache/Home/95486ef3286bacb32c0aa62d627535ec.php 第 72 行.
NOTIC: [8] Undefined variable: findData /Users/qiaomaoshuang/web/bysj/web/Runtime/Cache/Home/95486ef3286bacb32c0aa62d627535ec.php 第 75 行.
INFO: Run Behavior\ParseTemplateBehavior [ RunTime:0.004499s ]
INFO: [ view_parse ] --END-- [ RunTime:0.004517s ]
INFO: [ view_filter ] --START--
INFO: Run Behavior\WriteHtmlCacheBehavior [ RunTime:0.000084s ]
INFO: [ view_filter ] --END-- [ RunTime:0.000121s ]
INFO: [ app_end ] --START--
INFO: Run Behavior\ShowPageTraceBehavior [ RunTime:0.000371s ]
INFO: [ app_end ] --END-- [ RunTime:0.000397s ]

[ 2016-02-09T16:30:18+08:00 ] 127.0.0.1 /Home/Seller/goods
INFO: [ app_init ] --START--
INFO: Run Behavior\BuildLiteBehavior [ RunTime:0.000005s ]
INFO: [ app_init ] --END-- [ RunTime:0.000146s ]
INFO: [ app_begin ] --START--
INFO: Run Behavior\ReadHtmlCacheBehavior [ RunTime:0.000191s ]
INFO: [ app_begin ] --END-- [ RunTime:0.000208s ]
SQL: SHOW COLUMNS FROM `system` [ RunTime:0.0005s ]
SQL: SELECT * FROM `system` LIMIT 1   [ RunTime:0.0007s ]
SQL: SHOW COLUMNS FROM `user` [ RunTime:0.0010s ]
SQL: SELECT * FROM `user` WHERE `username` = 'seller' AND `password` = 'a7ffb71736912204bc6d615641590450' AND `type` = 'seller' LIMIT 1   [ RunTime:0.0005s ]
SQL: SHOW COLUMNS FROM `goods` [ RunTime:0.0007s ]
SQL: SHOW COLUMNS FROM `shop` [ RunTime:0.0004s ]
SQL: SELECT * FROM `shop` WHERE `user_id` = 435 LIMIT 1   [ RunTime:0.0002s ]
SQL: SELECT COUNT(*) AS tp_count FROM `goods` WHERE `shop_id` = 219 LIMIT 1   [ RunTime:0.0002s ]
SQL: SELECT * FROM `goods` WHERE `shop_id` = 219 LIMIT 0,20   [ RunTime:0.0002s ]
INFO: [ view_parse ] --START--
INFO: [ template_filter ] --START--
INFO: Run Behavior\ContentReplaceBehavior [ RunTime:0.000047s ]
INFO: [ template_filter ] --END-- [ RunTime:0.000070s ]
NOTIC: [8] Undefined index: index /Users/qiaomaoshuang/web/bysj/web/Runtime/Cache/Home/95486ef3286bacb32c0aa62d627535ec.php 第 30 行.
NOTIC: [8] Undefined index: shop /Users/qiaomaoshuang/web/bysj/web/Runtime/Cache/Home/95486ef3286bacb32c0aa62d627535ec.php 第 39 行.
NOTIC: [8] Undefined index: shop_shop /Users/qiaomaoshuang/web/bysj/web/Runtime/Cache/Home/95486ef3286bacb32c0aa62d627535ec.php 第 42 行.
NOTIC: [8] Undefined index: goods_create /Users/qiaomaoshuang/web/bysj/web/Runtime/Cache/Home/95486ef3286bacb32c0aa62d627535ec.php 第 49 行.
NOTIC: [8] Undefined variable: findData /Users/qiaomaoshuang/web/bysj/web/Runtime/Cache/Home/95486ef3286bacb32c0aa62d627535ec.php 第 72 行.
NOTIC: [8] Undefined variable: findData /Users/qiaomaoshuang/web/bysj/web/Runtime/Cache/Home/95486ef3286bacb32c0aa62d627535ec.php 第 75 行.
INFO: Run Behavior\ParseTemplateBehavior [ RunTime:0.003659s ]
INFO: [ view_parse ] --END-- [ RunTime:0.003676s ]
INFO: [ view_filter ] --START--
INFO: Run Behavior\WriteHtmlCacheBehavior [ RunTime:0.000083s ]
INFO: [ view_filter ] --END-- [ RunTime:0.000097s ]
INFO: [ app_end ] --START--
INFO: Run Behavior\ShowPageTraceBehavior [ RunTime:0.000237s ]
INFO: [ app_end ] --END-- [ RunTime:0.000252s ]

[ 2016-02-09T16:30:19+08:00 ] 127.0.0.1 /Home/Seller/goods
INFO: [ app_init ] --START--
INFO: Run Behavior\BuildLiteBehavior [ RunTime:0.000007s ]
INFO: [ app_init ] --END-- [ RunTime:0.000177s ]
INFO: [ app_begin ] --START--
INFO: Run Behavior\ReadHtmlCacheBehavior [ RunTime:0.000360s ]
INFO: [ app_begin ] --END-- [ RunTime:0.000386s ]
SQL: SHOW COLUMNS FROM `system` [ RunTime:0.0003s ]
SQL: SELECT * FROM `system` LIMIT 1   [ RunTime:0.0001s ]
SQL: SHOW COLUMNS FROM `user` [ RunTime:0.0004s ]
SQL: SELECT * FROM `user` WHERE `username` = 'seller' AND `password` = 'a7ffb71736912204bc6d615641590450' AND `type` = 'seller' LIMIT 1   [ RunTime:0.0002s ]
SQL: SHOW COLUMNS FROM `goods` [ RunTime:0.0003s ]
SQL: SHOW COLUMNS FROM `shop` [ RunTime:0.0003s ]
SQL: SELECT * FROM `shop` WHERE `user_id` = 435 LIMIT 1   [ RunTime:0.0002s ]
SQL: SELECT COUNT(*) AS tp_count FROM `goods` WHERE `shop_id` = 219 LIMIT 1   [ RunTime:0.0002s ]
SQL: SELECT * FROM `goods` WHERE `shop_id` = 219 LIMIT 0,20   [ RunTime:0.0002s ]
INFO: [ view_parse ] --START--
INFO: [ template_filter ] --START--
INFO: Run Behavior\ContentReplaceBehavior [ RunTime:0.000051s ]
INFO: [ template_filter ] --END-- [ RunTime:0.000076s ]
NOTIC: [8] Undefined index: index /Users/qiaomaoshuang/web/bysj/web/Runtime/Cache/Home/95486ef3286bacb32c0aa62d627535ec.php 第 30 行.
NOTIC: [8] Undefined index: shop /Users/qiaomaoshuang/web/bysj/web/Runtime/Cache/Home/95486ef3286bacb32c0aa62d627535ec.php 第 39 行.
NOTIC: [8] Undefined index: shop_shop /Users/qiaomaoshuang/web/bysj/web/Runtime/Cache/Home/95486ef3286bacb32c0aa62d627535ec.php 第 42 行.
NOTIC: [8] Undefined index: goods_create /Users/qiaomaoshuang/web/bysj/web/Runtime/Cache/Home/95486ef3286bacb32c0aa62d627535ec.php 第 49 行.
NOTIC: [8] Undefined variable: findData /Users/qiaomaoshuang/web/bysj/web/Runtime/Cache/Home/95486ef3286bacb32c0aa62d627535ec.php 第 72 行.
NOTIC: [8] Undefined variable: findData /Users/qiaomaoshuang/web/bysj/web/Runtime/Cache/Home/95486ef3286bacb32c0aa62d627535ec.php 第 75 行.
INFO: Run Behavior\ParseTemplateBehavior [ RunTime:0.003482s ]
INFO: [ view_parse ] --END-- [ RunTime:0.003499s ]
INFO: [ view_filter ] --START--
INFO: Run Behavior\WriteHtmlCacheBehavior [ RunTime:0.000089s ]
INFO: [ view_filter ] --END-- [ RunTime:0.000102s ]
INFO: [ app_end ] --START--
INFO: Run Behavior\ShowPageTraceBehavior [ RunTime:0.000252s ]
INFO: [ app_end ] --END-- [ RunTime:0.000270s ]

[ 2016-02-09T16:30:26+08:00 ] 127.0.0.1 /Home/Seller/shop
INFO: [ app_init ] --START--
INFO: Run Behavior\BuildLiteBehavior [ RunTime:0.000005s ]
INFO: [ app_init ] --END-- [ RunTime:0.000151s ]
INFO: [ app_begin ] --START--
INFO: Run Behavior\ReadHtmlCacheBehavior [ RunTime:0.000190s ]
INFO: [ app_begin ] --END-- [ RunTime:0.000207s ]
SQL: SHOW COLUMNS FROM `system` [ RunTime:0.0003s ]
SQL: SELECT * FROM `system` LIMIT 1   [ RunTime:0.0003s ]
SQL: SHOW COLUMNS FROM `user` [ RunTime:0.0004s ]
SQL: SELECT * FROM `user` WHERE `username` = 'seller' AND `password` = 'a7ffb71736912204bc6d615641590450' AND `type` = 'seller' LIMIT 1   [ RunTime:0.0002s ]
SQL: SHOW COLUMNS FROM `shop` [ RunTime:0.0004s ]
SQL: SELECT * FROM `shop` WHERE `user_id` = 435 LIMIT 1   [ RunTime:0.0002s ]
SQL: SELECT * FROM `user` WHERE `id` = 0 LIMIT 1   [ RunTime:0.0001s ]
INFO: [ view_parse ] --START--
INFO: [ template_filter ] --START--
INFO: Run Behavior\ContentReplaceBehavior [ RunTime:0.000053s ]
INFO: [ template_filter ] --END-- [ RunTime:0.000082s ]
NOTIC: [8] Undefined index: index /Users/qiaomaoshuang/web/bysj/web/Runtime/Cache/Home/f1f11e12505b2b1bb9cb4e0e5c73fc34.php 第 30 行.
NOTIC: [8] Undefined index: goods /Users/qiaomaoshuang/web/bysj/web/Runtime/Cache/Home/f1f11e12505b2b1bb9cb4e0e5c73fc34.php 第 45 行.
NOTIC: [8] Undefined index: goods_goods /Users/qiaomaoshuang/web/bysj/web/Runtime/Cache/Home/f1f11e12505b2b1bb9cb4e0e5c73fc34.php 第 48 行.
NOTIC: [8] Undefined index: goods_create /Users/qiaomaoshuang/web/bysj/web/Runtime/Cache/Home/f1f11e12505b2b1bb9cb4e0e5c73fc34.php 第 49 行.
INFO: Run Behavior\ParseTemplateBehavior [ RunTime:0.004044s ]
INFO: [ view_parse ] --END-- [ RunTime:0.004067s ]
INFO: [ view_filter ] --START--
INFO: Run Behavior\WriteHtmlCacheBehavior [ RunTime:0.000087s ]
INFO: [ view_filter ] --END-- [ RunTime:0.000100s ]
INFO: [ app_end ] --START--
INFO: Run Behavior\ShowPageTraceBehavior [ RunTime:0.000307s ]
INFO: [ app_end ] --END-- [ RunTime:0.000324s ]

[ 2016-02-09T16:30:27+08:00 ] 127.0.0.1 /Home/Seller/goods
INFO: [ app_init ] --START--
INFO: Run Behavior\BuildLiteBehavior [ RunTime:0.000007s ]
INFO: [ app_init ] --END-- [ RunTime:0.000158s ]
INFO: [ app_begin ] --START--
INFO: Run Behavior\ReadHtmlCacheBehavior [ RunTime:0.000196s ]
INFO: [ app_begin ] --END-- [ RunTime:0.000215s ]
SQL: SHOW COLUMNS FROM `system` [ RunTime:0.0006s ]
SQL: SELECT * FROM `system` LIMIT 1   [ RunTime:0.0002s ]
SQL: SHOW COLUMNS FROM `user` [ RunTime:0.0003s ]
SQL: SELECT * FROM `user` WHERE `username` = 'seller' AND `password` = 'a7ffb71736912204bc6d615641590450' AND `type` = 'seller' LIMIT 1   [ RunTime:0.0002s ]
SQL: SHOW COLUMNS FROM `goods` [ RunTime:0.0003s ]
SQL: SHOW COLUMNS FROM `shop` [ RunTime:0.0003s ]
SQL: SELECT * FROM `shop` WHERE `user_id` = 435 LIMIT 1   [ RunTime:0.0002s ]
SQL: SELECT COUNT(*) AS tp_count FROM `goods` WHERE `shop_id` = 219 LIMIT 1   [ RunTime:0.0001s ]
SQL: SELECT * FROM `goods` WHERE `shop_id` = 219 LIMIT 0,20   [ RunTime:0.0001s ]
INFO: [ view_parse ] --START--
INFO: [ template_filter ] --START--
INFO: Run Behavior\ContentReplaceBehavior [ RunTime:0.000044s ]
INFO: [ template_filter ] --END-- [ RunTime:0.000063s ]
NOTIC: [8] Undefined index: index /Users/qiaomaoshuang/web/bysj/web/Runtime/Cache/Home/95486ef3286bacb32c0aa62d627535ec.php 第 30 行.
NOTIC: [8] Undefined index: shop /Users/qiaomaoshuang/web/bysj/web/Runtime/Cache/Home/95486ef3286bacb32c0aa62d627535ec.php 第 39 行.
NOTIC: [8] Undefined index: shop_shop /Users/qiaomaoshuang/web/bysj/web/Runtime/Cache/Home/95486ef3286bacb32c0aa62d627535ec.php 第 42 行.
NOTIC: [8] Undefined index: goods_create /Users/qiaomaoshuang/web/bysj/web/Runtime/Cache/Home/95486ef3286bacb32c0aa62d627535ec.php 第 49 行.
NOTIC: [8] Undefined variable: findData /Users/qiaomaoshuang/web/bysj/web/Runtime/Cache/Home/95486ef3286bacb32c0aa62d627535ec.php 第 72 行.
NOTIC: [8] Undefined variable: findData /Users/qiaomaoshuang/web/bysj/web/Runtime/Cache/Home/95486ef3286bacb32c0aa62d627535ec.php 第 75 行.
INFO: Run Behavior\ParseTemplateBehavior [ RunTime:0.003404s ]
INFO: [ view_parse ] --END-- [ RunTime:0.003423s ]
INFO: [ view_filter ] --START--
INFO: Run Behavior\WriteHtmlCacheBehavior [ RunTime:0.000084s ]
INFO: [ view_filter ] --END-- [ RunTime:0.000097s ]
INFO: [ app_end ] --START--
INFO: Run Behavior\ShowPageTraceBehavior [ RunTime:0.000232s ]
INFO: [ app_end ] --END-- [ RunTime:0.000247s ]

[ 2016-02-09T16:30:28+08:00 ] 127.0.0.1 /Home/Seller/goodsCreate
INFO: [ app_init ] --START--
INFO: Run Behavior\BuildLiteBehavior [ RunTime:0.000009s ]
INFO: [ app_init ] --END-- [ RunTime:0.000521s ]
INFO: [ app_begin ] --START--
INFO: Run Behavior\ReadHtmlCacheBehavior [ RunTime:0.000332s ]
INFO: [ app_begin ] --END-- [ RunTime:0.000423s ]
SQL: SHOW COLUMNS FROM `system` [ RunTime:0.0004s ]
SQL: SELECT * FROM `system` LIMIT 1   [ RunTime:0.0003s ]
SQL: SHOW COLUMNS FROM `user` [ RunTime:0.0004s ]
SQL: SELECT * FROM `user` WHERE `username` = 'seller' AND `password` = 'a7ffb71736912204bc6d615641590450' AND `type` = 'seller' LIMIT 1   [ RunTime:0.0002s ]
INFO: [ view_parse ] --START--
INFO: [ template_filter ] --START--
INFO: Run Behavior\ContentReplaceBehavior [ RunTime:0.000080s ]
INFO: [ template_filter ] --END-- [ RunTime:0.000246s ]
NOTIC: [8] Undefined index: index /Users/qiaomaoshuang/web/bysj/web/Runtime/Cache/Home/71f67f1cb2cc3a5875854079bcda23ff.php 第 30 行.
NOTIC: [8] Undefined index: shop /Users/qiaomaoshuang/web/bysj/web/Runtime/Cache/Home/71f67f1cb2cc3a5875854079bcda23ff.php 第 39 行.
NOTIC: [8] Undefined index: shop_shop /Users/qiaomaoshuang/web/bysj/web/Runtime/Cache/Home/71f67f1cb2cc3a5875854079bcda23ff.php 第 42 行.
NOTIC: [8] Undefined index: goods_goods /Users/qiaomaoshuang/web/bysj/web/Runtime/Cache/Home/71f67f1cb2cc3a5875854079bcda23ff.php 第 48 行.
INFO: Run Behavior\ParseTemplateBehavior [ RunTime:0.006407s ]
INFO: [ view_parse ] --END-- [ RunTime:0.006431s ]
INFO: [ view_filter ] --START--
INFO: Run Behavior\WriteHtmlCacheBehavior [ RunTime:0.000177s ]
INFO: [ view_filter ] --END-- [ RunTime:0.000313s ]
INFO: [ app_end ] --START--
INFO: Run Behavior\ShowPageTraceBehavior [ RunTime:0.000680s ]
INFO: [ app_end ] --END-- [ RunTime:0.000724s ]

[ 2016-02-09T16:30:59+08:00 ] 127.0.0.1 /Home/Seller/goodsCreate
INFO: [ app_init ] --START--
INFO: Run Behavior\BuildLiteBehavior [ RunTime:0.000005s ]
INFO: [ app_init ] --END-- [ RunTime:0.000151s ]
INFO: [ app_begin ] --START--
INFO: Run Behavior\ReadHtmlCacheBehavior [ RunTime:0.000194s ]
INFO: [ app_begin ] --END-- [ RunTime:0.000213s ]
SQL: SHOW COLUMNS FROM `system` [ RunTime:0.0003s ]
SQL: SELECT * FROM `system` LIMIT 1   [ RunTime:0.0002s ]
SQL: SHOW COLUMNS FROM `user` [ RunTime:0.0004s ]
SQL: SELECT * FROM `user` WHERE `username` = 'seller' AND `password` = 'a7ffb71736912204bc6d615641590450' AND `type` = 'seller' LIMIT 1   [ RunTime:0.0002s ]
SQL: SHOW COLUMNS FROM `shop` [ RunTime:0.0010s ]
SQL: SELECT * FROM `shop` WHERE `user_id` = 435 LIMIT 1   [ RunTime:0.0004s ]
SQL: SHOW COLUMNS FROM `goods` [ RunTime:0.0006s ]
NOTIC: [8] Undefined index: validate /Users/qiaomaoshuang/web/bysj/ThinkPHP/Library/Think/Model.class.php 第 1185 行.
NOTIC: [8] Undefined index: auto /Users/qiaomaoshuang/web/bysj/ThinkPHP/Library/Think/Model.class.php 第 1128 行.
SQL: INSERT INTO `goods` (`sale_state`,`name`,`univalent`,`serial`,`introduction`,`shop_id`) VALUES ('1','溜肥肠','28.8','1','<p>锟斤拷 烫烫烫</p>','219') [ RunTime:0.0017s ]
NOTIC: [2] call_user_func() expects parameter 1 to be a valid callback, no array or string given /Users/qiaomaoshuang/web/bysj/ThinkPHP/Library/Think/Upload.class.php 第 170 行.
NOTIC: [2] finfo_file(): Empty filename or path /Users/qiaomaoshuang/web/bysj/ThinkPHP/Library/Think/Upload.class.php 第 152 行.
SQL: UPDATE `goods` SET `img`='39.jpg' WHERE `id` = 39 [ RunTime:0.0015s ]
INFO: [ view_parse ] --START--
INFO: [ template_filter ] --START--
INFO: Run Behavior\ContentReplaceBehavior [ RunTime:0.000023s ]
INFO: [ template_filter ] --END-- [ RunTime:0.000052s ]
INFO: Run Behavior\ParseTemplateBehavior [ RunTime:0.004126s ]
INFO: [ view_parse ] --END-- [ RunTime:0.004186s ]
INFO: [ view_filter ] --START--
INFO: Run Behavior\WriteHtmlCacheBehavior [ RunTime:0.000429s ]
INFO: [ view_filter ] --END-- [ RunTime:0.000515s ]
INFO: [ view_parse ] --START--
INFO: [ template_filter ] --START--
INFO: Run Behavior\ContentReplaceBehavior [ RunTime:0.000054s ]
INFO: [ template_filter ] --END-- [ RunTime:-0.002935s ]
NOTIC: [8] Undefined index: index /Users/qiaomaoshuang/web/bysj/web/Runtime/Cache/Home/71f67f1cb2cc3a5875854079bcda23ff.php 第 30 行.
NOTIC: [8] Undefined index: shop /Users/qiaomaoshuang/web/bysj/web/Runtime/Cache/Home/71f67f1cb2cc3a5875854079bcda23ff.php 第 39 行.
NOTIC: [8] Undefined index: shop_shop /Users/qiaomaoshuang/web/bysj/web/Runtime/Cache/Home/71f67f1cb2cc3a5875854079bcda23ff.php 第 42 行.
NOTIC: [8] Undefined index: goods_goods /Users/qiaomaoshuang/web/bysj/web/Runtime/Cache/Home/71f67f1cb2cc3a5875854079bcda23ff.php 第 48 行.
INFO: Run Behavior\ParseTemplateBehavior [ RunTime:0.002167s ]
INFO: [ view_parse ] --END-- [ RunTime:-0.000753s ]
INFO: [ view_filter ] --START--
INFO: Run Behavior\WriteHtmlCacheBehavior [ RunTime:0.000004s ]
INFO: [ view_filter ] --END-- [ RunTime:-0.002420s ]
INFO: [ app_end ] --START--
INFO: Run Behavior\ShowPageTraceBehavior [ RunTime:0.000365s ]
INFO: [ app_end ] --END-- [ RunTime:0.000390s ]

[ 2016-02-09T16:31:00+08:00 ] 127.0.0.1 /Home/Seller/goods.html
INFO: [ app_init ] --START--
INFO: Run Behavior\BuildLiteBehavior [ RunTime:0.000005s ]
INFO: [ app_init ] --END-- [ RunTime:0.000153s ]
INFO: [ app_begin ] --START--
INFO: Run Behavior\ReadHtmlCacheBehavior [ RunTime:0.000207s ]
INFO: [ app_begin ] --END-- [ RunTime:0.000224s ]
SQL: SHOW COLUMNS FROM `system` [ RunTime:0.0004s ]
SQL: SELECT * FROM `system` LIMIT 1   [ RunTime:0.0002s ]
SQL: SHOW COLUMNS FROM `user` [ RunTime:0.0003s ]
SQL: SELECT * FROM `user` WHERE `username` = 'seller' AND `password` = 'a7ffb71736912204bc6d615641590450' AND `type` = 'seller' LIMIT 1   [ RunTime:0.0002s ]
SQL: SHOW COLUMNS FROM `goods` [ RunTime:0.0003s ]
SQL: SHOW COLUMNS FROM `shop` [ RunTime:0.0003s ]
SQL: SELECT * FROM `shop` WHERE `user_id` = 435 LIMIT 1   [ RunTime:0.0002s ]
SQL: SELECT COUNT(*) AS tp_count FROM `goods` WHERE `shop_id` = 219 LIMIT 1   [ RunTime:0.0001s ]
SQL: SELECT * FROM `goods` WHERE `shop_id` = 219 LIMIT 0,20   [ RunTime:0.0002s ]
INFO: [ view_parse ] --START--
INFO: [ template_filter ] --START--
INFO: Run Behavior\ContentReplaceBehavior [ RunTime:0.000044s ]
INFO: [ template_filter ] --END-- [ RunTime:0.000068s ]
NOTIC: [8] Undefined index: index /Users/qiaomaoshuang/web/bysj/web/Runtime/Cache/Home/95486ef3286bacb32c0aa62d627535ec.php 第 30 行.
NOTIC: [8] Undefined index: shop /Users/qiaomaoshuang/web/bysj/web/Runtime/Cache/Home/95486ef3286bacb32c0aa62d627535ec.php 第 39 行.
NOTIC: [8] Undefined index: shop_shop /Users/qiaomaoshuang/web/bysj/web/Runtime/Cache/Home/95486ef3286bacb32c0aa62d627535ec.php 第 42 行.
NOTIC: [8] Undefined index: goods_create /Users/qiaomaoshuang/web/bysj/web/Runtime/Cache/Home/95486ef3286bacb32c0aa62d627535ec.php 第 49 行.
NOTIC: [8] Undefined variable: findData /Users/qiaomaoshuang/web/bysj/web/Runtime/Cache/Home/95486ef3286bacb32c0aa62d627535ec.php 第 72 行.
NOTIC: [8] Undefined variable: findData /Users/qiaomaoshuang/web/bysj/web/Runtime/Cache/Home/95486ef3286bacb32c0aa62d627535ec.php 第 75 行.
INFO: Run Behavior\ParseTemplateBehavior [ RunTime:0.003492s ]
INFO: [ view_parse ] --END-- [ RunTime:0.003508s ]
INFO: [ view_filter ] --START--
INFO: Run Behavior\WriteHtmlCacheBehavior [ RunTime:0.000081s ]
INFO: [ view_filter ] --END-- [ RunTime:0.000092s ]
INFO: [ app_end ] --START--
INFO: Run Behavior\ShowPageTraceBehavior [ RunTime:0.000227s ]
INFO: [ app_end ] --END-- [ RunTime:0.000241s ]

[ 2016-02-09T16:31:00+08:00 ] 127.0.0.1 /Home/Seller/goods.html
INFO: [ app_init ] --START--
INFO: Run Behavior\BuildLiteBehavior [ RunTime:0.000006s ]
INFO: [ app_init ] --END-- [ RunTime:0.000156s ]
INFO: [ app_begin ] --START--
INFO: Run Behavior\ReadHtmlCacheBehavior [ RunTime:0.000193s ]
INFO: [ app_begin ] --END-- [ RunTime:0.000210s ]
SQL: SHOW COLUMNS FROM `system` [ RunTime:0.0003s ]
SQL: SELECT * FROM `system` LIMIT 1   [ RunTime:0.0002s ]
SQL: SHOW COLUMNS FROM `user` [ RunTime:0.0003s ]
SQL: SELECT * FROM `user` WHERE `username` = 'seller' AND `password` = 'a7ffb71736912204bc6d615641590450' AND `type` = 'seller' LIMIT 1   [ RunTime:0.0002s ]
SQL: SHOW COLUMNS FROM `goods` [ RunTime:0.0003s ]
SQL: SHOW COLUMNS FROM `shop` [ RunTime:0.0004s ]
SQL: SELECT * FROM `shop` WHERE `user_id` = 435 LIMIT 1   [ RunTime:0.0002s ]
SQL: SELECT COUNT(*) AS tp_count FROM `goods` WHERE `shop_id` = 219 LIMIT 1   [ RunTime:0.0001s ]
SQL: SELECT * FROM `goods` WHERE `shop_id` = 219 LIMIT 0,20   [ RunTime:0.0002s ]
INFO: [ view_parse ] --START--
INFO: [ template_filter ] --START--
INFO: Run Behavior\ContentReplaceBehavior [ RunTime:0.000053s ]
INFO: [ template_filter ] --END-- [ RunTime:0.000086s ]
NOTIC: [8] Undefined index: index /Users/qiaomaoshuang/web/bysj/web/Runtime/Cache/Home/95486ef3286bacb32c0aa62d627535ec.php 第 30 行.
NOTIC: [8] Undefined index: shop /Users/qiaomaoshuang/web/bysj/web/Runtime/Cache/Home/95486ef3286bacb32c0aa62d627535ec.php 第 39 行.
NOTIC: [8] Undefined index: shop_shop /Users/qiaomaoshuang/web/bysj/web/Runtime/Cache/Home/95486ef3286bacb32c0aa62d627535ec.php 第 42 行.
NOTIC: [8] Undefined index: goods_create /Users/qiaomaoshuang/web/bysj/web/Runtime/Cache/Home/95486ef3286bacb32c0aa62d627535ec.php 第 49 行.
NOTIC: [8] Undefined variable: findData /Users/qiaomaoshuang/web/bysj/web/Runtime/Cache/Home/95486ef3286bacb32c0aa62d627535ec.php 第 72 行.
NOTIC: [8] Undefined variable: findData /Users/qiaomaoshuang/web/bysj/web/Runtime/Cache/Home/95486ef3286bacb32c0aa62d627535ec.php 第 75 行.
INFO: Run Behavior\ParseTemplateBehavior [ RunTime:0.004207s ]
INFO: [ view_parse ] --END-- [ RunTime:0.004232s ]
INFO: [ view_filter ] --START--
INFO: Run Behavior\WriteHtmlCacheBehavior [ RunTime:0.000093s ]
INFO: [ view_filter ] --END-- [ RunTime:0.000106s ]
INFO: [ app_end ] --START--
INFO: Run Behavior\ShowPageTraceBehavior [ RunTime:0.000283s ]
INFO: [ app_end ] --END-- [ RunTime:0.000298s ]

[ 2016-02-09T16:31:01+08:00 ] 127.0.0.1 /Home/Seller/goodsUpdate/id/39
INFO: [ app_init ] --START--
INFO: Run Behavior\BuildLiteBehavior [ RunTime:0.000005s ]
INFO: [ app_init ] --END-- [ RunTime:0.000157s ]
INFO: [ app_begin ] --START--
INFO: Run Behavior\ReadHtmlCacheBehavior [ RunTime:0.000196s ]
INFO: [ app_begin ] --END-- [ RunTime:0.000214s ]
SQL: SHOW COLUMNS FROM `system` [ RunTime:0.0003s ]
SQL: SELECT * FROM `system` LIMIT 1   [ RunTime:0.0002s ]
SQL: SHOW COLUMNS FROM `user` [ RunTime:0.0005s ]
SQL: SELECT * FROM `user` WHERE `username` = 'seller' AND `password` = 'a7ffb71736912204bc6d615641590450' AND `type` = 'seller' LIMIT 1   [ RunTime:0.0004s ]
SQL: SHOW COLUMNS FROM `goods` [ RunTime:0.0009s ]
SQL: SELECT * FROM `goods` WHERE `id` = 39 LIMIT 1   [ RunTime:0.0004s ]
INFO: [ view_parse ] --START--
INFO: [ template_filter ] --START--
INFO: Run Behavior\ContentReplaceBehavior [ RunTime:0.000061s ]
INFO: [ template_filter ] --END-- [ RunTime:0.000088s ]
NOTIC: [8] Undefined index: index /Users/qiaomaoshuang/web/bysj/web/Runtime/Cache/Home/4446d459b1016966579c52a645048c29.php 第 30 行.
NOTIC: [8] Undefined index: shop /Users/qiaomaoshuang/web/bysj/web/Runtime/Cache/Home/4446d459b1016966579c52a645048c29.php 第 39 行.
NOTIC: [8] Undefined index: shop_shop /Users/qiaomaoshuang/web/bysj/web/Runtime/Cache/Home/4446d459b1016966579c52a645048c29.php 第 42 行.
NOTIC: [8] Undefined index: goods_create /Users/qiaomaoshuang/web/bysj/web/Runtime/Cache/Home/4446d459b1016966579c52a645048c29.php 第 49 行.
INFO: Run Behavior\ParseTemplateBehavior [ RunTime:0.004728s ]
INFO: [ view_parse ] --END-- [ RunTime:0.004747s ]
INFO: [ view_filter ] --START--
INFO: Run Behavior\WriteHtmlCacheBehavior [ RunTime:0.000079s ]
INFO: [ view_filter ] --END-- [ RunTime:0.000091s ]
INFO: [ app_end ] --START--
INFO: Run Behavior\ShowPageTraceBehavior [ RunTime:0.000276s ]
INFO: [ app_end ] --END-- [ RunTime:0.000295s ]

[ 2016-02-09T16:31:10+08:00 ] 127.0.0.1 /Home/Seller/goodsUpdate/id/39
INFO: [ app_init ] --START--
INFO: Run Behavior\BuildLiteBehavior [ RunTime:0.000013s ]
INFO: [ app_init ] --END-- [ RunTime:0.000248s ]
INFO: [ app_begin ] --START--
INFO: Run Behavior\ReadHtmlCacheBehavior [ RunTime:0.000600s ]
INFO: [ app_begin ] --END-- [ RunTime:0.000695s ]
SQL: SHOW COLUMNS FROM `system` [ RunTime:0.0003s ]
SQL: SELECT * FROM `system` LIMIT 1   [ RunTime:0.0002s ]
SQL: SHOW COLUMNS FROM `user` [ RunTime:0.0004s ]
SQL: SELECT * FROM `user` WHERE `username` = 'seller' AND `password` = 'a7ffb71736912204bc6d615641590450' AND `type` = 'seller' LIMIT 1   [ RunTime:0.0002s ]
NOTIC: [2] finfo_file(): Empty filename or path /Users/qiaomaoshuang/web/bysj/ThinkPHP/Library/Think/Upload.class.php 第 152 行.
NOTIC: [2] call_user_func() expects parameter 1 to be a valid callback, no array or string given /Users/qiaomaoshuang/web/bysj/ThinkPHP/Library/Think/Upload.class.php 第 170 行.
SQL: SHOW COLUMNS FROM `goods` [ RunTime:0.0004s ]
NOTIC: [8] Undefined index: validate /Users/qiaomaoshuang/web/bysj/ThinkPHP/Library/Think/Model.class.php 第 1185 行.
NOTIC: [8] Undefined index: auto /Users/qiaomaoshuang/web/bysj/ThinkPHP/Library/Think/Model.class.php 第 1128 行.
SQL: UPDATE `goods` SET `sale_state`='1',`name`='溜肥肠',`univalent`='28.8',`serial`='1',`introduction`='<p>锟斤拷 烫烫烫</p>',`banner`='39.jpg' WHERE `id` = 39 [ RunTime:0.0014s ]
INFO: [ view_parse ] --START--
INFO: [ template_filter ] --START--
INFO: Run Behavior\ContentReplaceBehavior [ RunTime:0.000018s ]
INFO: [ template_filter ] --END-- [ RunTime:0.000037s ]
INFO: Run Behavior\ParseTemplateBehavior [ RunTime:0.002309s ]
INFO: [ view_parse ] --END-- [ RunTime:0.002327s ]
INFO: [ view_filter ] --START--
INFO: Run Behavior\WriteHtmlCacheBehavior [ RunTime:0.000071s ]
INFO: [ view_filter ] --END-- [ RunTime:0.000084s ]
SQL: SELECT * FROM `goods` WHERE `id` = 39 LIMIT 1   [ RunTime:0.0003s ]
INFO: [ view_parse ] --START--
INFO: [ template_filter ] --START--
INFO: Run Behavior\ContentReplaceBehavior [ RunTime:0.000053s ]
INFO: [ template_filter ] --END-- [ RunTime:-0.002017s ]
NOTIC: [8] Undefined index: index /Users/qiaomaoshuang/web/bysj/web/Runtime/Cache/Home/4446d459b1016966579c52a645048c29.php 第 30 行.
NOTIC: [8] Undefined index: shop /Users/qiaomaoshuang/web/bysj/web/Runtime/Cache/Home/4446d459b1016966579c52a645048c29.php 第 39 行.
NOTIC: [8] Undefined index: shop_shop /Users/qiaomaoshuang/web/bysj/web/Runtime/Cache/Home/4446d459b1016966579c52a645048c29.php 第 42 行.
NOTIC: [8] Undefined index: goods_create /Users/qiaomaoshuang/web/bysj/web/Runtime/Cache/Home/4446d459b1016966579c52a645048c29.php 第 49 行.
INFO: Run Behavior\ParseTemplateBehavior [ RunTime:0.001794s ]
INFO: [ view_parse ] --END-- [ RunTime:-0.000503s ]
INFO: [ view_filter ] --START--
INFO: Run Behavior\WriteHtmlCacheBehavior [ RunTime:0.000005s ]
INFO: [ view_filter ] --END-- [ RunTime:-0.002232s ]
INFO: [ app_end ] --START--
INFO: Run Behavior\ShowPageTraceBehavior [ RunTime:0.000747s ]
INFO: [ app_end ] --END-- [ RunTime:0.000826s ]

[ 2016-02-09T16:31:11+08:00 ] 127.0.0.1 /Home/Seller/goods.html
INFO: [ app_init ] --START--
INFO: Run Behavior\BuildLiteBehavior [ RunTime:0.000006s ]
INFO: [ app_init ] --END-- [ RunTime:0.000151s ]
INFO: [ app_begin ] --START--
INFO: Run Behavior\ReadHtmlCacheBehavior [ RunTime:0.000194s ]
INFO: [ app_begin ] --END-- [ RunTime:0.000212s ]
SQL: SHOW COLUMNS FROM `system` [ RunTime:0.0004s ]
SQL: SELECT * FROM `system` LIMIT 1   [ RunTime:0.0002s ]
SQL: SHOW COLUMNS FROM `user` [ RunTime:0.0004s ]
SQL: SELECT * FROM `user` WHERE `username` = 'seller' AND `password` = 'a7ffb71736912204bc6d615641590450' AND `type` = 'seller' LIMIT 1   [ RunTime:0.0002s ]
SQL: SHOW COLUMNS FROM `goods` [ RunTime:0.0004s ]
SQL: SHOW COLUMNS FROM `shop` [ RunTime:0.0003s ]
SQL: SELECT * FROM `shop` WHERE `user_id` = 435 LIMIT 1   [ RunTime:0.0002s ]
SQL: SELECT COUNT(*) AS tp_count FROM `goods` WHERE `shop_id` = 219 LIMIT 1   [ RunTime:0.0001s ]
SQL: SELECT * FROM `goods` WHERE `shop_id` = 219 LIMIT 0,20   [ RunTime:0.0002s ]
INFO: [ view_parse ] --START--
INFO: [ template_filter ] --START--
INFO: Run Behavior\ContentReplaceBehavior [ RunTime:0.000043s ]
INFO: [ template_filter ] --END-- [ RunTime:0.000064s ]
NOTIC: [8] Undefined index: index /Users/qiaomaoshuang/web/bysj/web/Runtime/Cache/Home/95486ef3286bacb32c0aa62d627535ec.php 第 30 行.
NOTIC: [8] Undefined index: shop /Users/qiaomaoshuang/web/bysj/web/Runtime/Cache/Home/95486ef3286bacb32c0aa62d627535ec.php 第 39 行.
NOTIC: [8] Undefined index: shop_shop /Users/qiaomaoshuang/web/bysj/web/Runtime/Cache/Home/95486ef3286bacb32c0aa62d627535ec.php 第 42 行.
NOTIC: [8] Undefined index: goods_create /Users/qiaomaoshuang/web/bysj/web/Runtime/Cache/Home/95486ef3286bacb32c0aa62d627535ec.php 第 49 行.
NOTIC: [8] Undefined variable: findData /Users/qiaomaoshuang/web/bysj/web/Runtime/Cache/Home/95486ef3286bacb32c0aa62d627535ec.php 第 72 行.
NOTIC: [8] Undefined variable: findData /Users/qiaomaoshuang/web/bysj/web/Runtime/Cache/Home/95486ef3286bacb32c0aa62d627535ec.php 第 75 行.
INFO: Run Behavior\ParseTemplateBehavior [ RunTime:0.003387s ]
INFO: [ view_parse ] --END-- [ RunTime:0.003405s ]
INFO: [ view_filter ] --START--
INFO: Run Behavior\WriteHtmlCacheBehavior [ RunTime:0.000080s ]
INFO: [ view_filter ] --END-- [ RunTime:0.000093s ]
INFO: [ app_end ] --START--
INFO: Run Behavior\ShowPageTraceBehavior [ RunTime:0.000233s ]
INFO: [ app_end ] --END-- [ RunTime:0.000248s ]

[ 2016-02-09T16:31:12+08:00 ] 127.0.0.1 /Home/Seller/goods.html
INFO: [ app_init ] --START--
INFO: Run Behavior\BuildLiteBehavior [ RunTime:0.000008s ]
INFO: [ app_init ] --END-- [ RunTime:0.000201s ]
INFO: [ app_begin ] --START--
INFO: Run Behavior\ReadHtmlCacheBehavior [ RunTime:0.000247s ]
INFO: [ app_begin ] --END-- [ RunTime:0.000267s ]
SQL: SHOW COLUMNS FROM `system` [ RunTime:0.0004s ]
SQL: SELECT * FROM `system` LIMIT 1   [ RunTime:0.0002s ]
SQL: SHOW COLUMNS FROM `user` [ RunTime:0.0004s ]
SQL: SELECT * FROM `user` WHERE `username` = 'seller' AND `password` = 'a7ffb71736912204bc6d615641590450' AND `type` = 'seller' LIMIT 1   [ RunTime:0.0003s ]
SQL: SHOW COLUMNS FROM `goods` [ RunTime:0.0004s ]
SQL: SHOW COLUMNS FROM `shop` [ RunTime:0.0004s ]
SQL: SELECT * FROM `shop` WHERE `user_id` = 435 LIMIT 1   [ RunTime:0.0002s ]
SQL: SELECT COUNT(*) AS tp_count FROM `goods` WHERE `shop_id` = 219 LIMIT 1   [ RunTime:0.0001s ]
SQL: SELECT * FROM `goods` WHERE `shop_id` = 219 LIMIT 0,20   [ RunTime:0.0003s ]
INFO: [ view_parse ] --START--
INFO: [ template_filter ] --START--
INFO: Run Behavior\ContentReplaceBehavior [ RunTime:0.000047s ]
INFO: [ template_filter ] --END-- [ RunTime:0.000070s ]
NOTIC: [8] Undefined index: index /Users/qiaomaoshuang/web/bysj/web/Runtime/Cache/Home/95486ef3286bacb32c0aa62d627535ec.php 第 30 行.
NOTIC: [8] Undefined index: shop /Users/qiaomaoshuang/web/bysj/web/Runtime/Cache/Home/95486ef3286bacb32c0aa62d627535ec.php 第 39 行.
NOTIC: [8] Undefined index: shop_shop /Users/qiaomaoshuang/web/bysj/web/Runtime/Cache/Home/95486ef3286bacb32c0aa62d627535ec.php 第 42 行.
NOTIC: [8] Undefined index: goods_create /Users/qiaomaoshuang/web/bysj/web/Runtime/Cache/Home/95486ef3286bacb32c0aa62d627535ec.php 第 49 行.
NOTIC: [8] Undefined variable: findData /Users/qiaomaoshuang/web/bysj/web/Runtime/Cache/Home/95486ef3286bacb32c0aa62d627535ec.php 第 72 行.
NOTIC: [8] Undefined variable: findData /Users/qiaomaoshuang/web/bysj/web/Runtime/Cache/Home/95486ef3286bacb32c0aa62d627535ec.php 第 75 行.
INFO: Run Behavior\ParseTemplateBehavior [ RunTime:0.003951s ]
INFO: [ view_parse ] --END-- [ RunTime:0.003977s ]
INFO: [ view_filter ] --START--
INFO: Run Behavior\WriteHtmlCacheBehavior [ RunTime:0.000105s ]
INFO: [ view_filter ] --END-- [ RunTime:0.000118s ]
INFO: [ app_end ] --START--
INFO: Run Behavior\ShowPageTraceBehavior [ RunTime:0.000239s ]
INFO: [ app_end ] --END-- [ RunTime:0.000254s ]

[ 2016-02-09T16:31:21+08:00 ] 127.0.0.1 /Home/Seller/goods.html
INFO: [ app_init ] --START--
INFO: Run Behavior\BuildLiteBehavior [ RunTime:0.000008s ]
INFO: [ app_init ] --END-- [ RunTime:0.000263s ]
INFO: [ app_begin ] --START--
INFO: Run Behavior\ReadHtmlCacheBehavior [ RunTime:0.000236s ]
INFO: [ app_begin ] --END-- [ RunTime:0.000258s ]
SQL: SHOW COLUMNS FROM `system` [ RunTime:0.0003s ]
SQL: SELECT * FROM `system` LIMIT 1   [ RunTime:0.0001s ]
SQL: SHOW COLUMNS FROM `user` [ RunTime:0.0003s ]
SQL: SELECT * FROM `user` WHERE `username` = 'seller' AND `password` = 'a7ffb71736912204bc6d615641590450' AND `type` = 'seller' LIMIT 1   [ RunTime:0.0002s ]
SQL: SHOW COLUMNS FROM `goods` [ RunTime:0.0004s ]
SQL: SHOW COLUMNS FROM `shop` [ RunTime:0.0003s ]
SQL: SELECT * FROM `shop` WHERE `user_id` = 435 LIMIT 1   [ RunTime:0.0002s ]
SQL: SELECT COUNT(*) AS tp_count FROM `goods` WHERE `shop_id` = 219 LIMIT 1   [ RunTime:0.0001s ]
SQL: SELECT * FROM `goods` WHERE `shop_id` = 219 LIMIT 0,20   [ RunTime:0.0003s ]
INFO: [ view_parse ] --START--
INFO: [ template_filter ] --START--
INFO: Run Behavior\ContentReplaceBehavior [ RunTime:0.000044s ]
INFO: [ template_filter ] --END-- [ RunTime:0.000065s ]
NOTIC: [8] Undefined index: index /Users/qiaomaoshuang/web/bysj/web/Runtime/Cache/Home/95486ef3286bacb32c0aa62d627535ec.php 第 30 行.
NOTIC: [8] Undefined index: shop /Users/qiaomaoshuang/web/bysj/web/Runtime/Cache/Home/95486ef3286bacb32c0aa62d627535ec.php 第 39 行.
NOTIC: [8] Undefined index: shop_shop /Users/qiaomaoshuang/web/bysj/web/Runtime/Cache/Home/95486ef3286bacb32c0aa62d627535ec.php 第 42 行.
NOTIC: [8] Undefined index: goods_create /Users/qiaomaoshuang/web/bysj/web/Runtime/Cache/Home/95486ef3286bacb32c0aa62d627535ec.php 第 49 行.
NOTIC: [8] Undefined variable: findData /Users/qiaomaoshuang/web/bysj/web/Runtime/Cache/Home/95486ef3286bacb32c0aa62d627535ec.php 第 72 行.
NOTIC: [8] Undefined variable: findData /Users/qiaomaoshuang/web/bysj/web/Runtime/Cache/Home/95486ef3286bacb32c0aa62d627535ec.php 第 75 行.
INFO: Run Behavior\ParseTemplateBehavior [ RunTime:0.003423s ]
INFO: [ view_parse ] --END-- [ RunTime:0.003445s ]
INFO: [ view_filter ] --START--
INFO: Run Behavior\WriteHtmlCacheBehavior [ RunTime:0.000149s ]
INFO: [ view_filter ] --END-- [ RunTime:0.000184s ]
INFO: [ app_end ] --START--
INFO: Run Behavior\ShowPageTraceBehavior [ RunTime:0.000254s ]
INFO: [ app_end ] --END-- [ RunTime:0.000269s ]

[ 2016-02-09T16:32:31+08:00 ] 127.0.0.1 /Home/Seller/goods.html
INFO: [ app_init ] --START--
INFO: Run Behavior\BuildLiteBehavior [ RunTime:0.000005s ]
INFO: [ app_init ] --END-- [ RunTime:0.000150s ]
INFO: [ app_begin ] --START--
INFO: Run Behavior\ReadHtmlCacheBehavior [ RunTime:0.000191s ]
INFO: [ app_begin ] --END-- [ RunTime:0.000210s ]
SQL: SHOW COLUMNS FROM `system` [ RunTime:0.0004s ]
SQL: SELECT * FROM `system` LIMIT 1   [ RunTime:0.0003s ]
SQL: SHOW COLUMNS FROM `user` [ RunTime:0.0005s ]
SQL: SELECT * FROM `user` WHERE `username` = 'seller' AND `password` = 'a7ffb71736912204bc6d615641590450' AND `type` = 'seller' LIMIT 1   [ RunTime:0.0005s ]
SQL: SHOW COLUMNS FROM `goods` [ RunTime:0.0009s ]
SQL: SHOW COLUMNS FROM `shop` [ RunTime:0.0004s ]
SQL: SELECT * FROM `shop` WHERE `user_id` = 435 LIMIT 1   [ RunTime:0.0002s ]
SQL: SELECT COUNT(*) AS tp_count FROM `goods` WHERE `shop_id` = 219 LIMIT 1   [ RunTime:0.0001s ]
SQL: SELECT * FROM `goods` WHERE `shop_id` = 219 LIMIT 0,20   [ RunTime:0.0002s ]
INFO: [ view_parse ] --START--
INFO: [ template_filter ] --START--
INFO: Run Behavior\ContentReplaceBehavior [ RunTime:0.000043s ]
INFO: [ template_filter ] --END-- [ RunTime:0.000065s ]
NOTIC: [8] Undefined index: index /Users/qiaomaoshuang/web/bysj/web/Runtime/Cache/Home/95486ef3286bacb32c0aa62d627535ec.php 第 30 行.
NOTIC: [8] Undefined index: shop /Users/qiaomaoshuang/web/bysj/web/Runtime/Cache/Home/95486ef3286bacb32c0aa62d627535ec.php 第 39 行.
NOTIC: [8] Undefined index: shop_shop /Users/qiaomaoshuang/web/bysj/web/Runtime/Cache/Home/95486ef3286bacb32c0aa62d627535ec.php 第 42 行.
NOTIC: [8] Undefined index: goods_create /Users/qiaomaoshuang/web/bysj/web/Runtime/Cache/Home/95486ef3286bacb32c0aa62d627535ec.php 第 49 行.
NOTIC: [8] Undefined variable: findData /Users/qiaomaoshuang/web/bysj/web/Runtime/Cache/Home/95486ef3286bacb32c0aa62d627535ec.php 第 72 行.
NOTIC: [8] Undefined variable: findData /Users/qiaomaoshuang/web/bysj/web/Runtime/Cache/Home/95486ef3286bacb32c0aa62d627535ec.php 第 75 行.
INFO: Run Behavior\ParseTemplateBehavior [ RunTime:0.003367s ]
INFO: [ view_parse ] --END-- [ RunTime:0.003383s ]
INFO: [ view_filter ] --START--
INFO: Run Behavior\WriteHtmlCacheBehavior [ RunTime:0.000078s ]
INFO: [ view_filter ] --END-- [ RunTime:0.000090s ]
INFO: [ app_end ] --START--
INFO: Run Behavior\ShowPageTraceBehavior [ RunTime:0.000224s ]
INFO: [ app_end ] --END-- [ RunTime:0.000239s ]

[ 2016-02-09T16:39:53+08:00 ] 127.0.0.1 /Home/Seller/goods.html
INFO: [ app_init ] --START--
INFO: Run Behavior\BuildLiteBehavior [ RunTime:0.000007s ]
INFO: [ app_init ] --END-- [ RunTime:0.000265s ]
INFO: [ app_begin ] --START--
INFO: Run Behavior\ReadHtmlCacheBehavior [ RunTime:0.000216s ]
INFO: [ app_begin ] --END-- [ RunTime:0.000234s ]
SQL: SHOW COLUMNS FROM `system` [ RunTime:0.0004s ]
SQL: SELECT * FROM `system` LIMIT 1   [ RunTime:0.0002s ]
SQL: SHOW COLUMNS FROM `user` [ RunTime:0.0003s ]
SQL: SELECT * FROM `user` WHERE `username` = 'seller' AND `password` = 'a7ffb71736912204bc6d615641590450' AND `type` = 'seller' LIMIT 1   [ RunTime:0.0002s ]
SQL: SHOW COLUMNS FROM `goods` [ RunTime:0.0003s ]
SQL: SHOW COLUMNS FROM `shop` [ RunTime:0.0004s ]
SQL: SELECT * FROM `shop` WHERE `user_id` = 435 LIMIT 1   [ RunTime:0.0002s ]
SQL: SELECT COUNT(*) AS tp_count FROM `goods` WHERE `shop_id` = 219 LIMIT 1   [ RunTime:0.0001s ]
SQL: SELECT * FROM `goods` WHERE `shop_id` = 219 LIMIT 0,20   [ RunTime:0.0002s ]
INFO: [ view_parse ] --START--
INFO: [ template_filter ] --START--
INFO: Run Behavior\ContentReplaceBehavior [ RunTime:0.000093s ]
INFO: [ template_filter ] --END-- [ RunTime:0.000123s ]
NOTIC: [8] Undefined index: index /Users/qiaomaoshuang/web/bysj/web/Runtime/Cache/Home/95486ef3286bacb32c0aa62d627535ec.php 第 30 行.
NOTIC: [8] Undefined index: shop /Users/qiaomaoshuang/web/bysj/web/Runtime/Cache/Home/95486ef3286bacb32c0aa62d627535ec.php 第 39 行.
NOTIC: [8] Undefined index: shop_shop /Users/qiaomaoshuang/web/bysj/web/Runtime/Cache/Home/95486ef3286bacb32c0aa62d627535ec.php 第 42 行.
NOTIC: [8] Undefined index: goods_create /Users/qiaomaoshuang/web/bysj/web/Runtime/Cache/Home/95486ef3286bacb32c0aa62d627535ec.php 第 49 行.
NOTIC: [8] Undefined variable: findData /Users/qiaomaoshuang/web/bysj/web/Runtime/Cache/Home/95486ef3286bacb32c0aa62d627535ec.php 第 72 行.
NOTIC: [8] Undefined variable: findData /Users/qiaomaoshuang/web/bysj/web/Runtime/Cache/Home/95486ef3286bacb32c0aa62d627535ec.php 第 75 行.
INFO: Run Behavior\ParseTemplateBehavior [ RunTime:0.003448s ]
INFO: [ view_parse ] --END-- [ RunTime:0.003465s ]
INFO: [ view_filter ] --START--
INFO: Run Behavior\WriteHtmlCacheBehavior [ RunTime:0.000084s ]
INFO: [ view_filter ] --END-- [ RunTime:0.000097s ]
INFO: [ app_end ] --START--
INFO: Run Behavior\ShowPageTraceBehavior [ RunTime:0.000274s ]
INFO: [ app_end ] --END-- [ RunTime:0.000289s ]

[ 2016-02-09T16:40:29+08:00 ] 127.0.0.1 /Home/Seller/goods.html
INFO: [ app_init ] --START--
INFO: Run Behavior\BuildLiteBehavior [ RunTime:0.000035s ]
INFO: [ app_init ] --END-- [ RunTime:0.000263s ]
INFO: [ app_begin ] --START--
INFO: Run Behavior\ReadHtmlCacheBehavior [ RunTime:0.000356s ]
INFO: [ app_begin ] --END-- [ RunTime:0.000391s ]
SQL: SHOW COLUMNS FROM `system` [ RunTime:0.0003s ]
SQL: SELECT * FROM `system` LIMIT 1   [ RunTime:0.0001s ]
SQL: SHOW COLUMNS FROM `user` [ RunTime:0.0005s ]
SQL: SELECT * FROM `user` WHERE `username` = 'seller' AND `password` = 'a7ffb71736912204bc6d615641590450' AND `type` = 'seller' LIMIT 1   [ RunTime:0.0003s ]
SQL: SHOW COLUMNS FROM `goods` [ RunTime:0.0005s ]
SQL: SHOW COLUMNS FROM `shop` [ RunTime:0.0007s ]
SQL: SELECT * FROM `shop` WHERE `user_id` = 435 LIMIT 1   [ RunTime:0.0006s ]
SQL: SELECT COUNT(*) AS tp_count FROM `goods` WHERE `shop_id` = 219 LIMIT 1   [ RunTime:0.0003s ]
SQL: SELECT * FROM `goods` WHERE `shop_id` = 219 LIMIT 0,20   [ RunTime:0.0003s ]
INFO: [ view_parse ] --START--
INFO: [ template_filter ] --START--
INFO: Run Behavior\ContentReplaceBehavior [ RunTime:0.000043s ]
INFO: [ template_filter ] --END-- [ RunTime:0.000064s ]
NOTIC: [8] Undefined index: index /Users/qiaomaoshuang/web/bysj/web/Runtime/Cache/Home/95486ef3286bacb32c0aa62d627535ec.php 第 30 行.
NOTIC: [8] Undefined index: shop /Users/qiaomaoshuang/web/bysj/web/Runtime/Cache/Home/95486ef3286bacb32c0aa62d627535ec.php 第 39 行.
NOTIC: [8] Undefined index: shop_shop /Users/qiaomaoshuang/web/bysj/web/Runtime/Cache/Home/95486ef3286bacb32c0aa62d627535ec.php 第 42 行.
NOTIC: [8] Undefined index: goods_create /Users/qiaomaoshuang/web/bysj/web/Runtime/Cache/Home/95486ef3286bacb32c0aa62d627535ec.php 第 49 行.
NOTIC: [8] Undefined variable: findData /Users/qiaomaoshuang/web/bysj/web/Runtime/Cache/Home/95486ef3286bacb32c0aa62d627535ec.php 第 72 行.
NOTIC: [8] Undefined variable: findData /Users/qiaomaoshuang/web/bysj/web/Runtime/Cache/Home/95486ef3286bacb32c0aa62d627535ec.php 第 75 行.
INFO: Run Behavior\ParseTemplateBehavior [ RunTime:0.004221s ]
INFO: [ view_parse ] --END-- [ RunTime:0.004242s ]
INFO: [ view_filter ] --START--
INFO: Run Behavior\WriteHtmlCacheBehavior [ RunTime:0.000178s ]
INFO: [ view_filter ] --END-- [ RunTime:0.000205s ]
INFO: [ app_end ] --START--
INFO: Run Behavior\ShowPageTraceBehavior [ RunTime:0.000486s ]
INFO: [ app_end ] --END-- [ RunTime:0.000517s ]

[ 2016-02-09T16:43:58+08:00 ] 127.0.0.1 /Home/Seller/goods.html
INFO: [ app_init ] --START--
INFO: Run Behavior\BuildLiteBehavior [ RunTime:0.000007s ]
INFO: [ app_init ] --END-- [ RunTime:0.000152s ]
INFO: [ app_begin ] --START--
INFO: Run Behavior\ReadHtmlCacheBehavior [ RunTime:0.000259s ]
INFO: [ app_begin ] --END-- [ RunTime:0.000286s ]
SQL: SHOW COLUMNS FROM `system` [ RunTime:0.0003s ]
SQL: SELECT * FROM `system` LIMIT 1   [ RunTime:0.0001s ]
SQL: SHOW COLUMNS FROM `user` [ RunTime:0.0003s ]
SQL: SELECT * FROM `user` WHERE `username` = 'seller' AND `password` = 'a7ffb71736912204bc6d615641590450' AND `type` = 'seller' LIMIT 1   [ RunTime:0.0002s ]
SQL: SHOW COLUMNS FROM `goods` [ RunTime:0.0004s ]
SQL: SHOW COLUMNS FROM `shop` [ RunTime:0.0004s ]
SQL: SELECT * FROM `shop` WHERE `user_id` = 435 LIMIT 1   [ RunTime:0.0002s ]
SQL: SELECT COUNT(*) AS tp_count FROM `goods` WHERE `shop_id` = 219 LIMIT 1   [ RunTime:0.0002s ]
SQL: SELECT * FROM `goods` WHERE `shop_id` = 219 LIMIT 0,20   [ RunTime:0.0004s ]
INFO: [ view_parse ] --START--
INFO: [ template_filter ] --START--
INFO: Run Behavior\ContentReplaceBehavior [ RunTime:0.000045s ]
INFO: [ template_filter ] --END-- [ RunTime:0.000065s ]
NOTIC: [8] Undefined index: index /Users/qiaomaoshuang/web/bysj/web/Runtime/Cache/Home/95486ef3286bacb32c0aa62d627535ec.php 第 30 行.
NOTIC: [8] Undefined index: shop /Users/qiaomaoshuang/web/bysj/web/Runtime/Cache/Home/95486ef3286bacb32c0aa62d627535ec.php 第 39 行.
NOTIC: [8] Undefined index: shop_shop /Users/qiaomaoshuang/web/bysj/web/Runtime/Cache/Home/95486ef3286bacb32c0aa62d627535ec.php 第 42 行.
NOTIC: [8] Undefined index: goods_create /Users/qiaomaoshuang/web/bysj/web/Runtime/Cache/Home/95486ef3286bacb32c0aa62d627535ec.php 第 49 行.
NOTIC: [8] Undefined variable: findData /Users/qiaomaoshuang/web/bysj/web/Runtime/Cache/Home/95486ef3286bacb32c0aa62d627535ec.php 第 72 行.
NOTIC: [8] Undefined variable: findData /Users/qiaomaoshuang/web/bysj/web/Runtime/Cache/Home/95486ef3286bacb32c0aa62d627535ec.php 第 75 行.
INFO: Run Behavior\ParseTemplateBehavior [ RunTime:0.003796s ]
INFO: [ view_parse ] --END-- [ RunTime:0.003823s ]
INFO: [ view_filter ] --START--
INFO: Run Behavior\WriteHtmlCacheBehavior [ RunTime:0.000401s ]
INFO: [ view_filter ] --END-- [ RunTime:0.000446s ]
INFO: [ app_end ] --START--
INFO: Run Behavior\ShowPageTraceBehavior [ RunTime:0.000524s ]
INFO: [ app_end ] --END-- [ RunTime:0.000615s ]

[ 2016-02-09T16:46:51+08:00 ] 127.0.0.1 /Home/Seller/goods.html
INFO: [ app_init ] --START--
INFO: Run Behavior\BuildLiteBehavior [ RunTime:0.000006s ]
INFO: [ app_init ] --END-- [ RunTime:0.000152s ]
INFO: [ app_begin ] --START--
INFO: Run Behavior\ReadHtmlCacheBehavior [ RunTime:0.000192s ]
INFO: [ app_begin ] --END-- [ RunTime:0.000211s ]
SQL: SHOW COLUMNS FROM `system` [ RunTime:0.0003s ]
SQL: SELECT * FROM `system` LIMIT 1   [ RunTime:0.0001s ]
SQL: SHOW COLUMNS FROM `user` [ RunTime:0.0003s ]
SQL: SELECT * FROM `user` WHERE `username` = 'seller' AND `password` = 'a7ffb71736912204bc6d615641590450' AND `type` = 'seller' LIMIT 1   [ RunTime:0.0002s ]
SQL: SHOW COLUMNS FROM `goods` [ RunTime:0.0004s ]
SQL: SHOW COLUMNS FROM `shop` [ RunTime:0.0004s ]
SQL: SELECT * FROM `shop` WHERE `user_id` = 435 LIMIT 1   [ RunTime:0.0002s ]
SQL: SELECT COUNT(*) AS tp_count FROM `goods` WHERE `shop_id` = 219 LIMIT 1   [ RunTime:0.0001s ]
SQL: SELECT * FROM `goods` WHERE `shop_id` = 219 LIMIT 0,20   [ RunTime:0.0003s ]
INFO: [ view_parse ] --START--
INFO: [ template_filter ] --START--
INFO: Run Behavior\ContentReplaceBehavior [ RunTime:0.000046s ]
INFO: [ template_filter ] --END-- [ RunTime:0.000070s ]
NOTIC: [8] Undefined index: index /Users/qiaomaoshuang/web/bysj/web/Runtime/Cache/Home/95486ef3286bacb32c0aa62d627535ec.php 第 30 行.
NOTIC: [8] Undefined index: shop /Users/qiaomaoshuang/web/bysj/web/Runtime/Cache/Home/95486ef3286bacb32c0aa62d627535ec.php 第 39 行.
NOTIC: [8] Undefined index: shop_shop /Users/qiaomaoshuang/web/bysj/web/Runtime/Cache/Home/95486ef3286bacb32c0aa62d627535ec.php 第 42 行.
NOTIC: [8] Undefined index: goods_create /Users/qiaomaoshuang/web/bysj/web/Runtime/Cache/Home/95486ef3286bacb32c0aa62d627535ec.php 第 49 行.
NOTIC: [8] Undefined variable: findData /Users/qiaomaoshuang/web/bysj/web/Runtime/Cache/Home/95486ef3286bacb32c0aa62d627535ec.php 第 72 行.
NOTIC: [8] Undefined variable: findData /Users/qiaomaoshuang/web/bysj/web/Runtime/Cache/Home/95486ef3286bacb32c0aa62d627535ec.php 第 75 行.
INFO: Run Behavior\ParseTemplateBehavior [ RunTime:0.005182s ]
INFO: [ view_parse ] --END-- [ RunTime:0.005217s ]
INFO: [ view_filter ] --START--
INFO: Run Behavior\WriteHtmlCacheBehavior [ RunTime:0.000082s ]
INFO: [ view_filter ] --END-- [ RunTime:0.000095s ]
INFO: [ app_end ] --START--
INFO: Run Behavior\ShowPageTraceBehavior [ RunTime:0.000283s ]
INFO: [ app_end ] --END-- [ RunTime:0.000307s ]

[ 2016-02-09T17:01:47+08:00 ] 127.0.0.1 /
INFO: [ app_init ] --START--
INFO: Run Behavior\BuildLiteBehavior [ RunTime:0.000005s ]
INFO: [ app_init ] --END-- [ RunTime:0.000153s ]
INFO: [ app_begin ] --START--
INFO: Run Behavior\ReadHtmlCacheBehavior [ RunTime:0.000194s ]
INFO: [ app_begin ] --END-- [ RunTime:0.000211s ]
INFO: [ app_end ] --START--
INFO: Run Behavior\ShowPageTraceBehavior [ RunTime:0.000278s ]
INFO: [ app_end ] --END-- [ RunTime:0.000310s ]

