[ 2015-12-31T09:29:53+08:00 ] 127.0.0.1 /bysj/m.php
INFO: [ app_init ] --START--
INFO: Run Behavior\BuildLiteBehavior [ RunTime:0.000025s ]
INFO: [ app_init ] --END-- [ RunTime:0.000376s ]
INFO: [ app_begin ] --START--
INFO: Run Behavior\ReadHtmlCacheBehavior [ RunTime:0.000369s ]
INFO: [ app_begin ] --END-- [ RunTime:0.000422s ]
SQL: SHOW COLUMNS FROM `system` [ RunTime:0.0113s ]
SQL: SELECT * FROM `system` LIMIT 1   [ RunTime:0.0029s ]
SQL: SHOW COLUMNS FROM `shop` [ RunTime:0.0122s ]
SQL: SELECT * FROM `shop` WHERE `recommend` = 1 ORDER BY serial LIMIT 3   [ RunTime:0.0080s ]
SQL: SELECT COUNT(*) AS tp_count FROM `shop` LIMIT 1   [ RunTime:0.0034s ]

[ 2015-12-31T09:30:11+08:00 ] 127.0.0.1 /bysj/m.php
INFO: [ app_init ] --START--
INFO: Run Behavior\BuildLiteBehavior [ RunTime:0.000014s ]
INFO: [ app_init ] --END-- [ RunTime:0.000305s ]
INFO: [ app_begin ] --START--
INFO: Run Behavior\ReadHtmlCacheBehavior [ RunTime:0.000310s ]
INFO: [ app_begin ] --END-- [ RunTime:0.000358s ]
SQL: SHOW COLUMNS FROM `system` [ RunTime:0.0026s ]
SQL: SELECT * FROM `system` LIMIT 1   [ RunTime:0.0004s ]
SQL: SHOW COLUMNS FROM `shop` [ RunTime:0.0054s ]
SQL: SELECT * FROM `shop` WHERE `recommend` = 1 ORDER BY serial LIMIT 3   [ RunTime:0.0004s ]
SQL: SELECT COUNT(*) AS tp_count FROM `shop` LIMIT 1   [ RunTime:0.0002s ]

[ 2015-12-31T09:30:18+08:00 ] 127.0.0.1 /bysj/m.php
INFO: [ app_init ] --START--
INFO: Run Behavior\BuildLiteBehavior [ RunTime:0.000008s ]
INFO: [ app_init ] --END-- [ RunTime:0.000222s ]
INFO: [ app_begin ] --START--
INFO: Run Behavior\ReadHtmlCacheBehavior [ RunTime:0.000238s ]
INFO: [ app_begin ] --END-- [ RunTime:0.000269s ]
SQL: SHOW COLUMNS FROM `system` [ RunTime:0.0023s ]
SQL: SELECT * FROM `system` LIMIT 1   [ RunTime:0.0003s ]
SQL: SHOW COLUMNS FROM `shop` [ RunTime:0.0026s ]
SQL: SELECT * FROM `shop` WHERE `recommend` = 1 ORDER BY serial LIMIT 3   [ RunTime:0.0004s ]
SQL: SELECT COUNT(*) AS tp_count FROM `shop` LIMIT 1   [ RunTime:0.0003s ]
SQL: SHOW COLUMNS FROM `goods` [ RunTime:0.0021s ]
SQL: SELECT * FROM `goods` WHERE `recommend` = 1 ORDER BY serial LIMIT 6   [ RunTime:0.0004s ]
SQL: SELECT COUNT(*) AS tp_count FROM `goods` LIMIT 1   [ RunTime:0.0002s ]
INFO: [ view_parse ] --START--
INFO: [ template_filter ] --START--
INFO: Run Behavior\ContentReplaceBehavior [ RunTime:0.000111s ]
INFO: [ template_filter ] --END-- [ RunTime:0.000183s ]
INFO: Run Behavior\ParseTemplateBehavior [ RunTime:0.015257s ]
INFO: [ view_parse ] --END-- [ RunTime:0.015331s ]
INFO: [ view_filter ] --START--
INFO: Run Behavior\WriteHtmlCacheBehavior [ RunTime:0.000105s ]
INFO: [ view_filter ] --END-- [ RunTime:0.000143s ]
INFO: [ app_end ] --START--
INFO: Run Behavior\ShowPageTraceBehavior [ RunTime:0.000292s ]
INFO: [ app_end ] --END-- [ RunTime:0.000324s ]

[ 2015-12-31T09:30:26+08:00 ] 127.0.0.1 /bysj/m.php
INFO: [ app_init ] --START--
INFO: Run Behavior\BuildLiteBehavior [ RunTime:0.000013s ]
INFO: [ app_init ] --END-- [ RunTime:0.000390s ]
INFO: [ app_begin ] --START--
INFO: Run Behavior\ReadHtmlCacheBehavior [ RunTime:0.000408s ]
INFO: [ app_begin ] --END-- [ RunTime:0.000450s ]
SQL: SHOW COLUMNS FROM `system` [ RunTime:0.0020s ]
SQL: SELECT * FROM `system` LIMIT 1   [ RunTime:0.0002s ]
SQL: SHOW COLUMNS FROM `shop` [ RunTime:0.0020s ]
SQL: SELECT * FROM `shop` WHERE `recommend` = 1 ORDER BY serial LIMIT 3   [ RunTime:0.0003s ]
SQL: SELECT COUNT(*) AS tp_count FROM `shop` LIMIT 1   [ RunTime:0.0002s ]
SQL: SHOW COLUMNS FROM `goods` [ RunTime:0.0022s ]
SQL: SELECT * FROM `goods` WHERE `recommend` = 1 ORDER BY serial LIMIT 6   [ RunTime:0.0004s ]
SQL: SELECT COUNT(*) AS tp_count FROM `goods` LIMIT 1   [ RunTime:0.0002s ]
INFO: [ view_parse ] --START--
INFO: [ template_filter ] --START--
INFO: Run Behavior\ContentReplaceBehavior [ RunTime:0.000053s ]
INFO: [ template_filter ] --END-- [ RunTime:0.000097s ]
INFO: Run Behavior\ParseTemplateBehavior [ RunTime:0.008351s ]
INFO: [ view_parse ] --END-- [ RunTime:0.008402s ]
INFO: [ view_filter ] --START--
INFO: Run Behavior\WriteHtmlCacheBehavior [ RunTime:0.000094s ]
INFO: [ view_filter ] --END-- [ RunTime:0.000129s ]
INFO: [ app_end ] --START--
INFO: Run Behavior\ShowPageTraceBehavior [ RunTime:0.000290s ]
INFO: [ app_end ] --END-- [ RunTime:0.000319s ]

[ 2015-12-31T09:30:36+08:00 ] 127.0.0.1 /bysj/m.php
INFO: [ app_init ] --START--
INFO: Run Behavior\BuildLiteBehavior [ RunTime:0.000008s ]
INFO: [ app_init ] --END-- [ RunTime:0.000204s ]
INFO: [ app_begin ] --START--
INFO: Run Behavior\ReadHtmlCacheBehavior [ RunTime:0.000258s ]
INFO: [ app_begin ] --END-- [ RunTime:0.000290s ]
SQL: SHOW COLUMNS FROM `system` [ RunTime:0.0020s ]
SQL: SELECT * FROM `system` LIMIT 1   [ RunTime:0.0003s ]
SQL: SHOW COLUMNS FROM `shop` [ RunTime:0.0025s ]
SQL: SELECT * FROM `shop` WHERE `recommend` = 1 ORDER BY serial LIMIT 3   [ RunTime:0.0004s ]
SQL: SELECT COUNT(*) AS tp_count FROM `shop` LIMIT 1   [ RunTime:0.0003s ]
SQL: SHOW COLUMNS FROM `goods` [ RunTime:0.0024s ]
SQL: SELECT * FROM `goods` WHERE `recommend` = 1 ORDER BY serial LIMIT 6   [ RunTime:0.0005s ]
SQL: SELECT COUNT(*) AS tp_count FROM `goods` LIMIT 1   [ RunTime:0.0003s ]
INFO: [ view_parse ] --START--
INFO: [ template_filter ] --START--
INFO: Run Behavior\ContentReplaceBehavior [ RunTime:0.000099s ]
INFO: [ template_filter ] --END-- [ RunTime:0.000178s ]
INFO: Run Behavior\ParseTemplateBehavior [ RunTime:0.012822s ]
INFO: [ view_parse ] --END-- [ RunTime:0.012930s ]
INFO: [ view_filter ] --START--
INFO: Run Behavior\WriteHtmlCacheBehavior [ RunTime:0.000127s ]
INFO: [ view_filter ] --END-- [ RunTime:0.000170s ]
INFO: [ app_end ] --START--
INFO: Run Behavior\ShowPageTraceBehavior [ RunTime:0.000375s ]
INFO: [ app_end ] --END-- [ RunTime:0.000412s ]

[ 2015-12-31T09:30:53+08:00 ] 127.0.0.1 /bysj/m.php
INFO: [ app_init ] --START--
INFO: Run Behavior\BuildLiteBehavior [ RunTime:0.000008s ]
INFO: [ app_init ] --END-- [ RunTime:0.000205s ]
INFO: [ app_begin ] --START--
INFO: Run Behavior\ReadHtmlCacheBehavior [ RunTime:0.000261s ]
INFO: [ app_begin ] --END-- [ RunTime:0.000293s ]
SQL: SHOW COLUMNS FROM `system` [ RunTime:0.0020s ]
SQL: SELECT * FROM `system` LIMIT 1   [ RunTime:0.0002s ]
SQL: SHOW COLUMNS FROM `shop` [ RunTime:0.0023s ]
SQL: SELECT * FROM `shop` WHERE `recommend` = 1 ORDER BY serial LIMIT 3   [ RunTime:0.0003s ]
SQL: SELECT COUNT(*) AS tp_count FROM `shop` LIMIT 1   [ RunTime:0.0002s ]
SQL: SHOW COLUMNS FROM `goods` [ RunTime:0.0034s ]
SQL: SELECT * FROM `goods` WHERE `recommend` = 1 ORDER BY serial LIMIT 6   [ RunTime:0.0004s ]
SQL: SELECT COUNT(*) AS tp_count FROM `goods` LIMIT 1   [ RunTime:0.0003s ]
INFO: [ view_parse ] --START--
INFO: [ template_filter ] --START--
INFO: Run Behavior\ContentReplaceBehavior [ RunTime:0.000043s ]
INFO: [ template_filter ] --END-- [ RunTime:0.000083s ]
INFO: Run Behavior\ParseTemplateBehavior [ RunTime:0.006913s ]
INFO: [ view_parse ] --END-- [ RunTime:0.006969s ]
INFO: [ view_filter ] --START--
INFO: Run Behavior\WriteHtmlCacheBehavior [ RunTime:0.000175s ]
INFO: [ view_filter ] --END-- [ RunTime:0.000239s ]
INFO: [ app_end ] --START--
INFO: Run Behavior\ShowPageTraceBehavior [ RunTime:0.000504s ]
INFO: [ app_end ] --END-- [ RunTime:0.000556s ]

[ 2015-12-31T10:08:55+08:00 ] 127.0.0.1 /m.php
INFO: [ app_init ] --START--
INFO: Run Behavior\BuildLiteBehavior [ RunTime:0.000009s ]
INFO: [ app_init ] --END-- [ RunTime:0.000200s ]
INFO: [ app_begin ] --START--
INFO: Run Behavior\ReadHtmlCacheBehavior [ RunTime:0.000243s ]
INFO: [ app_begin ] --END-- [ RunTime:0.000274s ]
SQL: SHOW COLUMNS FROM `system` [ RunTime:0.0022s ]
SQL: SELECT * FROM `system` LIMIT 1   [ RunTime:0.0003s ]
SQL: SHOW COLUMNS FROM `shop` [ RunTime:0.0024s ]
SQL: SELECT * FROM `shop` WHERE `recommend` = 1 ORDER BY serial LIMIT 3   [ RunTime:0.0003s ]
SQL: SELECT COUNT(*) AS tp_count FROM `shop` LIMIT 1   [ RunTime:0.0002s ]
SQL: SHOW COLUMNS FROM `goods` [ RunTime:0.0035s ]
SQL: SELECT * FROM `goods` WHERE `recommend` = 1 ORDER BY serial LIMIT 6   [ RunTime:0.0005s ]
SQL: SELECT COUNT(*) AS tp_count FROM `goods` LIMIT 1   [ RunTime:0.0002s ]
INFO: [ view_parse ] --START--
INFO: [ template_filter ] --START--
INFO: Run Behavior\ContentReplaceBehavior [ RunTime:0.000045s ]
INFO: [ template_filter ] --END-- [ RunTime:0.000124s ]
INFO: Run Behavior\ParseTemplateBehavior [ RunTime:0.006605s ]
INFO: [ view_parse ] --END-- [ RunTime:0.006652s ]
INFO: [ view_filter ] --START--
INFO: Run Behavior\WriteHtmlCacheBehavior [ RunTime:0.000105s ]
INFO: [ view_filter ] --END-- [ RunTime:0.000132s ]
INFO: [ app_end ] --START--
INFO: Run Behavior\ShowPageTraceBehavior [ RunTime:0.000288s ]
INFO: [ app_end ] --END-- [ RunTime:0.000318s ]

[ 2015-12-31T10:10:20+08:00 ] 127.0.0.1 /m.php
INFO: [ app_init ] --START--
INFO: Run Behavior\BuildLiteBehavior [ RunTime:0.000011s ]
INFO: [ app_init ] --END-- [ RunTime:0.000246s ]
INFO: [ app_begin ] --START--
INFO: Run Behavior\ReadHtmlCacheBehavior [ RunTime:0.000269s ]
INFO: [ app_begin ] --END-- [ RunTime:0.000303s ]
SQL: SHOW COLUMNS FROM `system` [ RunTime:0.0022s ]
SQL: SELECT * FROM `system` LIMIT 1   [ RunTime:0.0002s ]
SQL: SHOW COLUMNS FROM `shop` [ RunTime:0.0020s ]
SQL: SELECT * FROM `shop` WHERE `recommend` = 1 ORDER BY serial LIMIT 3   [ RunTime:0.0003s ]
SQL: SELECT COUNT(*) AS tp_count FROM `shop` LIMIT 1   [ RunTime:0.0002s ]
SQL: SHOW COLUMNS FROM `goods` [ RunTime:0.0028s ]
SQL: SELECT * FROM `goods` WHERE `recommend` = 1 ORDER BY serial LIMIT 6   [ RunTime:0.0005s ]
SQL: SELECT COUNT(*) AS tp_count FROM `goods` LIMIT 1   [ RunTime:0.0003s ]
INFO: [ view_parse ] --START--
INFO: [ template_filter ] --START--
INFO: Run Behavior\ContentReplaceBehavior [ RunTime:0.000046s ]
INFO: [ template_filter ] --END-- [ RunTime:0.000094s ]
INFO: Run Behavior\ParseTemplateBehavior [ RunTime:0.006903s ]
INFO: [ view_parse ] --END-- [ RunTime:0.006957s ]
INFO: [ view_filter ] --START--
INFO: Run Behavior\WriteHtmlCacheBehavior [ RunTime:0.000104s ]
INFO: [ view_filter ] --END-- [ RunTime:0.000130s ]
INFO: [ app_end ] --START--
INFO: Run Behavior\ShowPageTraceBehavior [ RunTime:0.000270s ]
INFO: [ app_end ] --END-- [ RunTime:0.000298s ]

[ 2015-12-31T10:10:46+08:00 ] 127.0.0.1 /m.php
INFO: [ app_init ] --START--
INFO: Run Behavior\BuildLiteBehavior [ RunTime:0.000008s ]
INFO: [ app_init ] --END-- [ RunTime:0.000196s ]
INFO: [ app_begin ] --START--
INFO: Run Behavior\ReadHtmlCacheBehavior [ RunTime:0.000288s ]
INFO: [ app_begin ] --END-- [ RunTime:0.000326s ]
SQL: SHOW COLUMNS FROM `system` [ RunTime:0.0018s ]
SQL: SELECT * FROM `system` LIMIT 1   [ RunTime:0.0002s ]
SQL: SHOW COLUMNS FROM `shop` [ RunTime:0.0022s ]
SQL: SELECT * FROM `shop` WHERE `recommend` = 1 ORDER BY serial LIMIT 3   [ RunTime:0.0003s ]
SQL: SELECT COUNT(*) AS tp_count FROM `shop` LIMIT 1   [ RunTime:0.0002s ]
SQL: SHOW COLUMNS FROM `goods` [ RunTime:0.0021s ]
SQL: SELECT * FROM `goods` WHERE `recommend` = 1 ORDER BY serial LIMIT 6   [ RunTime:0.0003s ]
SQL: SELECT COUNT(*) AS tp_count FROM `goods` LIMIT 1   [ RunTime:0.0002s ]
INFO: [ view_parse ] --START--
INFO: [ template_filter ] --START--
INFO: Run Behavior\ContentReplaceBehavior [ RunTime:0.000039s ]
INFO: [ template_filter ] --END-- [ RunTime:0.000080s ]
INFO: Run Behavior\ParseTemplateBehavior [ RunTime:0.006162s ]
INFO: [ view_parse ] --END-- [ RunTime:0.006201s ]
INFO: [ view_filter ] --START--
INFO: Run Behavior\WriteHtmlCacheBehavior [ RunTime:0.000097s ]
INFO: [ view_filter ] --END-- [ RunTime:0.000122s ]
INFO: [ app_end ] --START--
INFO: Run Behavior\ShowPageTraceBehavior [ RunTime:0.000257s ]
INFO: [ app_end ] --END-- [ RunTime:0.000285s ]

[ 2015-12-31T10:10:46+08:00 ] 127.0.0.1 /m.php
INFO: [ app_init ] --START--
INFO: Run Behavior\BuildLiteBehavior [ RunTime:0.000014s ]
INFO: [ app_init ] --END-- [ RunTime:0.000273s ]
INFO: [ app_begin ] --START--
INFO: Run Behavior\ReadHtmlCacheBehavior [ RunTime:0.000418s ]
INFO: [ app_begin ] --END-- [ RunTime:0.000468s ]
SQL: SHOW COLUMNS FROM `system` [ RunTime:0.0025s ]
SQL: SELECT * FROM `system` LIMIT 1   [ RunTime:0.0004s ]
SQL: SHOW COLUMNS FROM `shop` [ RunTime:0.0024s ]
SQL: SELECT * FROM `shop` WHERE `recommend` = 1 ORDER BY serial LIMIT 3   [ RunTime:0.0003s ]
SQL: SELECT COUNT(*) AS tp_count FROM `shop` LIMIT 1   [ RunTime:0.0002s ]
SQL: SHOW COLUMNS FROM `goods` [ RunTime:0.0021s ]
SQL: SELECT * FROM `goods` WHERE `recommend` = 1 ORDER BY serial LIMIT 6   [ RunTime:0.0003s ]
SQL: SELECT COUNT(*) AS tp_count FROM `goods` LIMIT 1   [ RunTime:0.0002s ]
INFO: [ view_parse ] --START--
INFO: [ template_filter ] --START--
INFO: Run Behavior\ContentReplaceBehavior [ RunTime:0.000038s ]
INFO: [ template_filter ] --END-- [ RunTime:0.000076s ]
INFO: Run Behavior\ParseTemplateBehavior [ RunTime:0.006385s ]
INFO: [ view_parse ] --END-- [ RunTime:0.006468s ]
INFO: [ view_filter ] --START--
INFO: Run Behavior\WriteHtmlCacheBehavior [ RunTime:0.000238s ]
INFO: [ view_filter ] --END-- [ RunTime:0.000304s ]
INFO: [ app_end ] --START--
INFO: Run Behavior\ShowPageTraceBehavior [ RunTime:0.000525s ]
INFO: [ app_end ] --END-- [ RunTime:0.000567s ]

[ 2015-12-31T10:12:59+08:00 ] 127.0.0.1 /
INFO: [ app_init ] --START--
INFO: Run Behavior\BuildLiteBehavior [ RunTime:0.000008s ]
INFO: [ app_init ] --END-- [ RunTime:0.000193s ]
INFO: [ app_begin ] --START--
INFO: Run Behavior\ReadHtmlCacheBehavior [ RunTime:0.000310s ]
INFO: [ app_begin ] --END-- [ RunTime:0.000349s ]
SQL: SHOW COLUMNS FROM `system` [ RunTime:0.0020s ]
SQL: SELECT * FROM `system` LIMIT 1   [ RunTime:0.0020s ]
SQL: SHOW COLUMNS FROM `shop` [ RunTime:0.0021s ]
SQL: SELECT * FROM `shop` WHERE `recommend` = 1 ORDER BY serial LIMIT 3   [ RunTime:0.0003s ]
SQL: SELECT COUNT(*) AS tp_count FROM `shop` LIMIT 1   [ RunTime:0.0002s ]
SQL: SHOW COLUMNS FROM `goods` [ RunTime:0.0019s ]
SQL: SELECT * FROM `goods` WHERE `recommend` = 1 ORDER BY serial LIMIT 6   [ RunTime:0.0003s ]
SQL: SELECT COUNT(*) AS tp_count FROM `goods` LIMIT 1   [ RunTime:0.0002s ]
INFO: [ view_parse ] --START--
INFO: [ template_filter ] --START--
INFO: Run Behavior\ContentReplaceBehavior [ RunTime:0.000038s ]
INFO: [ template_filter ] --END-- [ RunTime:0.000080s ]
INFO: Run Behavior\ParseTemplateBehavior [ RunTime:0.006299s ]
INFO: [ view_parse ] --END-- [ RunTime:0.006342s ]
INFO: [ view_filter ] --START--
INFO: Run Behavior\WriteHtmlCacheBehavior [ RunTime:0.000097s ]
INFO: [ view_filter ] --END-- [ RunTime:0.000122s ]
INFO: [ app_end ] --START--
INFO: Run Behavior\ShowPageTraceBehavior [ RunTime:0.000377s ]
INFO: [ app_end ] --END-- [ RunTime:0.000408s ]

[ 2015-12-31T10:13:00+08:00 ] 127.0.0.1 /Home/Index/shop/id/1
INFO: [ app_init ] --START--
INFO: Run Behavior\BuildLiteBehavior [ RunTime:0.000008s ]
INFO: [ app_init ] --END-- [ RunTime:0.000203s ]
INFO: [ app_begin ] --START--
INFO: Run Behavior\ReadHtmlCacheBehavior [ RunTime:0.000253s ]
INFO: [ app_begin ] --END-- [ RunTime:0.000286s ]
SQL: SHOW COLUMNS FROM `shop` [ RunTime:0.0023s ]
SQL: SELECT * FROM `shop` WHERE `id` = 1 LIMIT 1   [ RunTime:0.0003s ]
SQL: SHOW COLUMNS FROM `goods` [ RunTime:0.0021s ]
SQL: SELECT * FROM `goods` WHERE `shop_id` = 1 ORDER BY serial  [ RunTime:0.0004s ]
INFO: [ view_parse ] --START--
INFO: [ template_filter ] --START--
INFO: Run Behavior\ContentReplaceBehavior [ RunTime:0.000030s ]
INFO: [ template_filter ] --END-- [ RunTime:0.000064s ]
NOTIC: [8] Undefined variable: system /lnmp/www/bysj/wap/Runtime/Cache/Home/7da8cd074a2dc76b43a9c1111c6bb174.php 第 7 行.
INFO: Run Behavior\ParseTemplateBehavior [ RunTime:0.004348s ]
INFO: [ view_parse ] --END-- [ RunTime:0.004380s ]
INFO: [ view_filter ] --START--
INFO: Run Behavior\WriteHtmlCacheBehavior [ RunTime:0.000091s ]
INFO: [ view_filter ] --END-- [ RunTime:0.000114s ]
INFO: [ app_end ] --START--
INFO: Run Behavior\ShowPageTraceBehavior [ RunTime:0.000254s ]
INFO: [ app_end ] --END-- [ RunTime:0.000282s ]

[ 2015-12-31T10:13:02+08:00 ] 127.0.0.1 /Home/Index/shop
INFO: [ app_init ] --START--
INFO: Run Behavior\BuildLiteBehavior [ RunTime:0.000009s ]
INFO: [ app_init ] --END-- [ RunTime:0.000207s ]
INFO: [ app_begin ] --START--
INFO: Run Behavior\ReadHtmlCacheBehavior [ RunTime:0.000256s ]
INFO: [ app_begin ] --END-- [ RunTime:0.000288s ]
SQL: SHOW COLUMNS FROM `shop` [ RunTime:0.0019s ]
SQL: SELECT * FROM `shop` ORDER BY serial  [ RunTime:0.0003s ]
INFO: [ view_parse ] --START--
INFO: [ template_filter ] --START--
INFO: Run Behavior\ContentReplaceBehavior [ RunTime:0.000027s ]
INFO: [ template_filter ] --END-- [ RunTime:0.000063s ]
NOTIC: [8] Undefined variable: system /lnmp/www/bysj/wap/Runtime/Cache/Home/a751068462e71876fa06f9c8a86779db.php 第 7 行.
INFO: Run Behavior\ParseTemplateBehavior [ RunTime:0.003948s ]
INFO: [ view_parse ] --END-- [ RunTime:0.003995s ]
INFO: [ view_filter ] --START--
INFO: Run Behavior\WriteHtmlCacheBehavior [ RunTime:0.000147s ]
INFO: [ view_filter ] --END-- [ RunTime:0.000189s ]
INFO: [ app_end ] --START--
INFO: Run Behavior\ShowPageTraceBehavior [ RunTime:0.000691s ]
INFO: [ app_end ] --END-- [ RunTime:0.000743s ]

[ 2015-12-31T10:13:06+08:00 ] 127.0.0.1 /Home/Index/user
INFO: [ app_init ] --START--
INFO: Run Behavior\BuildLiteBehavior [ RunTime:0.000008s ]
INFO: [ app_init ] --END-- [ RunTime:0.000200s ]
INFO: [ app_begin ] --START--
INFO: Run Behavior\ReadHtmlCacheBehavior [ RunTime:0.000252s ]
INFO: [ app_begin ] --END-- [ RunTime:0.000285s ]
INFO: [ view_parse ] --START--
INFO: [ template_filter ] --START--
INFO: Run Behavior\ContentReplaceBehavior [ RunTime:0.000029s ]
INFO: [ template_filter ] --END-- [ RunTime:0.000069s ]
NOTIC: [8] Undefined variable: system /lnmp/www/bysj/wap/Runtime/Cache/Home/9723bf0a517b49d192c278b658f02fbe.php 第 7 行.
INFO: Run Behavior\ParseTemplateBehavior [ RunTime:0.004958s ]
INFO: [ view_parse ] --END-- [ RunTime:0.004995s ]
INFO: [ view_filter ] --START--
INFO: Run Behavior\WriteHtmlCacheBehavior [ RunTime:0.000102s ]
INFO: [ view_filter ] --END-- [ RunTime:0.000127s ]
INFO: [ app_end ] --START--
INFO: Run Behavior\ShowPageTraceBehavior [ RunTime:0.000286s ]
INFO: [ app_end ] --END-- [ RunTime:0.000318s ]

[ 2015-12-31T10:13:08+08:00 ] 127.0.0.1 /Home/Index
INFO: [ app_init ] --START--
INFO: Run Behavior\BuildLiteBehavior [ RunTime:0.000008s ]
INFO: [ app_init ] --END-- [ RunTime:0.000197s ]
INFO: [ app_begin ] --START--
INFO: Run Behavior\ReadHtmlCacheBehavior [ RunTime:0.000242s ]
INFO: [ app_begin ] --END-- [ RunTime:0.000274s ]
SQL: SHOW COLUMNS FROM `system` [ RunTime:0.0023s ]
SQL: SELECT * FROM `system` LIMIT 1   [ RunTime:0.0002s ]
SQL: SHOW COLUMNS FROM `shop` [ RunTime:0.0022s ]
SQL: SELECT * FROM `shop` WHERE `recommend` = 1 ORDER BY serial LIMIT 3   [ RunTime:0.0003s ]
SQL: SELECT COUNT(*) AS tp_count FROM `shop` LIMIT 1   [ RunTime:0.0002s ]
SQL: SHOW COLUMNS FROM `goods` [ RunTime:0.0022s ]
SQL: SELECT * FROM `goods` WHERE `recommend` = 1 ORDER BY serial LIMIT 6   [ RunTime:0.0003s ]
SQL: SELECT COUNT(*) AS tp_count FROM `goods` LIMIT 1   [ RunTime:0.0002s ]
INFO: [ view_parse ] --START--
INFO: [ template_filter ] --START--
INFO: Run Behavior\ContentReplaceBehavior [ RunTime:0.000042s ]
INFO: [ template_filter ] --END-- [ RunTime:0.000091s ]
INFO: Run Behavior\ParseTemplateBehavior [ RunTime:0.006338s ]
INFO: [ view_parse ] --END-- [ RunTime:0.006383s ]
INFO: [ view_filter ] --START--
INFO: Run Behavior\WriteHtmlCacheBehavior [ RunTime:0.000101s ]
INFO: [ view_filter ] --END-- [ RunTime:0.000126s ]
INFO: [ app_end ] --START--
INFO: Run Behavior\ShowPageTraceBehavior [ RunTime:0.000261s ]
INFO: [ app_end ] --END-- [ RunTime:0.000289s ]

[ 2015-12-31T10:13:10+08:00 ] 127.0.0.1 /Home/Index/shop/id/1
INFO: [ app_init ] --START--
INFO: Run Behavior\BuildLiteBehavior [ RunTime:0.000012s ]
INFO: [ app_init ] --END-- [ RunTime:0.000236s ]
INFO: [ app_begin ] --START--
INFO: Run Behavior\ReadHtmlCacheBehavior [ RunTime:0.000314s ]
INFO: [ app_begin ] --END-- [ RunTime:0.000356s ]
SQL: SHOW COLUMNS FROM `shop` [ RunTime:0.0022s ]
SQL: SELECT * FROM `shop` WHERE `id` = 1 LIMIT 1   [ RunTime:0.0003s ]
SQL: SHOW COLUMNS FROM `goods` [ RunTime:0.0020s ]
SQL: SELECT * FROM `goods` WHERE `shop_id` = 1 ORDER BY serial  [ RunTime:0.0003s ]
INFO: [ view_parse ] --START--
INFO: [ template_filter ] --START--
INFO: Run Behavior\ContentReplaceBehavior [ RunTime:0.000031s ]
INFO: [ template_filter ] --END-- [ RunTime:0.000068s ]
NOTIC: [8] Undefined variable: system /lnmp/www/bysj/wap/Runtime/Cache/Home/7da8cd074a2dc76b43a9c1111c6bb174.php 第 7 行.
INFO: Run Behavior\ParseTemplateBehavior [ RunTime:0.004763s ]
INFO: [ view_parse ] --END-- [ RunTime:0.004795s ]
INFO: [ view_filter ] --START--
INFO: Run Behavior\WriteHtmlCacheBehavior [ RunTime:0.000093s ]
INFO: [ view_filter ] --END-- [ RunTime:0.000118s ]
INFO: [ app_end ] --START--
INFO: Run Behavior\ShowPageTraceBehavior [ RunTime:0.000259s ]
INFO: [ app_end ] --END-- [ RunTime:0.000287s ]

[ 2015-12-31T10:13:22+08:00 ] 127.0.0.1 /Home/Index
INFO: [ app_init ] --START--
INFO: Run Behavior\BuildLiteBehavior [ RunTime:0.000008s ]
INFO: [ app_init ] --END-- [ RunTime:0.000200s ]
INFO: [ app_begin ] --START--
INFO: Run Behavior\ReadHtmlCacheBehavior [ RunTime:0.000253s ]
INFO: [ app_begin ] --END-- [ RunTime:0.000285s ]
SQL: SHOW COLUMNS FROM `system` [ RunTime:0.0020s ]
SQL: SELECT * FROM `system` LIMIT 1   [ RunTime:0.0003s ]
SQL: SHOW COLUMNS FROM `shop` [ RunTime:0.0032s ]
SQL: SELECT * FROM `shop` WHERE `recommend` = 1 ORDER BY serial LIMIT 3   [ RunTime:0.0003s ]
SQL: SELECT COUNT(*) AS tp_count FROM `shop` LIMIT 1   [ RunTime:0.0002s ]
SQL: SHOW COLUMNS FROM `goods` [ RunTime:0.0022s ]
SQL: SELECT * FROM `goods` WHERE `recommend` = 1 ORDER BY serial LIMIT 6   [ RunTime:0.0003s ]
SQL: SELECT COUNT(*) AS tp_count FROM `goods` LIMIT 1   [ RunTime:0.0003s ]
INFO: [ view_parse ] --START--
INFO: [ template_filter ] --START--
INFO: Run Behavior\ContentReplaceBehavior [ RunTime:0.000042s ]
INFO: [ template_filter ] --END-- [ RunTime:0.000084s ]
INFO: Run Behavior\ParseTemplateBehavior [ RunTime:0.006711s ]
INFO: [ view_parse ] --END-- [ RunTime:0.006751s ]
INFO: [ view_filter ] --START--
INFO: Run Behavior\WriteHtmlCacheBehavior [ RunTime:0.000102s ]
INFO: [ view_filter ] --END-- [ RunTime:0.000128s ]
INFO: [ app_end ] --START--
INFO: Run Behavior\ShowPageTraceBehavior [ RunTime:0.000277s ]
INFO: [ app_end ] --END-- [ RunTime:0.000306s ]

[ 2015-12-31T10:13:23+08:00 ] 127.0.0.1 /Home/Index/shop
INFO: [ app_init ] --START--
INFO: Run Behavior\BuildLiteBehavior [ RunTime:0.000009s ]
INFO: [ app_init ] --END-- [ RunTime:0.000210s ]
INFO: [ app_begin ] --START--
INFO: Run Behavior\ReadHtmlCacheBehavior [ RunTime:0.000253s ]
INFO: [ app_begin ] --END-- [ RunTime:0.000286s ]
SQL: SHOW COLUMNS FROM `shop` [ RunTime:0.0034s ]
SQL: SELECT * FROM `shop` ORDER BY serial  [ RunTime:0.0003s ]
INFO: [ view_parse ] --START--
INFO: [ template_filter ] --START--
INFO: Run Behavior\ContentReplaceBehavior [ RunTime:0.000029s ]
INFO: [ template_filter ] --END-- [ RunTime:0.000069s ]
NOTIC: [8] Undefined variable: system /lnmp/www/bysj/wap/Runtime/Cache/Home/a751068462e71876fa06f9c8a86779db.php 第 7 行.
INFO: Run Behavior\ParseTemplateBehavior [ RunTime:0.004040s ]
INFO: [ view_parse ] --END-- [ RunTime:0.004074s ]
INFO: [ view_filter ] --START--
INFO: Run Behavior\WriteHtmlCacheBehavior [ RunTime:0.000132s ]
INFO: [ view_filter ] --END-- [ RunTime:0.000168s ]
INFO: [ app_end ] --START--
INFO: Run Behavior\ShowPageTraceBehavior [ RunTime:0.000446s ]
INFO: [ app_end ] --END-- [ RunTime:0.000497s ]

[ 2015-12-31T10:13:33+08:00 ] 127.0.0.1 /Home/Index/shop
INFO: [ app_init ] --START--
INFO: Run Behavior\BuildLiteBehavior [ RunTime:0.000009s ]
INFO: [ app_init ] --END-- [ RunTime:0.000195s ]
INFO: [ app_begin ] --START--
INFO: Run Behavior\ReadHtmlCacheBehavior [ RunTime:0.000242s ]
INFO: [ app_begin ] --END-- [ RunTime:0.000273s ]
SQL: SHOW COLUMNS FROM `shop` [ RunTime:0.0024s ]
SQL: SELECT * FROM `shop` ORDER BY serial  [ RunTime:0.0004s ]
INFO: [ view_parse ] --START--
INFO: [ template_filter ] --START--
INFO: Run Behavior\ContentReplaceBehavior [ RunTime:0.000028s ]
INFO: [ template_filter ] --END-- [ RunTime:0.000067s ]
NOTIC: [8] Undefined variable: system /lnmp/www/bysj/wap/Runtime/Cache/Home/a751068462e71876fa06f9c8a86779db.php 第 7 行.
INFO: Run Behavior\ParseTemplateBehavior [ RunTime:0.003887s ]
INFO: [ view_parse ] --END-- [ RunTime:0.003919s ]
INFO: [ view_filter ] --START--
INFO: Run Behavior\WriteHtmlCacheBehavior [ RunTime:0.000093s ]
INFO: [ view_filter ] --END-- [ RunTime:0.000119s ]
INFO: [ app_end ] --START--
INFO: Run Behavior\ShowPageTraceBehavior [ RunTime:0.000435s ]
INFO: [ app_end ] --END-- [ RunTime:0.000476s ]

[ 2015-12-31T10:13:35+08:00 ] 127.0.0.1 /Home/Index
INFO: [ app_init ] --START--
INFO: Run Behavior\BuildLiteBehavior [ RunTime:0.000008s ]
INFO: [ app_init ] --END-- [ RunTime:0.000202s ]
INFO: [ app_begin ] --START--
INFO: Run Behavior\ReadHtmlCacheBehavior [ RunTime:0.000255s ]
INFO: [ app_begin ] --END-- [ RunTime:0.000287s ]
SQL: SHOW COLUMNS FROM `system` [ RunTime:0.0020s ]
SQL: SELECT * FROM `system` LIMIT 1   [ RunTime:0.0002s ]
SQL: SHOW COLUMNS FROM `shop` [ RunTime:0.0022s ]
SQL: SELECT * FROM `shop` WHERE `recommend` = 1 ORDER BY serial LIMIT 3   [ RunTime:0.0004s ]
SQL: SELECT COUNT(*) AS tp_count FROM `shop` LIMIT 1   [ RunTime:0.0002s ]
SQL: SHOW COLUMNS FROM `goods` [ RunTime:0.0023s ]
SQL: SELECT * FROM `goods` WHERE `recommend` = 1 ORDER BY serial LIMIT 6   [ RunTime:0.0004s ]
SQL: SELECT COUNT(*) AS tp_count FROM `goods` LIMIT 1   [ RunTime:0.0003s ]
INFO: [ view_parse ] --START--
INFO: [ template_filter ] --START--
INFO: Run Behavior\ContentReplaceBehavior [ RunTime:0.000041s ]
INFO: [ template_filter ] --END-- [ RunTime:0.000085s ]
INFO: Run Behavior\ParseTemplateBehavior [ RunTime:0.007413s ]
INFO: [ view_parse ] --END-- [ RunTime:0.007462s ]
INFO: [ view_filter ] --START--
INFO: Run Behavior\WriteHtmlCacheBehavior [ RunTime:0.000099s ]
INFO: [ view_filter ] --END-- [ RunTime:0.000124s ]
INFO: [ app_end ] --START--
INFO: Run Behavior\ShowPageTraceBehavior [ RunTime:0.000265s ]
INFO: [ app_end ] --END-- [ RunTime:0.000293s ]

[ 2015-12-31T10:13:38+08:00 ] 127.0.0.1 /Home/Index/goods/id/1
INFO: [ app_init ] --START--
INFO: Run Behavior\BuildLiteBehavior [ RunTime:0.000008s ]
INFO: [ app_init ] --END-- [ RunTime:0.000200s ]
INFO: [ app_begin ] --START--
INFO: Run Behavior\ReadHtmlCacheBehavior [ RunTime:0.000273s ]
INFO: [ app_begin ] --END-- [ RunTime:0.000311s ]
SQL: SHOW COLUMNS FROM `goods` [ RunTime:0.0034s ]
SQL: SELECT * FROM `goods` WHERE `id` = 1 ORDER BY serial LIMIT 1   [ RunTime:0.0003s ]
SQL: SHOW COLUMNS FROM `shop` [ RunTime:0.0021s ]
SQL: SHOW COLUMNS FROM `goods` [ RunTime:0.0022s ]
SQL: SELECT * FROM `goods` LIMIT 1   [ RunTime:0.0003s ]
SQL: SELECT * FROM `shop` WHERE `id` = 1 LIMIT 1   [ RunTime:0.0003s ]
SQL: SHOW COLUMNS FROM `goods_comment` [ RunTime:0.0034s ]
SQL: SELECT * FROM `goods_comment` WHERE `goods_id` = 1 ORDER BY id desc  [ RunTime:0.0004s ]
SQL: SHOW COLUMNS FROM `goods` [ RunTime:0.0023s ]
SQL: SELECT * FROM `goods` WHERE ( 1=1 AND id='1' ) LIMIT 1   [ RunTime:0.0004s ]
SQL: SHOW COLUMNS FROM `user` [ RunTime:0.0027s ]
ERR: 1054:Unknown column 'goodscomment_id' in 'where clause'
 [ SQL语句 ] : SELECT * FROM `user` WHERE ( 1=1 AND goodscomment_id='2' ) LIMIT 1  
ERR: 1054:Unknown column 'goodscomment_id' in 'where clause'
 [ SQL语句 ] : SELECT * FROM `user` WHERE ( 1=1 AND goodscomment_id='2' ) LIMIT 1  

[ 2015-12-31T10:13:40+08:00 ] 127.0.0.1 /Home/Index/goods/id/1
INFO: [ app_init ] --START--
INFO: Run Behavior\BuildLiteBehavior [ RunTime:0.000008s ]
INFO: [ app_init ] --END-- [ RunTime:0.000201s ]
INFO: [ app_begin ] --START--
INFO: Run Behavior\ReadHtmlCacheBehavior [ RunTime:0.000250s ]
INFO: [ app_begin ] --END-- [ RunTime:0.000283s ]
SQL: SHOW COLUMNS FROM `goods` [ RunTime:0.0021s ]
SQL: SELECT * FROM `goods` WHERE `id` = 1 ORDER BY serial LIMIT 1   [ RunTime:0.0003s ]
SQL: SHOW COLUMNS FROM `shop` [ RunTime:0.0023s ]
SQL: SHOW COLUMNS FROM `goods` [ RunTime:0.0023s ]
SQL: SELECT * FROM `goods` LIMIT 1   [ RunTime:0.0003s ]
SQL: SELECT * FROM `shop` WHERE `id` = 1 LIMIT 1   [ RunTime:0.0002s ]
SQL: SHOW COLUMNS FROM `goods_comment` [ RunTime:0.0027s ]
SQL: SELECT * FROM `goods_comment` WHERE `goods_id` = 1 ORDER BY id desc  [ RunTime:0.0002s ]
SQL: SHOW COLUMNS FROM `goods` [ RunTime:0.0018s ]
SQL: SELECT * FROM `goods` WHERE ( 1=1 AND id='1' ) LIMIT 1   [ RunTime:0.0003s ]
SQL: SHOW COLUMNS FROM `user` [ RunTime:0.0021s ]
ERR: 1054:Unknown column 'goodscomment_id' in 'where clause'
 [ SQL语句 ] : SELECT * FROM `user` WHERE ( 1=1 AND goodscomment_id='2' ) LIMIT 1  
ERR: 1054:Unknown column 'goodscomment_id' in 'where clause'
 [ SQL语句 ] : SELECT * FROM `user` WHERE ( 1=1 AND goodscomment_id='2' ) LIMIT 1  

[ 2015-12-31T10:13:42+08:00 ] 127.0.0.1 /Home/Index/goods/id/1
INFO: [ app_init ] --START--
INFO: Run Behavior\BuildLiteBehavior [ RunTime:0.000014s ]
INFO: [ app_init ] --END-- [ RunTime:0.000273s ]
INFO: [ app_begin ] --START--
INFO: Run Behavior\ReadHtmlCacheBehavior [ RunTime:0.000273s ]
INFO: [ app_begin ] --END-- [ RunTime:0.000307s ]
SQL: SHOW COLUMNS FROM `goods` [ RunTime:0.0019s ]
SQL: SELECT * FROM `goods` WHERE `id` = 1 ORDER BY serial LIMIT 1   [ RunTime:0.0003s ]
SQL: SHOW COLUMNS FROM `shop` [ RunTime:0.0024s ]
SQL: SHOW COLUMNS FROM `goods` [ RunTime:0.0024s ]
SQL: SELECT * FROM `goods` LIMIT 1   [ RunTime:0.0004s ]
SQL: SELECT * FROM `shop` WHERE `id` = 1 LIMIT 1   [ RunTime:0.0003s ]
SQL: SHOW COLUMNS FROM `goods_comment` [ RunTime:0.0020s ]
SQL: SELECT * FROM `goods_comment` WHERE `goods_id` = 1 ORDER BY id desc  [ RunTime:0.0003s ]
SQL: SHOW COLUMNS FROM `goods` [ RunTime:0.0022s ]
SQL: SELECT * FROM `goods` WHERE ( 1=1 AND id='1' ) LIMIT 1   [ RunTime:0.0003s ]
SQL: SHOW COLUMNS FROM `user` [ RunTime:0.0022s ]
ERR: 1054:Unknown column 'goodscomment_id' in 'where clause'
 [ SQL语句 ] : SELECT * FROM `user` WHERE ( 1=1 AND goodscomment_id='2' ) LIMIT 1  
ERR: 1054:Unknown column 'goodscomment_id' in 'where clause'
 [ SQL语句 ] : SELECT * FROM `user` WHERE ( 1=1 AND goodscomment_id='2' ) LIMIT 1  

[ 2015-12-31T10:14:36+08:00 ] 127.0.0.1 /Home/Index/goods/id/1
INFO: [ app_init ] --START--
INFO: Run Behavior\BuildLiteBehavior [ RunTime:0.000009s ]
INFO: [ app_init ] --END-- [ RunTime:0.000197s ]
INFO: [ app_begin ] --START--
INFO: Run Behavior\ReadHtmlCacheBehavior [ RunTime:0.000253s ]
INFO: [ app_begin ] --END-- [ RunTime:0.000284s ]
SQL: SHOW COLUMNS FROM `goods` [ RunTime:0.0023s ]
SQL: SELECT * FROM `goods` WHERE `id` = 1 ORDER BY serial LIMIT 1   [ RunTime:0.0004s ]
SQL: SHOW COLUMNS FROM `shop` [ RunTime:0.0024s ]
SQL: SHOW COLUMNS FROM `goods` [ RunTime:0.0029s ]
SQL: SELECT * FROM `goods` LIMIT 1   [ RunTime:0.0003s ]
SQL: SELECT * FROM `shop` WHERE `id` = 1 LIMIT 1   [ RunTime:0.0003s ]
SQL: SHOW COLUMNS FROM `goods_comment` [ RunTime:0.0019s ]
SQL: SELECT * FROM `goods_comment` WHERE `goods_id` = 1 ORDER BY id desc  [ RunTime:0.0002s ]
INFO: [ view_parse ] --START--
INFO: [ template_filter ] --START--
INFO: Run Behavior\ContentReplaceBehavior [ RunTime:0.000030s ]
INFO: [ template_filter ] --END-- [ RunTime:0.000064s ]
NOTIC: [8] Undefined variable: system /lnmp/www/bysj/wap/Runtime/Cache/Home/2443b4b282683250347ebd1d45d6b7a9.php 第 7 行.
INFO: Run Behavior\ParseTemplateBehavior [ RunTime:0.004553s ]
INFO: [ view_parse ] --END-- [ RunTime:0.004618s ]
INFO: [ view_filter ] --START--
INFO: Run Behavior\WriteHtmlCacheBehavior [ RunTime:0.000138s ]
INFO: [ view_filter ] --END-- [ RunTime:0.000166s ]
INFO: [ app_end ] --START--
INFO: Run Behavior\ShowPageTraceBehavior [ RunTime:0.000267s ]
INFO: [ app_end ] --END-- [ RunTime:0.000328s ]

[ 2015-12-31T10:14:53+08:00 ] 127.0.0.1 /Home/Index
INFO: [ app_init ] --START--
INFO: Run Behavior\BuildLiteBehavior [ RunTime:0.000008s ]
INFO: [ app_init ] --END-- [ RunTime:0.000201s ]
INFO: [ app_begin ] --START--
INFO: Run Behavior\ReadHtmlCacheBehavior [ RunTime:0.000250s ]
INFO: [ app_begin ] --END-- [ RunTime:0.000282s ]
SQL: SHOW COLUMNS FROM `system` [ RunTime:0.0021s ]
SQL: SELECT * FROM `system` LIMIT 1   [ RunTime:0.0002s ]
SQL: SHOW COLUMNS FROM `shop` [ RunTime:0.0021s ]
SQL: SELECT * FROM `shop` WHERE `recommend` = 1 ORDER BY serial LIMIT 3   [ RunTime:0.0003s ]
SQL: SELECT COUNT(*) AS tp_count FROM `shop` LIMIT 1   [ RunTime:0.0002s ]
SQL: SHOW COLUMNS FROM `goods` [ RunTime:0.0024s ]
SQL: SELECT * FROM `goods` WHERE `recommend` = 1 ORDER BY serial LIMIT 6   [ RunTime:0.0003s ]
SQL: SELECT COUNT(*) AS tp_count FROM `goods` LIMIT 1   [ RunTime:0.0002s ]
INFO: [ view_parse ] --START--
INFO: [ template_filter ] --START--
INFO: Run Behavior\ContentReplaceBehavior [ RunTime:0.000040s ]
INFO: [ template_filter ] --END-- [ RunTime:0.000083s ]
INFO: Run Behavior\ParseTemplateBehavior [ RunTime:0.006412s ]
INFO: [ view_parse ] --END-- [ RunTime:0.006451s ]
INFO: [ view_filter ] --START--
INFO: Run Behavior\WriteHtmlCacheBehavior [ RunTime:0.000097s ]
INFO: [ view_filter ] --END-- [ RunTime:0.000122s ]
INFO: [ app_end ] --START--
INFO: Run Behavior\ShowPageTraceBehavior [ RunTime:0.000259s ]
INFO: [ app_end ] --END-- [ RunTime:0.000286s ]

[ 2015-12-31T10:14:56+08:00 ] 127.0.0.1 /Home/Index/shop
INFO: [ app_init ] --START--
INFO: Run Behavior\BuildLiteBehavior [ RunTime:0.000008s ]
INFO: [ app_init ] --END-- [ RunTime:0.000201s ]
INFO: [ app_begin ] --START--
INFO: Run Behavior\ReadHtmlCacheBehavior [ RunTime:0.000252s ]
INFO: [ app_begin ] --END-- [ RunTime:0.000285s ]
SQL: SHOW COLUMNS FROM `shop` [ RunTime:0.0021s ]
SQL: SELECT * FROM `shop` ORDER BY serial  [ RunTime:0.0003s ]
INFO: [ view_parse ] --START--
INFO: [ template_filter ] --START--
INFO: Run Behavior\ContentReplaceBehavior [ RunTime:0.000030s ]
INFO: [ template_filter ] --END-- [ RunTime:0.000068s ]
NOTIC: [8] Undefined variable: system /lnmp/www/bysj/wap/Runtime/Cache/Home/a751068462e71876fa06f9c8a86779db.php 第 7 行.
INFO: Run Behavior\ParseTemplateBehavior [ RunTime:0.004041s ]
INFO: [ view_parse ] --END-- [ RunTime:0.004075s ]
INFO: [ view_filter ] --START--
INFO: Run Behavior\WriteHtmlCacheBehavior [ RunTime:0.000095s ]
INFO: [ view_filter ] --END-- [ RunTime:0.000121s ]
INFO: [ app_end ] --START--
INFO: Run Behavior\ShowPageTraceBehavior [ RunTime:0.000275s ]
INFO: [ app_end ] --END-- [ RunTime:0.000303s ]

[ 2015-12-31T10:14:58+08:00 ] 127.0.0.1 /Home/Index
INFO: [ app_init ] --START--
INFO: Run Behavior\BuildLiteBehavior [ RunTime:0.000014s ]
INFO: [ app_init ] --END-- [ RunTime:0.000303s ]
INFO: [ app_begin ] --START--
INFO: Run Behavior\ReadHtmlCacheBehavior [ RunTime:0.000388s ]
INFO: [ app_begin ] --END-- [ RunTime:0.000425s ]
SQL: SHOW COLUMNS FROM `system` [ RunTime:0.0020s ]
SQL: SELECT * FROM `system` LIMIT 1   [ RunTime:0.0002s ]
SQL: SHOW COLUMNS FROM `shop` [ RunTime:0.0022s ]
SQL: SELECT * FROM `shop` WHERE `recommend` = 1 ORDER BY serial LIMIT 3   [ RunTime:0.0003s ]
SQL: SELECT COUNT(*) AS tp_count FROM `shop` LIMIT 1   [ RunTime:0.0002s ]
SQL: SHOW COLUMNS FROM `goods` [ RunTime:0.0021s ]
SQL: SELECT * FROM `goods` WHERE `recommend` = 1 ORDER BY serial LIMIT 6   [ RunTime:0.0003s ]
SQL: SELECT COUNT(*) AS tp_count FROM `goods` LIMIT 1   [ RunTime:0.0006s ]
INFO: [ view_parse ] --START--
INFO: [ template_filter ] --START--
INFO: Run Behavior\ContentReplaceBehavior [ RunTime:0.000039s ]
INFO: [ template_filter ] --END-- [ RunTime:0.000080s ]
INFO: Run Behavior\ParseTemplateBehavior [ RunTime:0.006568s ]
INFO: [ view_parse ] --END-- [ RunTime:0.006607s ]
INFO: [ view_filter ] --START--
INFO: Run Behavior\WriteHtmlCacheBehavior [ RunTime:0.000100s ]
INFO: [ view_filter ] --END-- [ RunTime:0.000124s ]
INFO: [ app_end ] --START--
INFO: Run Behavior\ShowPageTraceBehavior [ RunTime:0.000265s ]
INFO: [ app_end ] --END-- [ RunTime:0.000292s ]

[ 2015-12-31T10:15:19+08:00 ] 127.0.0.1 /Home/Index
INFO: [ app_init ] --START--
INFO: Run Behavior\BuildLiteBehavior [ RunTime:0.000009s ]
INFO: [ app_init ] --END-- [ RunTime:0.000214s ]
INFO: [ app_begin ] --START--
INFO: Run Behavior\ReadHtmlCacheBehavior [ RunTime:0.000257s ]
INFO: [ app_begin ] --END-- [ RunTime:0.000291s ]
SQL: SHOW COLUMNS FROM `system` [ RunTime:0.0021s ]
SQL: SELECT * FROM `system` LIMIT 1   [ RunTime:0.0002s ]
SQL: SHOW COLUMNS FROM `shop` [ RunTime:0.0020s ]
SQL: SELECT * FROM `shop` WHERE `recommend` = 1 ORDER BY serial LIMIT 3   [ RunTime:0.0003s ]
SQL: SELECT COUNT(*) AS tp_count FROM `shop` LIMIT 1   [ RunTime:0.0002s ]
SQL: SHOW COLUMNS FROM `goods` [ RunTime:0.0025s ]
SQL: SELECT * FROM `goods` WHERE `recommend` = 1 ORDER BY serial LIMIT 6   [ RunTime:0.0003s ]
SQL: SELECT COUNT(*) AS tp_count FROM `goods` LIMIT 1   [ RunTime:0.0002s ]
INFO: [ view_parse ] --START--
INFO: [ template_filter ] --START--
INFO: Run Behavior\ContentReplaceBehavior [ RunTime:0.000040s ]
INFO: [ template_filter ] --END-- [ RunTime:0.000080s ]
INFO: Run Behavior\ParseTemplateBehavior [ RunTime:0.006982s ]
INFO: [ view_parse ] --END-- [ RunTime:0.007020s ]
INFO: [ view_filter ] --START--
INFO: Run Behavior\WriteHtmlCacheBehavior [ RunTime:0.000096s ]
INFO: [ view_filter ] --END-- [ RunTime:0.000121s ]
INFO: [ app_end ] --START--
INFO: Run Behavior\ShowPageTraceBehavior [ RunTime:0.000261s ]
INFO: [ app_end ] --END-- [ RunTime:0.000289s ]

[ 2015-12-31T10:15:21+08:00 ] 127.0.0.1 /Home/Index/shop/id/1
INFO: [ app_init ] --START--
INFO: Run Behavior\BuildLiteBehavior [ RunTime:0.000009s ]
INFO: [ app_init ] --END-- [ RunTime:0.000207s ]
INFO: [ app_begin ] --START--
INFO: Run Behavior\ReadHtmlCacheBehavior [ RunTime:0.000263s ]
INFO: [ app_begin ] --END-- [ RunTime:0.000298s ]
SQL: SHOW COLUMNS FROM `shop` [ RunTime:0.0023s ]
SQL: SELECT * FROM `shop` WHERE `id` = 1 LIMIT 1   [ RunTime:0.0003s ]
SQL: SHOW COLUMNS FROM `goods` [ RunTime:0.0021s ]
SQL: SELECT * FROM `goods` WHERE `shop_id` = 1 ORDER BY serial  [ RunTime:0.0004s ]
INFO: [ view_parse ] --START--
INFO: [ template_filter ] --START--
INFO: Run Behavior\ContentReplaceBehavior [ RunTime:0.000046s ]
INFO: [ template_filter ] --END-- [ RunTime:0.000108s ]
NOTIC: [8] Undefined variable: system /lnmp/www/bysj/wap/Runtime/Cache/Home/7da8cd074a2dc76b43a9c1111c6bb174.php 第 7 行.
INFO: Run Behavior\ParseTemplateBehavior [ RunTime:0.004919s ]
INFO: [ view_parse ] --END-- [ RunTime:0.004965s ]
INFO: [ view_filter ] --START--
INFO: Run Behavior\WriteHtmlCacheBehavior [ RunTime:0.000129s ]
INFO: [ view_filter ] --END-- [ RunTime:0.000205s ]
INFO: [ app_end ] --START--
INFO: Run Behavior\ShowPageTraceBehavior [ RunTime:0.000376s ]
INFO: [ app_end ] --END-- [ RunTime:0.000457s ]

[ 2015-12-31T10:15:23+08:00 ] 127.0.0.1 /Home/Index/goods/shopId/1
INFO: [ app_init ] --START--
INFO: Run Behavior\BuildLiteBehavior [ RunTime:0.000008s ]
INFO: [ app_init ] --END-- [ RunTime:0.000205s ]
INFO: [ app_begin ] --START--
INFO: Run Behavior\ReadHtmlCacheBehavior [ RunTime:0.000250s ]
INFO: [ app_begin ] --END-- [ RunTime:0.000282s ]
NOTIC: [8] Undefined variable: shop_id /lnmp/www/bysj/wap/Home/Controller/IndexController.class.php 第 59 行.
SQL: SHOW COLUMNS FROM `goods` [ RunTime:0.0020s ]
SQL: SELECT * FROM `goods` ORDER BY serial  [ RunTime:0.0003s ]
ERR: 模板不存在:./wap/Home/View/Index/goods.html

[ 2015-12-31T10:15:26+08:00 ] 127.0.0.1 /Home/Index/shop/id/1
INFO: [ app_init ] --START--
INFO: Run Behavior\BuildLiteBehavior [ RunTime:0.000009s ]
INFO: [ app_init ] --END-- [ RunTime:0.000210s ]
INFO: [ app_begin ] --START--
INFO: Run Behavior\ReadHtmlCacheBehavior [ RunTime:0.000253s ]
INFO: [ app_begin ] --END-- [ RunTime:0.000287s ]
SQL: SHOW COLUMNS FROM `shop` [ RunTime:0.0025s ]
SQL: SELECT * FROM `shop` WHERE `id` = 1 LIMIT 1   [ RunTime:0.0002s ]
SQL: SHOW COLUMNS FROM `goods` [ RunTime:0.0021s ]
SQL: SELECT * FROM `goods` WHERE `shop_id` = 1 ORDER BY serial  [ RunTime:0.0003s ]
INFO: [ view_parse ] --START--
INFO: [ template_filter ] --START--
INFO: Run Behavior\ContentReplaceBehavior [ RunTime:0.000030s ]
INFO: [ template_filter ] --END-- [ RunTime:0.000065s ]
NOTIC: [8] Undefined variable: system /lnmp/www/bysj/wap/Runtime/Cache/Home/7da8cd074a2dc76b43a9c1111c6bb174.php 第 7 行.
INFO: Run Behavior\ParseTemplateBehavior [ RunTime:0.004477s ]
INFO: [ view_parse ] --END-- [ RunTime:0.004509s ]
INFO: [ view_filter ] --START--
INFO: Run Behavior\WriteHtmlCacheBehavior [ RunTime:0.000089s ]
INFO: [ view_filter ] --END-- [ RunTime:0.000114s ]
INFO: [ app_end ] --START--
INFO: Run Behavior\ShowPageTraceBehavior [ RunTime:0.000254s ]
INFO: [ app_end ] --END-- [ RunTime:0.000282s ]

[ 2015-12-31T10:15:31+08:00 ] 127.0.0.1 /Home/Index
INFO: [ app_init ] --START--
INFO: Run Behavior\BuildLiteBehavior [ RunTime:0.000008s ]
INFO: [ app_init ] --END-- [ RunTime:0.000201s ]
INFO: [ app_begin ] --START--
INFO: Run Behavior\ReadHtmlCacheBehavior [ RunTime:0.000255s ]
INFO: [ app_begin ] --END-- [ RunTime:0.000288s ]
SQL: SHOW COLUMNS FROM `system` [ RunTime:0.0021s ]
SQL: SELECT * FROM `system` LIMIT 1   [ RunTime:0.0002s ]
SQL: SHOW COLUMNS FROM `shop` [ RunTime:0.0022s ]
SQL: SELECT * FROM `shop` WHERE `recommend` = 1 ORDER BY serial LIMIT 3   [ RunTime:0.0003s ]
SQL: SELECT COUNT(*) AS tp_count FROM `shop` LIMIT 1   [ RunTime:0.0002s ]
SQL: SHOW COLUMNS FROM `goods` [ RunTime:0.0023s ]
SQL: SELECT * FROM `goods` WHERE `recommend` = 1 ORDER BY serial LIMIT 6   [ RunTime:0.0004s ]
SQL: SELECT COUNT(*) AS tp_count FROM `goods` LIMIT 1   [ RunTime:0.0002s ]
INFO: [ view_parse ] --START--
INFO: [ template_filter ] --START--
INFO: Run Behavior\ContentReplaceBehavior [ RunTime:0.000043s ]
INFO: [ template_filter ] --END-- [ RunTime:0.000089s ]
INFO: Run Behavior\ParseTemplateBehavior [ RunTime:0.007785s ]
INFO: [ view_parse ] --END-- [ RunTime:0.007835s ]
INFO: [ view_filter ] --START--
INFO: Run Behavior\WriteHtmlCacheBehavior [ RunTime:0.000108s ]
INFO: [ view_filter ] --END-- [ RunTime:0.000134s ]
INFO: [ app_end ] --START--
INFO: Run Behavior\ShowPageTraceBehavior [ RunTime:0.000290s ]
INFO: [ app_end ] --END-- [ RunTime:0.000319s ]

[ 2015-12-31T10:15:35+08:00 ] 127.0.0.1 /Home/Index/goods
INFO: [ app_init ] --START--
INFO: Run Behavior\BuildLiteBehavior [ RunTime:0.000009s ]
INFO: [ app_init ] --END-- [ RunTime:0.000202s ]
INFO: [ app_begin ] --START--
INFO: Run Behavior\ReadHtmlCacheBehavior [ RunTime:0.000254s ]
INFO: [ app_begin ] --END-- [ RunTime:0.000287s ]
NOTIC: [8] Undefined variable: shop_id /lnmp/www/bysj/wap/Home/Controller/IndexController.class.php 第 59 行.
SQL: SHOW COLUMNS FROM `goods` [ RunTime:0.0027s ]
SQL: SELECT * FROM `goods` ORDER BY serial  [ RunTime:0.0003s ]
ERR: 模板不存在:./wap/Home/View/Index/goods.html

[ 2015-12-31T10:15:37+08:00 ] 127.0.0.1 /Home/Index/shop
INFO: [ app_init ] --START--
INFO: Run Behavior\BuildLiteBehavior [ RunTime:0.000009s ]
INFO: [ app_init ] --END-- [ RunTime:0.000201s ]
INFO: [ app_begin ] --START--
INFO: Run Behavior\ReadHtmlCacheBehavior [ RunTime:0.000251s ]
INFO: [ app_begin ] --END-- [ RunTime:0.000283s ]
SQL: SHOW COLUMNS FROM `shop` [ RunTime:0.0026s ]
SQL: SELECT * FROM `shop` ORDER BY serial  [ RunTime:0.0003s ]
INFO: [ view_parse ] --START--
INFO: [ template_filter ] --START--
INFO: Run Behavior\ContentReplaceBehavior [ RunTime:0.000029s ]
INFO: [ template_filter ] --END-- [ RunTime:0.000064s ]
NOTIC: [8] Undefined variable: system /lnmp/www/bysj/wap/Runtime/Cache/Home/a751068462e71876fa06f9c8a86779db.php 第 7 行.
INFO: Run Behavior\ParseTemplateBehavior [ RunTime:0.004063s ]
INFO: [ view_parse ] --END-- [ RunTime:0.004095s ]
INFO: [ view_filter ] --START--
INFO: Run Behavior\WriteHtmlCacheBehavior [ RunTime:0.000090s ]
INFO: [ view_filter ] --END-- [ RunTime:0.000115s ]
INFO: [ app_end ] --START--
INFO: Run Behavior\ShowPageTraceBehavior [ RunTime:0.000257s ]
INFO: [ app_end ] --END-- [ RunTime:0.000284s ]

[ 2015-12-31T10:15:41+08:00 ] 127.0.0.1 /Home/Index/user
INFO: [ app_init ] --START--
INFO: Run Behavior\BuildLiteBehavior [ RunTime:0.000010s ]
INFO: [ app_init ] --END-- [ RunTime:0.000222s ]
INFO: [ app_begin ] --START--
INFO: Run Behavior\ReadHtmlCacheBehavior [ RunTime:0.000281s ]
INFO: [ app_begin ] --END-- [ RunTime:0.000314s ]
INFO: [ view_parse ] --START--
INFO: [ template_filter ] --START--
INFO: Run Behavior\ContentReplaceBehavior [ RunTime:0.000027s ]
INFO: [ template_filter ] --END-- [ RunTime:0.000066s ]
NOTIC: [8] Undefined variable: system /lnmp/www/bysj/wap/Runtime/Cache/Home/9723bf0a517b49d192c278b658f02fbe.php 第 7 行.
INFO: Run Behavior\ParseTemplateBehavior [ RunTime:0.004226s ]
INFO: [ view_parse ] --END-- [ RunTime:0.004256s ]
INFO: [ view_filter ] --START--
INFO: Run Behavior\WriteHtmlCacheBehavior [ RunTime:0.000092s ]
INFO: [ view_filter ] --END-- [ RunTime:0.000117s ]
INFO: [ app_end ] --START--
INFO: Run Behavior\ShowPageTraceBehavior [ RunTime:0.000265s ]
INFO: [ app_end ] --END-- [ RunTime:0.000293s ]

[ 2015-12-31T10:15:42+08:00 ] 127.0.0.1 /Home/Index
INFO: [ app_init ] --START--
INFO: Run Behavior\BuildLiteBehavior [ RunTime:0.000011s ]
INFO: [ app_init ] --END-- [ RunTime:0.000242s ]
INFO: [ app_begin ] --START--
INFO: Run Behavior\ReadHtmlCacheBehavior [ RunTime:0.000272s ]
INFO: [ app_begin ] --END-- [ RunTime:0.000308s ]
SQL: SHOW COLUMNS FROM `system` [ RunTime:0.0022s ]
SQL: SELECT * FROM `system` LIMIT 1   [ RunTime:0.0002s ]
SQL: SHOW COLUMNS FROM `shop` [ RunTime:0.0020s ]
SQL: SELECT * FROM `shop` WHERE `recommend` = 1 ORDER BY serial LIMIT 3   [ RunTime:0.0003s ]
SQL: SELECT COUNT(*) AS tp_count FROM `shop` LIMIT 1   [ RunTime:0.0002s ]
SQL: SHOW COLUMNS FROM `goods` [ RunTime:0.0023s ]
SQL: SELECT * FROM `goods` WHERE `recommend` = 1 ORDER BY serial LIMIT 6   [ RunTime:0.0003s ]
SQL: SELECT COUNT(*) AS tp_count FROM `goods` LIMIT 1   [ RunTime:0.0003s ]
INFO: [ view_parse ] --START--
INFO: [ template_filter ] --START--
INFO: Run Behavior\ContentReplaceBehavior [ RunTime:0.000047s ]
INFO: [ template_filter ] --END-- [ RunTime:0.000100s ]
INFO: Run Behavior\ParseTemplateBehavior [ RunTime:0.006955s ]
INFO: [ view_parse ] --END-- [ RunTime:0.007008s ]
INFO: [ view_filter ] --START--
INFO: Run Behavior\WriteHtmlCacheBehavior [ RunTime:0.000102s ]
INFO: [ view_filter ] --END-- [ RunTime:0.000127s ]
INFO: [ app_end ] --START--
INFO: Run Behavior\ShowPageTraceBehavior [ RunTime:0.000272s ]
INFO: [ app_end ] --END-- [ RunTime:0.000299s ]

[ 2015-12-31T10:16:09+08:00 ] 127.0.0.1 /Home/Index
INFO: [ app_init ] --START--
INFO: Run Behavior\BuildLiteBehavior [ RunTime:0.000008s ]
INFO: [ app_init ] --END-- [ RunTime:0.000193s ]
INFO: [ app_begin ] --START--
INFO: Run Behavior\ReadHtmlCacheBehavior [ RunTime:0.000240s ]
INFO: [ app_begin ] --END-- [ RunTime:0.000271s ]
SQL: SHOW COLUMNS FROM `system` [ RunTime:0.0021s ]
SQL: SELECT * FROM `system` LIMIT 1   [ RunTime:0.0002s ]
SQL: SHOW COLUMNS FROM `shop` [ RunTime:0.0021s ]
SQL: SELECT * FROM `shop` WHERE `recommend` = 1 ORDER BY serial LIMIT 3   [ RunTime:0.0004s ]
SQL: SELECT COUNT(*) AS tp_count FROM `shop` LIMIT 1   [ RunTime:0.0003s ]
SQL: SHOW COLUMNS FROM `goods` [ RunTime:0.0023s ]
SQL: SELECT * FROM `goods` WHERE `recommend` = 1 ORDER BY serial LIMIT 6   [ RunTime:0.0003s ]
SQL: SELECT COUNT(*) AS tp_count FROM `goods` LIMIT 1   [ RunTime:0.0002s ]
INFO: [ view_parse ] --START--
INFO: [ template_filter ] --START--
INFO: Run Behavior\ContentReplaceBehavior [ RunTime:0.000039s ]
INFO: [ template_filter ] --END-- [ RunTime:0.000091s ]
INFO: Run Behavior\ParseTemplateBehavior [ RunTime:0.006532s ]
INFO: [ view_parse ] --END-- [ RunTime:0.006577s ]
INFO: [ view_filter ] --START--
INFO: Run Behavior\WriteHtmlCacheBehavior [ RunTime:0.000111s ]
INFO: [ view_filter ] --END-- [ RunTime:0.000150s ]
INFO: [ app_end ] --START--
INFO: Run Behavior\ShowPageTraceBehavior [ RunTime:0.000261s ]
INFO: [ app_end ] --END-- [ RunTime:0.000290s ]

[ 2015-12-31T10:16:21+08:00 ] 127.0.0.1 /Home/Index/shop/id/1
INFO: [ app_init ] --START--
INFO: Run Behavior\BuildLiteBehavior [ RunTime:0.000008s ]
INFO: [ app_init ] --END-- [ RunTime:0.000204s ]
INFO: [ app_begin ] --START--
INFO: Run Behavior\ReadHtmlCacheBehavior [ RunTime:0.000254s ]
INFO: [ app_begin ] --END-- [ RunTime:0.000287s ]
SQL: SHOW COLUMNS FROM `shop` [ RunTime:0.0048s ]
SQL: SELECT * FROM `shop` WHERE `id` = 1 LIMIT 1   [ RunTime:0.0003s ]
SQL: SHOW COLUMNS FROM `goods` [ RunTime:0.0022s ]
SQL: SELECT * FROM `goods` WHERE `shop_id` = 1 ORDER BY serial  [ RunTime:0.0003s ]
INFO: [ view_parse ] --START--
INFO: [ template_filter ] --START--
INFO: Run Behavior\ContentReplaceBehavior [ RunTime:0.000033s ]
INFO: [ template_filter ] --END-- [ RunTime:0.000073s ]
NOTIC: [8] Undefined variable: system /lnmp/www/bysj/wap/Runtime/Cache/Home/7da8cd074a2dc76b43a9c1111c6bb174.php 第 7 行.
INFO: Run Behavior\ParseTemplateBehavior [ RunTime:0.005074s ]
INFO: [ view_parse ] --END-- [ RunTime:0.005108s ]
INFO: [ view_filter ] --START--
INFO: Run Behavior\WriteHtmlCacheBehavior [ RunTime:0.000101s ]
INFO: [ view_filter ] --END-- [ RunTime:0.000126s ]
INFO: [ app_end ] --START--
INFO: Run Behavior\ShowPageTraceBehavior [ RunTime:0.000281s ]
INFO: [ app_end ] --END-- [ RunTime:0.000310s ]

[ 2015-12-31T10:16:25+08:00 ] 127.0.0.1 /Home/Index/goods/shopId/1
INFO: [ app_init ] --START--
INFO: Run Behavior\BuildLiteBehavior [ RunTime:0.000008s ]
INFO: [ app_init ] --END-- [ RunTime:0.000201s ]
INFO: [ app_begin ] --START--
INFO: Run Behavior\ReadHtmlCacheBehavior [ RunTime:0.000255s ]
INFO: [ app_begin ] --END-- [ RunTime:0.000288s ]
NOTIC: [8] Undefined variable: shop_id /lnmp/www/bysj/wap/Home/Controller/IndexController.class.php 第 59 行.
SQL: SHOW COLUMNS FROM `goods` [ RunTime:0.0022s ]
SQL: SELECT * FROM `goods` ORDER BY serial  [ RunTime:0.0003s ]
ERR: 模板不存在:./wap/Home/View/Index/goods.html

[ 2015-12-31T10:16:53+08:00 ] 127.0.0.1 /Home/Index/goods/shopId/1
INFO: [ app_init ] --START--
INFO: Run Behavior\BuildLiteBehavior [ RunTime:0.000013s ]
INFO: [ app_init ] --END-- [ RunTime:0.000210s ]
INFO: [ app_begin ] --START--
INFO: Run Behavior\ReadHtmlCacheBehavior [ RunTime:0.000306s ]
INFO: [ app_begin ] --END-- [ RunTime:0.000340s ]
NOTIC: [8] Undefined variable: shop_id /lnmp/www/bysj/wap/Home/Controller/IndexController.class.php 第 59 行.
SQL: SHOW COLUMNS FROM `goods` [ RunTime:0.0022s ]
SQL: SELECT * FROM `goods` ORDER BY serial  [ RunTime:0.0003s ]
INFO: [ view_parse ] --START--
INFO: [ template_filter ] --START--
INFO: Run Behavior\ContentReplaceBehavior [ RunTime:0.000031s ]
INFO: [ template_filter ] --END-- [ RunTime:0.000068s ]
NOTIC: [8] Undefined variable: system /lnmp/www/bysj/wap/Runtime/Cache/Home/ec33142ccce07c75f4cd55721f1a84df.php 第 7 行.
NOTIC: [8] Undefined variable: header /lnmp/www/bysj/wap/Runtime/Cache/Home/ec33142ccce07c75f4cd55721f1a84df.php 第 13 行.
INFO: Run Behavior\ParseTemplateBehavior [ RunTime:0.003951s ]
INFO: [ view_parse ] --END-- [ RunTime:0.003987s ]
INFO: [ view_filter ] --START--
INFO: Run Behavior\WriteHtmlCacheBehavior [ RunTime:0.000106s ]
INFO: [ view_filter ] --END-- [ RunTime:0.000132s ]
INFO: [ app_end ] --START--
INFO: Run Behavior\ShowPageTraceBehavior [ RunTime:0.000631s ]
INFO: [ app_end ] --END-- [ RunTime:0.000671s ]

[ 2015-12-31T10:16:57+08:00 ] 127.0.0.1 /Home/Index
INFO: [ app_init ] --START--
INFO: Run Behavior\BuildLiteBehavior [ RunTime:0.000008s ]
INFO: [ app_init ] --END-- [ RunTime:0.000201s ]
INFO: [ app_begin ] --START--
INFO: Run Behavior\ReadHtmlCacheBehavior [ RunTime:0.000238s ]
INFO: [ app_begin ] --END-- [ RunTime:0.000269s ]
SQL: SHOW COLUMNS FROM `system` [ RunTime:0.0021s ]
SQL: SELECT * FROM `system` LIMIT 1   [ RunTime:0.0003s ]
SQL: SHOW COLUMNS FROM `shop` [ RunTime:0.0021s ]
SQL: SELECT * FROM `shop` WHERE `recommend` = 1 ORDER BY serial LIMIT 3   [ RunTime:0.0003s ]
SQL: SELECT COUNT(*) AS tp_count FROM `shop` LIMIT 1   [ RunTime:0.0002s ]
SQL: SHOW COLUMNS FROM `goods` [ RunTime:0.0021s ]
SQL: SELECT * FROM `goods` WHERE `recommend` = 1 ORDER BY serial LIMIT 6   [ RunTime:0.0003s ]
SQL: SELECT COUNT(*) AS tp_count FROM `goods` LIMIT 1   [ RunTime:0.0002s ]
INFO: [ view_parse ] --START--
INFO: [ template_filter ] --START--
INFO: Run Behavior\ContentReplaceBehavior [ RunTime:0.000038s ]
INFO: [ template_filter ] --END-- [ RunTime:0.000077s ]
INFO: Run Behavior\ParseTemplateBehavior [ RunTime:0.006759s ]
INFO: [ view_parse ] --END-- [ RunTime:0.006802s ]
INFO: [ view_filter ] --START--
INFO: Run Behavior\WriteHtmlCacheBehavior [ RunTime:0.000099s ]
INFO: [ view_filter ] --END-- [ RunTime:0.000125s ]
INFO: [ app_end ] --START--
INFO: Run Behavior\ShowPageTraceBehavior [ RunTime:0.000374s ]
INFO: [ app_end ] --END-- [ RunTime:0.000406s ]

[ 2015-12-31T10:16:59+08:00 ] 127.0.0.1 /Home/Index/goods/id/1
INFO: [ app_init ] --START--
INFO: Run Behavior\BuildLiteBehavior [ RunTime:0.000009s ]
INFO: [ app_init ] --END-- [ RunTime:0.000201s ]
INFO: [ app_begin ] --START--
INFO: Run Behavior\ReadHtmlCacheBehavior [ RunTime:0.000252s ]
INFO: [ app_begin ] --END-- [ RunTime:0.000284s ]
SQL: SHOW COLUMNS FROM `goods` [ RunTime:0.0021s ]
SQL: SELECT * FROM `goods` WHERE `id` = 1 ORDER BY serial LIMIT 1   [ RunTime:0.0003s ]
SQL: SHOW COLUMNS FROM `shop` [ RunTime:0.0022s ]
SQL: SHOW COLUMNS FROM `goods` [ RunTime:0.0024s ]
SQL: SELECT * FROM `goods` LIMIT 1   [ RunTime:0.0003s ]
SQL: SELECT * FROM `shop` WHERE `id` = 1 LIMIT 1   [ RunTime:0.0002s ]
SQL: SHOW COLUMNS FROM `goods_comment` [ RunTime:0.0022s ]
SQL: SELECT * FROM `goods_comment` WHERE `goods_id` = 1 ORDER BY id desc  [ RunTime:0.0003s ]
INFO: [ view_parse ] --START--
INFO: [ template_filter ] --START--
INFO: Run Behavior\ContentReplaceBehavior [ RunTime:0.000035s ]
INFO: [ template_filter ] --END-- [ RunTime:0.000078s ]
NOTIC: [8] Undefined variable: system /lnmp/www/bysj/wap/Runtime/Cache/Home/2443b4b282683250347ebd1d45d6b7a9.php 第 7 行.
INFO: Run Behavior\ParseTemplateBehavior [ RunTime:0.005366s ]
INFO: [ view_parse ] --END-- [ RunTime:0.005402s ]
INFO: [ view_filter ] --START--
INFO: Run Behavior\WriteHtmlCacheBehavior [ RunTime:0.000101s ]
INFO: [ view_filter ] --END-- [ RunTime:0.000127s ]
INFO: [ app_end ] --START--
INFO: Run Behavior\ShowPageTraceBehavior [ RunTime:0.000280s ]
INFO: [ app_end ] --END-- [ RunTime:0.000311s ]

[ 2015-12-31T10:17:45+08:00 ] 127.0.0.1 /Home/Index/goods/id/1
INFO: [ app_init ] --START--
INFO: Run Behavior\BuildLiteBehavior [ RunTime:0.000009s ]
INFO: [ app_init ] --END-- [ RunTime:0.000193s ]
INFO: [ app_begin ] --START--
INFO: Run Behavior\ReadHtmlCacheBehavior [ RunTime:0.000240s ]
INFO: [ app_begin ] --END-- [ RunTime:0.000271s ]
SQL: SHOW COLUMNS FROM `goods` [ RunTime:0.0021s ]
SQL: SELECT * FROM `goods` WHERE `id` = 1 ORDER BY serial LIMIT 1   [ RunTime:0.0003s ]
SQL: SHOW COLUMNS FROM `shop` [ RunTime:0.0020s ]
SQL: SHOW COLUMNS FROM `goods` [ RunTime:0.0024s ]
SQL: SELECT * FROM `goods` LIMIT 1   [ RunTime:0.0003s ]
SQL: SELECT * FROM `shop` WHERE `id` = 1 LIMIT 1   [ RunTime:0.0002s ]
SQL: SHOW COLUMNS FROM `goods_comment` [ RunTime:0.0023s ]
SQL: SELECT * FROM `goods_comment` WHERE `goods_id` = 1 ORDER BY id desc  [ RunTime:0.0003s ]
INFO: [ view_parse ] --START--
INFO: [ template_filter ] --START--
INFO: Run Behavior\ContentReplaceBehavior [ RunTime:0.000037s ]
INFO: [ template_filter ] --END-- [ RunTime:0.000083s ]
NOTIC: [8] Undefined variable: system /lnmp/www/bysj/wap/Runtime/Cache/Home/2443b4b282683250347ebd1d45d6b7a9.php 第 7 行.
INFO: Run Behavior\ParseTemplateBehavior [ RunTime:0.005791s ]
INFO: [ view_parse ] --END-- [ RunTime:0.005845s ]
INFO: [ view_filter ] --START--
INFO: Run Behavior\WriteHtmlCacheBehavior [ RunTime:0.000164s ]
INFO: [ view_filter ] --END-- [ RunTime:0.000203s ]
INFO: [ app_end ] --START--
INFO: Run Behavior\ShowPageTraceBehavior [ RunTime:0.000698s ]
INFO: [ app_end ] --END-- [ RunTime:0.000747s ]

[ 2015-12-31T10:17:46+08:00 ] 127.0.0.1 /Home/Index/goods/id/1
INFO: [ app_init ] --START--
INFO: Run Behavior\BuildLiteBehavior [ RunTime:0.000009s ]
INFO: [ app_init ] --END-- [ RunTime:0.000201s ]
INFO: [ app_begin ] --START--
INFO: Run Behavior\ReadHtmlCacheBehavior [ RunTime:0.000255s ]
INFO: [ app_begin ] --END-- [ RunTime:0.000287s ]
SQL: SHOW COLUMNS FROM `goods` [ RunTime:0.0026s ]
SQL: SELECT * FROM `goods` WHERE `id` = 1 ORDER BY serial LIMIT 1   [ RunTime:0.0003s ]
SQL: SHOW COLUMNS FROM `shop` [ RunTime:0.0023s ]
SQL: SHOW COLUMNS FROM `goods` [ RunTime:0.0032s ]
SQL: SELECT * FROM `goods` LIMIT 1   [ RunTime:0.0003s ]
SQL: SELECT * FROM `shop` WHERE `id` = 1 LIMIT 1   [ RunTime:0.0002s ]
SQL: SHOW COLUMNS FROM `goods_comment` [ RunTime:0.0031s ]
SQL: SELECT * FROM `goods_comment` WHERE `goods_id` = 1 ORDER BY id desc  [ RunTime:0.0002s ]
INFO: [ view_parse ] --START--
INFO: [ template_filter ] --START--
INFO: Run Behavior\ContentReplaceBehavior [ RunTime:0.000029s ]
INFO: [ template_filter ] --END-- [ RunTime:0.000064s ]
NOTIC: [8] Undefined variable: system /lnmp/www/bysj/wap/Runtime/Cache/Home/2443b4b282683250347ebd1d45d6b7a9.php 第 7 行.
INFO: Run Behavior\ParseTemplateBehavior [ RunTime:0.004656s ]
INFO: [ view_parse ] --END-- [ RunTime:0.004688s ]
INFO: [ view_filter ] --START--
INFO: Run Behavior\WriteHtmlCacheBehavior [ RunTime:0.000090s ]
INFO: [ view_filter ] --END-- [ RunTime:0.000114s ]
INFO: [ app_end ] --START--
INFO: Run Behavior\ShowPageTraceBehavior [ RunTime:0.000261s ]
INFO: [ app_end ] --END-- [ RunTime:0.000287s ]

[ 2015-12-31T10:17:52+08:00 ] 127.0.0.1 /Home/Index/goods/id/1
INFO: [ app_init ] --START--
INFO: Run Behavior\BuildLiteBehavior [ RunTime:0.000008s ]
INFO: [ app_init ] --END-- [ RunTime:0.000197s ]
INFO: [ app_begin ] --START--
INFO: Run Behavior\ReadHtmlCacheBehavior [ RunTime:0.000271s ]
INFO: [ app_begin ] --END-- [ RunTime:0.000310s ]
SQL: SHOW COLUMNS FROM `goods` [ RunTime:0.0025s ]
SQL: SELECT * FROM `goods` WHERE `id` = 1 ORDER BY serial LIMIT 1   [ RunTime:0.0003s ]
SQL: SHOW COLUMNS FROM `shop` [ RunTime:0.0038s ]
SQL: SHOW COLUMNS FROM `goods` [ RunTime:0.0034s ]
SQL: SELECT * FROM `goods` LIMIT 1   [ RunTime:0.0003s ]
SQL: SELECT * FROM `shop` WHERE `id` = 1 LIMIT 1   [ RunTime:0.0004s ]
SQL: SHOW COLUMNS FROM `goods_comment` [ RunTime:0.0031s ]
SQL: SELECT * FROM `goods_comment` WHERE `goods_id` = 1 ORDER BY id desc  [ RunTime:0.0003s ]
INFO: [ view_parse ] --START--
INFO: [ template_filter ] --START--
INFO: Run Behavior\ContentReplaceBehavior [ RunTime:0.000033s ]
INFO: [ template_filter ] --END-- [ RunTime:0.000076s ]
NOTIC: [8] Undefined variable: system /lnmp/www/bysj/wap/Runtime/Cache/Home/2443b4b282683250347ebd1d45d6b7a9.php 第 7 行.
INFO: Run Behavior\ParseTemplateBehavior [ RunTime:0.005110s ]
INFO: [ view_parse ] --END-- [ RunTime:0.005157s ]
INFO: [ view_filter ] --START--
INFO: Run Behavior\WriteHtmlCacheBehavior [ RunTime:0.000156s ]
INFO: [ view_filter ] --END-- [ RunTime:0.000197s ]
INFO: [ app_end ] --START--
INFO: Run Behavior\ShowPageTraceBehavior [ RunTime:0.000354s ]
INFO: [ app_end ] --END-- [ RunTime:0.000386s ]

[ 2015-12-31T10:17:58+08:00 ] 127.0.0.1 /Home/Index/goods/shopId/1
INFO: [ app_init ] --START--
INFO: Run Behavior\BuildLiteBehavior [ RunTime:0.000012s ]
INFO: [ app_init ] --END-- [ RunTime:0.000297s ]
INFO: [ app_begin ] --START--
INFO: Run Behavior\ReadHtmlCacheBehavior [ RunTime:0.000311s ]
INFO: [ app_begin ] --END-- [ RunTime:0.000356s ]
NOTIC: [8] Undefined variable: shop_id /lnmp/www/bysj/wap/Home/Controller/IndexController.class.php 第 59 行.
SQL: SHOW COLUMNS FROM `goods` [ RunTime:0.0021s ]
SQL: SELECT * FROM `goods` ORDER BY serial  [ RunTime:0.0020s ]
INFO: [ view_parse ] --START--
INFO: [ template_filter ] --START--
INFO: Run Behavior\ContentReplaceBehavior [ RunTime:0.000032s ]
INFO: [ template_filter ] --END-- [ RunTime:0.000074s ]
NOTIC: [8] Undefined variable: system /lnmp/www/bysj/wap/Runtime/Cache/Home/ec33142ccce07c75f4cd55721f1a84df.php 第 7 行.
NOTIC: [8] Undefined variable: header /lnmp/www/bysj/wap/Runtime/Cache/Home/ec33142ccce07c75f4cd55721f1a84df.php 第 13 行.
INFO: Run Behavior\ParseTemplateBehavior [ RunTime:0.004570s ]
INFO: [ view_parse ] --END-- [ RunTime:0.004605s ]
INFO: [ view_filter ] --START--
INFO: Run Behavior\WriteHtmlCacheBehavior [ RunTime:0.000102s ]
INFO: [ view_filter ] --END-- [ RunTime:0.000128s ]
INFO: [ app_end ] --START--
INFO: Run Behavior\ShowPageTraceBehavior [ RunTime:0.000278s ]
INFO: [ app_end ] --END-- [ RunTime:0.000306s ]

[ 2015-12-31T10:18:00+08:00 ] 127.0.0.1 /Home/Index/goods/id/1
INFO: [ app_init ] --START--
INFO: Run Behavior\BuildLiteBehavior [ RunTime:0.000008s ]
INFO: [ app_init ] --END-- [ RunTime:0.000192s ]
INFO: [ app_begin ] --START--
INFO: Run Behavior\ReadHtmlCacheBehavior [ RunTime:0.000242s ]
INFO: [ app_begin ] --END-- [ RunTime:0.000277s ]
SQL: SHOW COLUMNS FROM `goods` [ RunTime:0.0026s ]
SQL: SELECT * FROM `goods` WHERE `id` = 1 ORDER BY serial LIMIT 1   [ RunTime:0.0004s ]
SQL: SHOW COLUMNS FROM `shop` [ RunTime:0.0024s ]
SQL: SHOW COLUMNS FROM `goods` [ RunTime:0.0024s ]
SQL: SELECT * FROM `goods` LIMIT 1   [ RunTime:0.0002s ]
SQL: SELECT * FROM `shop` WHERE `id` = 1 LIMIT 1   [ RunTime:0.0002s ]
SQL: SHOW COLUMNS FROM `goods_comment` [ RunTime:0.0021s ]
SQL: SELECT * FROM `goods_comment` WHERE `goods_id` = 1 ORDER BY id desc  [ RunTime:0.0002s ]
INFO: [ view_parse ] --START--
INFO: [ template_filter ] --START--
INFO: Run Behavior\ContentReplaceBehavior [ RunTime:0.000034s ]
INFO: [ template_filter ] --END-- [ RunTime:0.000075s ]
NOTIC: [8] Undefined variable: system /lnmp/www/bysj/wap/Runtime/Cache/Home/2443b4b282683250347ebd1d45d6b7a9.php 第 7 行.
INFO: Run Behavior\ParseTemplateBehavior [ RunTime:0.004858s ]
INFO: [ view_parse ] --END-- [ RunTime:0.004890s ]
INFO: [ view_filter ] --START--
INFO: Run Behavior\WriteHtmlCacheBehavior [ RunTime:0.000097s ]
INFO: [ view_filter ] --END-- [ RunTime:0.000123s ]
INFO: [ app_end ] --START--
INFO: Run Behavior\ShowPageTraceBehavior [ RunTime:0.000268s ]
INFO: [ app_end ] --END-- [ RunTime:0.000296s ]

[ 2015-12-31T10:18:02+08:00 ] 127.0.0.1 /Home/Index
INFO: [ app_init ] --START--
INFO: Run Behavior\BuildLiteBehavior [ RunTime:0.000008s ]
INFO: [ app_init ] --END-- [ RunTime:0.000214s ]
INFO: [ app_begin ] --START--
INFO: Run Behavior\ReadHtmlCacheBehavior [ RunTime:0.000271s ]
INFO: [ app_begin ] --END-- [ RunTime:0.000307s ]
SQL: SHOW COLUMNS FROM `system` [ RunTime:0.0020s ]
SQL: SELECT * FROM `system` LIMIT 1   [ RunTime:0.0002s ]
SQL: SHOW COLUMNS FROM `shop` [ RunTime:0.0022s ]
SQL: SELECT * FROM `shop` WHERE `recommend` = 1 ORDER BY serial LIMIT 3   [ RunTime:0.0003s ]
SQL: SELECT COUNT(*) AS tp_count FROM `shop` LIMIT 1   [ RunTime:0.0002s ]
SQL: SHOW COLUMNS FROM `goods` [ RunTime:0.0022s ]
SQL: SELECT * FROM `goods` WHERE `recommend` = 1 ORDER BY serial LIMIT 6   [ RunTime:0.0003s ]
SQL: SELECT COUNT(*) AS tp_count FROM `goods` LIMIT 1   [ RunTime:0.0002s ]
INFO: [ view_parse ] --START--
INFO: [ template_filter ] --START--
INFO: Run Behavior\ContentReplaceBehavior [ RunTime:0.000042s ]
INFO: [ template_filter ] --END-- [ RunTime:0.000084s ]
INFO: Run Behavior\ParseTemplateBehavior [ RunTime:0.007015s ]
INFO: [ view_parse ] --END-- [ RunTime:0.007058s ]
INFO: [ view_filter ] --START--
INFO: Run Behavior\WriteHtmlCacheBehavior [ RunTime:0.000111s ]
INFO: [ view_filter ] --END-- [ RunTime:0.000137s ]
INFO: [ app_end ] --START--
INFO: Run Behavior\ShowPageTraceBehavior [ RunTime:0.000283s ]
INFO: [ app_end ] --END-- [ RunTime:0.000311s ]

[ 2015-12-31T10:18:02+08:00 ] 127.0.0.1 /Home/Index/shop/id/1
INFO: [ app_init ] --START--
INFO: Run Behavior\BuildLiteBehavior [ RunTime:0.000009s ]
INFO: [ app_init ] --END-- [ RunTime:0.000209s ]
INFO: [ app_begin ] --START--
INFO: Run Behavior\ReadHtmlCacheBehavior [ RunTime:0.000259s ]
INFO: [ app_begin ] --END-- [ RunTime:0.000292s ]
SQL: SHOW COLUMNS FROM `shop` [ RunTime:0.0020s ]
SQL: SELECT * FROM `shop` WHERE `id` = 1 LIMIT 1   [ RunTime:0.0003s ]
SQL: SHOW COLUMNS FROM `goods` [ RunTime:0.0020s ]
SQL: SELECT * FROM `goods` WHERE `shop_id` = 1 ORDER BY serial  [ RunTime:0.0004s ]
INFO: [ view_parse ] --START--
INFO: [ template_filter ] --START--
INFO: Run Behavior\ContentReplaceBehavior [ RunTime:0.000034s ]
INFO: [ template_filter ] --END-- [ RunTime:0.000076s ]
NOTIC: [8] Undefined variable: system /lnmp/www/bysj/wap/Runtime/Cache/Home/7da8cd074a2dc76b43a9c1111c6bb174.php 第 7 行.
INFO: Run Behavior\ParseTemplateBehavior [ RunTime:0.005076s ]
INFO: [ view_parse ] --END-- [ RunTime:0.005110s ]
INFO: [ view_filter ] --START--
INFO: Run Behavior\WriteHtmlCacheBehavior [ RunTime:0.000100s ]
INFO: [ view_filter ] --END-- [ RunTime:0.000126s ]
INFO: [ app_end ] --START--
INFO: Run Behavior\ShowPageTraceBehavior [ RunTime:0.000278s ]
INFO: [ app_end ] --END-- [ RunTime:0.000306s ]

[ 2015-12-31T10:18:04+08:00 ] 127.0.0.1 /Home/Index/goods/shopId/1
INFO: [ app_init ] --START--
INFO: Run Behavior\BuildLiteBehavior [ RunTime:0.000010s ]
INFO: [ app_init ] --END-- [ RunTime:0.000214s ]
INFO: [ app_begin ] --START--
INFO: Run Behavior\ReadHtmlCacheBehavior [ RunTime:0.000258s ]
INFO: [ app_begin ] --END-- [ RunTime:0.000291s ]
NOTIC: [8] Undefined variable: shop_id /lnmp/www/bysj/wap/Home/Controller/IndexController.class.php 第 59 行.
SQL: SHOW COLUMNS FROM `goods` [ RunTime:0.0022s ]
SQL: SELECT * FROM `goods` ORDER BY serial  [ RunTime:0.0003s ]
INFO: [ view_parse ] --START--
INFO: [ template_filter ] --START--
INFO: Run Behavior\ContentReplaceBehavior [ RunTime:0.000031s ]
INFO: [ template_filter ] --END-- [ RunTime:0.000071s ]
NOTIC: [8] Undefined variable: system /lnmp/www/bysj/wap/Runtime/Cache/Home/ec33142ccce07c75f4cd55721f1a84df.php 第 7 行.
NOTIC: [8] Undefined variable: header /lnmp/www/bysj/wap/Runtime/Cache/Home/ec33142ccce07c75f4cd55721f1a84df.php 第 13 行.
INFO: Run Behavior\ParseTemplateBehavior [ RunTime:0.004693s ]
INFO: [ view_parse ] --END-- [ RunTime:0.004725s ]
INFO: [ view_filter ] --START--
INFO: Run Behavior\WriteHtmlCacheBehavior [ RunTime:0.000098s ]
INFO: [ view_filter ] --END-- [ RunTime:0.000124s ]
INFO: [ app_end ] --START--
INFO: Run Behavior\ShowPageTraceBehavior [ RunTime:0.000285s ]
INFO: [ app_end ] --END-- [ RunTime:0.000314s ]

[ 2015-12-31T10:18:06+08:00 ] 127.0.0.1 /Home/Index
INFO: [ app_init ] --START--
INFO: Run Behavior\BuildLiteBehavior [ RunTime:0.000009s ]
INFO: [ app_init ] --END-- [ RunTime:0.000211s ]
INFO: [ app_begin ] --START--
INFO: Run Behavior\ReadHtmlCacheBehavior [ RunTime:0.000262s ]
INFO: [ app_begin ] --END-- [ RunTime:0.000295s ]
SQL: SHOW COLUMNS FROM `system` [ RunTime:0.0020s ]
SQL: SELECT * FROM `system` LIMIT 1   [ RunTime:0.0002s ]
SQL: SHOW COLUMNS FROM `shop` [ RunTime:0.0020s ]
SQL: SELECT * FROM `shop` WHERE `recommend` = 1 ORDER BY serial LIMIT 3   [ RunTime:0.0003s ]
SQL: SELECT COUNT(*) AS tp_count FROM `shop` LIMIT 1   [ RunTime:0.0002s ]
SQL: SHOW COLUMNS FROM `goods` [ RunTime:0.0021s ]
SQL: SELECT * FROM `goods` WHERE `recommend` = 1 ORDER BY serial LIMIT 6   [ RunTime:0.0004s ]
SQL: SELECT COUNT(*) AS tp_count FROM `goods` LIMIT 1   [ RunTime:0.0002s ]
INFO: [ view_parse ] --START--
INFO: [ template_filter ] --START--
INFO: Run Behavior\ContentReplaceBehavior [ RunTime:0.000039s ]
INFO: [ template_filter ] --END-- [ RunTime:0.000081s ]
INFO: Run Behavior\ParseTemplateBehavior [ RunTime:0.006357s ]
INFO: [ view_parse ] --END-- [ RunTime:0.006398s ]
INFO: [ view_filter ] --START--
INFO: Run Behavior\WriteHtmlCacheBehavior [ RunTime:0.000099s ]
INFO: [ view_filter ] --END-- [ RunTime:0.000124s ]
INFO: [ app_end ] --START--
INFO: Run Behavior\ShowPageTraceBehavior [ RunTime:0.000263s ]
INFO: [ app_end ] --END-- [ RunTime:0.000291s ]

[ 2015-12-31T10:18:09+08:00 ] 127.0.0.1 /Home/Index/shop/id/1
INFO: [ app_init ] --START--
INFO: Run Behavior\BuildLiteBehavior [ RunTime:0.000008s ]
INFO: [ app_init ] --END-- [ RunTime:0.000205s ]
INFO: [ app_begin ] --START--
INFO: Run Behavior\ReadHtmlCacheBehavior [ RunTime:0.000254s ]
INFO: [ app_begin ] --END-- [ RunTime:0.000288s ]
SQL: SHOW COLUMNS FROM `shop` [ RunTime:0.0024s ]
SQL: SELECT * FROM `shop` WHERE `id` = 1 LIMIT 1   [ RunTime:0.0005s ]
SQL: SHOW COLUMNS FROM `goods` [ RunTime:0.0028s ]
SQL: SELECT * FROM `goods` WHERE `shop_id` = 1 ORDER BY serial  [ RunTime:0.0003s ]
INFO: [ view_parse ] --START--
INFO: [ template_filter ] --START--
INFO: Run Behavior\ContentReplaceBehavior [ RunTime:0.000041s ]
INFO: [ template_filter ] --END-- [ RunTime:0.000089s ]
NOTIC: [8] Undefined variable: system /lnmp/www/bysj/wap/Runtime/Cache/Home/7da8cd074a2dc76b43a9c1111c6bb174.php 第 7 行.
INFO: Run Behavior\ParseTemplateBehavior [ RunTime:0.004758s ]
INFO: [ view_parse ] --END-- [ RunTime:0.004792s ]
INFO: [ view_filter ] --START--
INFO: Run Behavior\WriteHtmlCacheBehavior [ RunTime:0.000095s ]
INFO: [ view_filter ] --END-- [ RunTime:0.000119s ]
INFO: [ app_end ] --START--
INFO: Run Behavior\ShowPageTraceBehavior [ RunTime:0.000261s ]
INFO: [ app_end ] --END-- [ RunTime:0.000287s ]

[ 2015-12-31T10:18:47+08:00 ] 127.0.0.1 /Home/Index/shop/id/1
INFO: [ app_init ] --START--
INFO: Run Behavior\BuildLiteBehavior [ RunTime:0.000008s ]
INFO: [ app_init ] --END-- [ RunTime:0.000191s ]
INFO: [ app_begin ] --START--
INFO: Run Behavior\ReadHtmlCacheBehavior [ RunTime:0.000241s ]
INFO: [ app_begin ] --END-- [ RunTime:0.000273s ]
SQL: SHOW COLUMNS FROM `shop` [ RunTime:0.0022s ]
SQL: SELECT * FROM `shop` WHERE `id` = 1 LIMIT 1   [ RunTime:0.0003s ]
SQL: SHOW COLUMNS FROM `goods` [ RunTime:0.0037s ]
SQL: SELECT * FROM `goods` WHERE `shop_id` = 1 ORDER BY serial  [ RunTime:0.0003s ]
INFO: [ view_parse ] --START--
INFO: [ template_filter ] --START--
INFO: Run Behavior\ContentReplaceBehavior [ RunTime:0.000034s ]
INFO: [ template_filter ] --END-- [ RunTime:0.000076s ]
NOTIC: [8] Undefined variable: system /lnmp/www/bysj/wap/Runtime/Cache/Home/7da8cd074a2dc76b43a9c1111c6bb174.php 第 7 行.
INFO: Run Behavior\ParseTemplateBehavior [ RunTime:0.006141s ]
INFO: [ view_parse ] --END-- [ RunTime:0.006179s ]
INFO: [ view_filter ] --START--
INFO: Run Behavior\WriteHtmlCacheBehavior [ RunTime:0.000101s ]
INFO: [ view_filter ] --END-- [ RunTime:0.000126s ]
INFO: [ app_end ] --START--
INFO: Run Behavior\ShowPageTraceBehavior [ RunTime:0.000284s ]
INFO: [ app_end ] --END-- [ RunTime:0.000314s ]

[ 2015-12-31T10:20:51+08:00 ] 127.0.0.1 /Home/Index/goods/shopId/1
INFO: [ app_init ] --START--
INFO: Run Behavior\BuildLiteBehavior [ RunTime:0.000009s ]
INFO: [ app_init ] --END-- [ RunTime:0.000206s ]
INFO: [ app_begin ] --START--
INFO: Run Behavior\ReadHtmlCacheBehavior [ RunTime:0.000447s ]
INFO: [ app_begin ] --END-- [ RunTime:0.000536s ]
NOTIC: [8] Undefined variable: shop_id /lnmp/www/bysj/wap/Home/Controller/IndexController.class.php 第 59 行.
SQL: SHOW COLUMNS FROM `goods` [ RunTime:0.0025s ]
SQL: SELECT * FROM `goods` ORDER BY serial  [ RunTime:0.0004s ]
INFO: [ view_parse ] --START--
INFO: [ template_filter ] --START--
INFO: Run Behavior\ContentReplaceBehavior [ RunTime:0.000027s ]
INFO: [ template_filter ] --END-- [ RunTime:0.000060s ]
NOTIC: [8] Undefined variable: system /lnmp/www/bysj/wap/Runtime/Cache/Home/ec33142ccce07c75f4cd55721f1a84df.php 第 7 行.
NOTIC: [8] Undefined variable: header /lnmp/www/bysj/wap/Runtime/Cache/Home/ec33142ccce07c75f4cd55721f1a84df.php 第 13 行.
INFO: Run Behavior\ParseTemplateBehavior [ RunTime:0.003822s ]
INFO: [ view_parse ] --END-- [ RunTime:0.003855s ]
INFO: [ view_filter ] --START--
INFO: Run Behavior\WriteHtmlCacheBehavior [ RunTime:0.000087s ]
INFO: [ view_filter ] --END-- [ RunTime:0.000112s ]
INFO: [ app_end ] --START--
INFO: Run Behavior\ShowPageTraceBehavior [ RunTime:0.000434s ]
INFO: [ app_end ] --END-- [ RunTime:0.000482s ]

[ 2015-12-31T10:20:53+08:00 ] 127.0.0.1 /Home/Index/goods/shopId/1
INFO: [ app_init ] --START--
INFO: Run Behavior\BuildLiteBehavior [ RunTime:0.000009s ]
INFO: [ app_init ] --END-- [ RunTime:0.000212s ]
INFO: [ app_begin ] --START--
INFO: Run Behavior\ReadHtmlCacheBehavior [ RunTime:0.000423s ]
INFO: [ app_begin ] --END-- [ RunTime:0.000461s ]
NOTIC: [8] Undefined variable: shop_id /lnmp/www/bysj/wap/Home/Controller/IndexController.class.php 第 59 行.
SQL: SHOW COLUMNS FROM `goods` [ RunTime:0.0023s ]
SQL: SELECT * FROM `goods` ORDER BY serial  [ RunTime:0.0004s ]
INFO: [ view_parse ] --START--
INFO: [ template_filter ] --START--
INFO: Run Behavior\ContentReplaceBehavior [ RunTime:0.000031s ]
INFO: [ template_filter ] --END-- [ RunTime:0.000070s ]
NOTIC: [8] Undefined variable: system /lnmp/www/bysj/wap/Runtime/Cache/Home/ec33142ccce07c75f4cd55721f1a84df.php 第 7 行.
NOTIC: [8] Undefined variable: header /lnmp/www/bysj/wap/Runtime/Cache/Home/ec33142ccce07c75f4cd55721f1a84df.php 第 13 行.
INFO: Run Behavior\ParseTemplateBehavior [ RunTime:0.004682s ]
INFO: [ view_parse ] --END-- [ RunTime:0.004763s ]
INFO: [ view_filter ] --START--
INFO: Run Behavior\WriteHtmlCacheBehavior [ RunTime:0.000090s ]
INFO: [ view_filter ] --END-- [ RunTime:0.000114s ]
INFO: [ app_end ] --START--
INFO: Run Behavior\ShowPageTraceBehavior [ RunTime:0.000260s ]
INFO: [ app_end ] --END-- [ RunTime:0.000287s ]

[ 2015-12-31T10:20:56+08:00 ] 127.0.0.1 /Home/Index
INFO: [ app_init ] --START--
INFO: Run Behavior\BuildLiteBehavior [ RunTime:0.000008s ]
INFO: [ app_init ] --END-- [ RunTime:0.000202s ]
INFO: [ app_begin ] --START--
INFO: Run Behavior\ReadHtmlCacheBehavior [ RunTime:0.000265s ]
INFO: [ app_begin ] --END-- [ RunTime:0.000300s ]
SQL: SHOW COLUMNS FROM `system` [ RunTime:0.0022s ]
SQL: SELECT * FROM `system` LIMIT 1   [ RunTime:0.0002s ]
SQL: SHOW COLUMNS FROM `shop` [ RunTime:0.0022s ]
SQL: SELECT * FROM `shop` WHERE `recommend` = 1 ORDER BY serial LIMIT 3   [ RunTime:0.0003s ]
SQL: SELECT COUNT(*) AS tp_count FROM `shop` LIMIT 1   [ RunTime:0.0002s ]
SQL: SHOW COLUMNS FROM `goods` [ RunTime:0.0021s ]
SQL: SELECT * FROM `goods` WHERE `recommend` = 1 ORDER BY serial LIMIT 6   [ RunTime:0.0004s ]
SQL: SELECT COUNT(*) AS tp_count FROM `goods` LIMIT 1   [ RunTime:0.0002s ]
INFO: [ view_parse ] --START--
INFO: [ template_filter ] --START--
INFO: Run Behavior\ContentReplaceBehavior [ RunTime:0.000041s ]
INFO: [ template_filter ] --END-- [ RunTime:0.000083s ]
INFO: Run Behavior\ParseTemplateBehavior [ RunTime:0.007738s ]
INFO: [ view_parse ] --END-- [ RunTime:0.007787s ]
INFO: [ view_filter ] --START--
INFO: Run Behavior\WriteHtmlCacheBehavior [ RunTime:0.000095s ]
INFO: [ view_filter ] --END-- [ RunTime:0.000121s ]
INFO: [ app_end ] --START--
INFO: Run Behavior\ShowPageTraceBehavior [ RunTime:0.000266s ]
INFO: [ app_end ] --END-- [ RunTime:0.000294s ]

[ 2015-12-31T10:20:57+08:00 ] 127.0.0.1 /Home/Index/shop/id/1
INFO: [ app_init ] --START--
INFO: Run Behavior\BuildLiteBehavior [ RunTime:0.000009s ]
INFO: [ app_init ] --END-- [ RunTime:0.000200s ]
INFO: [ app_begin ] --START--
INFO: Run Behavior\ReadHtmlCacheBehavior [ RunTime:0.000251s ]
INFO: [ app_begin ] --END-- [ RunTime:0.000285s ]
SQL: SHOW COLUMNS FROM `shop` [ RunTime:0.0021s ]
SQL: SELECT * FROM `shop` WHERE `id` = 1 LIMIT 1   [ RunTime:0.0003s ]
SQL: SHOW COLUMNS FROM `goods` [ RunTime:0.0024s ]
SQL: SELECT * FROM `goods` WHERE `shop_id` = 1 ORDER BY serial  [ RunTime:0.0003s ]
INFO: [ view_parse ] --START--
INFO: [ template_filter ] --START--
INFO: Run Behavior\ContentReplaceBehavior [ RunTime:0.000160s ]
INFO: [ template_filter ] --END-- [ RunTime:0.000239s ]
NOTIC: [8] Undefined variable: system /lnmp/www/bysj/wap/Runtime/Cache/Home/7da8cd074a2dc76b43a9c1111c6bb174.php 第 7 行.
INFO: Run Behavior\ParseTemplateBehavior [ RunTime:0.005315s ]
INFO: [ view_parse ] --END-- [ RunTime:0.005357s ]
INFO: [ view_filter ] --START--
INFO: Run Behavior\WriteHtmlCacheBehavior [ RunTime:0.000110s ]
INFO: [ view_filter ] --END-- [ RunTime:0.000161s ]
INFO: [ app_end ] --START--
INFO: Run Behavior\ShowPageTraceBehavior [ RunTime:0.000284s ]
INFO: [ app_end ] --END-- [ RunTime:0.000356s ]

