[ 2016-01-24T15:16:57+08:00 ] 127.0.0.1 /
INFO: [ app_init ] --START--
INFO: Run Behavior\BuildLiteBehavior [ RunTime:0.000010s ]
INFO: [ app_init ] --END-- [ RunTime:0.000211s ]
INFO: [ app_begin ] --START--
INFO: Run Behavior\ReadHtmlCacheBehavior [ RunTime:0.000280s ]
INFO: [ app_begin ] --END-- [ RunTime:0.000317s ]
SQL: SHOW COLUMNS FROM `system` [ RunTime:0.0035s ]
SQL: SELECT * FROM `system` LIMIT 1   [ RunTime:0.0003s ]
SQL: SHOW COLUMNS FROM `shop` [ RunTime:0.0022s ]
SQL: SELECT * FROM `shop` WHERE `recommend` = 1 ORDER BY serial LIMIT 3   [ RunTime:0.0004s ]
SQL: SELECT COUNT(*) AS tp_count FROM `shop` LIMIT 1   [ RunTime:0.0003s ]
SQL: SHOW COLUMNS FROM `goods` [ RunTime:0.0031s ]
SQL: SELECT * FROM `goods` WHERE `recommend` = 1 ORDER BY serial LIMIT 6   [ RunTime:0.0003s ]
SQL: SELECT COUNT(*) AS tp_count FROM `goods` LIMIT 1   [ RunTime:0.0002s ]
INFO: [ view_parse ] --START--
INFO: [ template_filter ] --START--
INFO: Run Behavior\ContentReplaceBehavior [ RunTime:0.000039s ]
INFO: [ template_filter ] --END-- [ RunTime:0.000078s ]
INFO: Run Behavior\ParseTemplateBehavior [ RunTime:0.027136s ]
INFO: [ view_parse ] --END-- [ RunTime:0.027187s ]
INFO: [ view_filter ] --START--
INFO: Run Behavior\WriteHtmlCacheBehavior [ RunTime:0.000114s ]
INFO: [ view_filter ] --END-- [ RunTime:0.000141s ]
INFO: [ app_end ] --START--
INFO: Run Behavior\ShowPageTraceBehavior [ RunTime:0.000274s ]
INFO: [ app_end ] --END-- [ RunTime:0.000302s ]

[ 2016-01-24T15:16:58+08:00 ] 127.0.0.1 /
INFO: [ app_init ] --START--
INFO: Run Behavior\BuildLiteBehavior [ RunTime:0.000016s ]
INFO: [ app_init ] --END-- [ RunTime:0.000292s ]
INFO: [ app_begin ] --START--
INFO: Run Behavior\ReadHtmlCacheBehavior [ RunTime:0.000365s ]
INFO: [ app_begin ] --END-- [ RunTime:0.000441s ]
SQL: SHOW COLUMNS FROM `system` [ RunTime:0.0022s ]
SQL: SELECT * FROM `system` LIMIT 1   [ RunTime:0.0003s ]
SQL: SHOW COLUMNS FROM `shop` [ RunTime:0.0022s ]
SQL: SELECT * FROM `shop` WHERE `recommend` = 1 ORDER BY serial LIMIT 3   [ RunTime:0.0003s ]
SQL: SELECT COUNT(*) AS tp_count FROM `shop` LIMIT 1   [ RunTime:0.0002s ]
SQL: SHOW COLUMNS FROM `goods` [ RunTime:0.0022s ]
SQL: SELECT * FROM `goods` WHERE `recommend` = 1 ORDER BY serial LIMIT 6   [ RunTime:0.0004s ]
SQL: SELECT COUNT(*) AS tp_count FROM `goods` LIMIT 1   [ RunTime:0.0002s ]
INFO: [ view_parse ] --START--
INFO: [ template_filter ] --START--
INFO: Run Behavior\ContentReplaceBehavior [ RunTime:0.000036s ]
INFO: [ template_filter ] --END-- [ RunTime:0.000073s ]
INFO: Run Behavior\ParseTemplateBehavior [ RunTime:0.012685s ]
INFO: [ view_parse ] --END-- [ RunTime:0.012739s ]
INFO: [ view_filter ] --START--
INFO: Run Behavior\WriteHtmlCacheBehavior [ RunTime:0.000115s ]
INFO: [ view_filter ] --END-- [ RunTime:0.000146s ]
INFO: [ app_end ] --START--
INFO: Run Behavior\ShowPageTraceBehavior [ RunTime:0.000302s ]
INFO: [ app_end ] --END-- [ RunTime:0.000335s ]

[ 2016-01-24T15:16:59+08:00 ] 127.0.0.1 /Home/Index/goods
INFO: [ app_init ] --START--
INFO: Run Behavior\BuildLiteBehavior [ RunTime:0.000008s ]
INFO: [ app_init ] --END-- [ RunTime:0.000215s ]
INFO: [ app_begin ] --START--
INFO: Run Behavior\ReadHtmlCacheBehavior [ RunTime:0.000233s ]
INFO: [ app_begin ] --END-- [ RunTime:0.000263s ]
NOTIC: [8] Undefined variable: shop_id /lnmp/www/bysj/wap/Home/Controller/IndexController.class.php 第 58 行.
SQL: SHOW COLUMNS FROM `goods` [ RunTime:0.0021s ]
SQL: SELECT * FROM `goods` ORDER BY serial  [ RunTime:0.0003s ]
INFO: [ view_parse ] --START--
INFO: [ template_filter ] --START--
INFO: Run Behavior\ContentReplaceBehavior [ RunTime:0.000057s ]
INFO: [ template_filter ] --END-- [ RunTime:0.000130s ]
NOTIC: [8] Undefined variable: system /lnmp/www/bysj/wap/Runtime/Cache/Home/ec33142ccce07c75f4cd55721f1a84df.php 第 7 行.
NOTIC: [8] Undefined index: img /lnmp/www/bysj/wap/Runtime/Cache/Home/ec33142ccce07c75f4cd55721f1a84df.php 第 33 行.
NOTIC: [8] Undefined index: img /lnmp/www/bysj/wap/Runtime/Cache/Home/ec33142ccce07c75f4cd55721f1a84df.php 第 33 行.
NOTIC: [8] Undefined index: img /lnmp/www/bysj/wap/Runtime/Cache/Home/ec33142ccce07c75f4cd55721f1a84df.php 第 33 行.
INFO: Run Behavior\ParseTemplateBehavior [ RunTime:0.018657s ]
INFO: [ view_parse ] --END-- [ RunTime:0.018711s ]
INFO: [ view_filter ] --START--
INFO: Run Behavior\WriteHtmlCacheBehavior [ RunTime:0.000170s ]
INFO: [ view_filter ] --END-- [ RunTime:0.000214s ]
INFO: [ app_end ] --START--
INFO: Run Behavior\ShowPageTraceBehavior [ RunTime:0.000466s ]
INFO: [ app_end ] --END-- [ RunTime:0.000506s ]

[ 2016-01-24T15:17:00+08:00 ] 127.0.0.1 /Home/Index/goods/id/20
INFO: [ app_init ] --START--
INFO: Run Behavior\BuildLiteBehavior [ RunTime:0.000011s ]
INFO: [ app_init ] --END-- [ RunTime:0.000289s ]
INFO: [ app_begin ] --START--
INFO: Run Behavior\ReadHtmlCacheBehavior [ RunTime:0.000255s ]
INFO: [ app_begin ] --END-- [ RunTime:0.000289s ]
SQL: SHOW COLUMNS FROM `goods` [ RunTime:0.0024s ]
SQL: SELECT * FROM `goods` WHERE `id` = 20 ORDER BY serial LIMIT 1   [ RunTime:0.0003s ]
SQL: SHOW COLUMNS FROM `shop` [ RunTime:0.0021s ]
SQL: SHOW COLUMNS FROM `goods` [ RunTime:0.0033s ]
SQL: SELECT * FROM `goods` LIMIT 1   [ RunTime:0.0003s ]
SQL: SELECT * FROM `shop` WHERE `id` = 213 LIMIT 1   [ RunTime:0.0003s ]
SQL: SHOW COLUMNS FROM `goods_comment` [ RunTime:0.0021s ]
SQL: SELECT * FROM `goods_comment` WHERE `goods_id` = 20 ORDER BY id desc  [ RunTime:0.0003s ]
INFO: [ view_parse ] --START--
INFO: [ template_filter ] --START--
INFO: Run Behavior\ContentReplaceBehavior [ RunTime:0.000037s ]
INFO: [ template_filter ] --END-- [ RunTime:0.000080s ]
NOTIC: [8] Undefined variable: system /lnmp/www/bysj/wap/Runtime/Cache/Home/2443b4b282683250347ebd1d45d6b7a9.php 第 7 行.
INFO: Run Behavior\ParseTemplateBehavior [ RunTime:0.024132s ]
INFO: [ view_parse ] --END-- [ RunTime:0.024187s ]
INFO: [ view_filter ] --START--
INFO: Run Behavior\WriteHtmlCacheBehavior [ RunTime:0.000183s ]
INFO: [ view_filter ] --END-- [ RunTime:0.000233s ]
INFO: [ app_end ] --START--
INFO: Run Behavior\ShowPageTraceBehavior [ RunTime:0.000402s ]
INFO: [ app_end ] --END-- [ RunTime:0.000442s ]

[ 2016-01-24T15:17:06+08:00 ] 127.0.0.1 /
INFO: [ app_init ] --START--
INFO: Run Behavior\BuildLiteBehavior [ RunTime:0.000009s ]
INFO: [ app_init ] --END-- [ RunTime:0.000195s ]
INFO: [ app_begin ] --START--
INFO: Run Behavior\ReadHtmlCacheBehavior [ RunTime:0.000235s ]
INFO: [ app_begin ] --END-- [ RunTime:0.000265s ]
SQL: SHOW COLUMNS FROM `system` [ RunTime:0.0020s ]
SQL: SELECT * FROM `system` LIMIT 1   [ RunTime:0.0002s ]
SQL: SHOW COLUMNS FROM `shop` [ RunTime:0.0022s ]
SQL: SELECT * FROM `shop` WHERE `recommend` = 1 ORDER BY serial LIMIT 3   [ RunTime:0.0003s ]
SQL: SELECT COUNT(*) AS tp_count FROM `shop` LIMIT 1   [ RunTime:0.0002s ]
SQL: SHOW COLUMNS FROM `goods` [ RunTime:0.0021s ]
SQL: SELECT * FROM `goods` WHERE `recommend` = 1 ORDER BY serial LIMIT 6   [ RunTime:0.0003s ]
SQL: SELECT COUNT(*) AS tp_count FROM `goods` LIMIT 1   [ RunTime:0.0002s ]
INFO: [ view_parse ] --START--
INFO: [ template_filter ] --START--
INFO: Run Behavior\ContentReplaceBehavior [ RunTime:0.000039s ]
INFO: [ template_filter ] --END-- [ RunTime:0.000081s ]
INFO: Run Behavior\ParseTemplateBehavior [ RunTime:0.012947s ]
INFO: [ view_parse ] --END-- [ RunTime:0.013006s ]
INFO: [ view_filter ] --START--
INFO: Run Behavior\WriteHtmlCacheBehavior [ RunTime:0.000123s ]
INFO: [ view_filter ] --END-- [ RunTime:0.000150s ]
INFO: [ app_end ] --START--
INFO: Run Behavior\ShowPageTraceBehavior [ RunTime:0.000278s ]
INFO: [ app_end ] --END-- [ RunTime:0.000306s ]

