[ 2016-01-06T20:30:56+08:00 ] 127.0.0.1 /
INFO: [ app_init ] --START--
INFO: Run Behavior\BuildLiteBehavior [ RunTime:0.000016s ]
INFO: [ app_init ] --END-- [ RunTime:0.000322s ]
INFO: [ app_begin ] --START--
INFO: Run Behavior\ReadHtmlCacheBehavior [ RunTime:0.000415s ]
INFO: [ app_begin ] --END-- [ RunTime:0.000475s ]
SQL: SHOW COLUMNS FROM `system` [ RunTime:0.0135s ]
SQL: SELECT * FROM `system` LIMIT 1   [ RunTime:0.0018s ]
SQL: SHOW COLUMNS FROM `shop` [ RunTime:0.0051s ]
SQL: SELECT * FROM `shop` WHERE `recommend` = 1 ORDER BY serial LIMIT 3   [ RunTime:0.0037s ]
SQL: SELECT COUNT(*) AS tp_count FROM `shop` LIMIT 1   [ RunTime:0.0025s ]
SQL: SHOW COLUMNS FROM `goods` [ RunTime:0.0041s ]
SQL: SELECT * FROM `goods` WHERE `recommend` = 1 ORDER BY serial LIMIT 6   [ RunTime:0.0012s ]
SQL: SELECT COUNT(*) AS tp_count FROM `goods` LIMIT 1   [ RunTime:0.0004s ]
INFO: [ view_parse ] --START--
INFO: [ template_filter ] --START--
INFO: Run Behavior\ContentReplaceBehavior [ RunTime:0.001149s ]
INFO: [ template_filter ] --END-- [ RunTime:0.001238s ]
INFO: Run Behavior\ParseTemplateBehavior [ RunTime:0.036598s ]
INFO: [ view_parse ] --END-- [ RunTime:0.036713s ]
INFO: [ view_filter ] --START--
INFO: Run Behavior\WriteHtmlCacheBehavior [ RunTime:0.000883s ]
INFO: [ view_filter ] --END-- [ RunTime:0.001084s ]
INFO: [ app_end ] --START--
INFO: Run Behavior\ShowPageTraceBehavior [ RunTime:0.001160s ]
INFO: [ app_end ] --END-- [ RunTime:0.001289s ]

[ 2016-01-06T20:30:56+08:00 ] 127.0.0.1 /
INFO: [ app_init ] --START--
INFO: Run Behavior\BuildLiteBehavior [ RunTime:0.000015s ]
INFO: [ app_init ] --END-- [ RunTime:0.000319s ]
INFO: [ app_begin ] --START--
INFO: Run Behavior\ReadHtmlCacheBehavior [ RunTime:0.000329s ]
INFO: [ app_begin ] --END-- [ RunTime:0.000381s ]
SQL: SHOW COLUMNS FROM `system` [ RunTime:0.0089s ]
SQL: SELECT * FROM `system` LIMIT 1   [ RunTime:0.0023s ]
SQL: SHOW COLUMNS FROM `shop` [ RunTime:0.0052s ]
SQL: SELECT * FROM `shop` WHERE `recommend` = 1 ORDER BY serial LIMIT 3   [ RunTime:0.0007s ]
SQL: SELECT COUNT(*) AS tp_count FROM `shop` LIMIT 1   [ RunTime:0.0003s ]
SQL: SHOW COLUMNS FROM `goods` [ RunTime:0.0023s ]
SQL: SELECT * FROM `goods` WHERE `recommend` = 1 ORDER BY serial LIMIT 6   [ RunTime:0.0005s ]
SQL: SELECT COUNT(*) AS tp_count FROM `goods` LIMIT 1   [ RunTime:0.0003s ]
INFO: [ view_parse ] --START--
INFO: [ template_filter ] --START--
INFO: Run Behavior\ContentReplaceBehavior [ RunTime:0.000109s ]
INFO: [ template_filter ] --END-- [ RunTime:0.000188s ]
INFO: Run Behavior\ParseTemplateBehavior [ RunTime:0.017674s ]
INFO: [ view_parse ] --END-- [ RunTime:0.017779s ]
INFO: [ view_filter ] --START--
INFO: Run Behavior\WriteHtmlCacheBehavior [ RunTime:0.000162s ]
INFO: [ view_filter ] --END-- [ RunTime:0.000206s ]
INFO: [ app_end ] --START--
INFO: Run Behavior\ShowPageTraceBehavior [ RunTime:0.000516s ]
INFO: [ app_end ] --END-- [ RunTime:0.000569s ]

