[ 2016-02-13T16:20:25+08:00 ] 127.0.0.1 /Public/slider0.jpg
INFO: [ app_init ] --START--
INFO: Run Behavior\BuildLiteBehavior [ RunTime:0.000008s ]
INFO: [ app_init ] --END-- [ RunTime:0.000240s ]
ERR: 无法加载模块:Public

[ 2016-02-13T16:20:25+08:00 ] 127.0.0.1 /Public/slider0.jpg
INFO: [ app_init ] --START--
INFO: Run Behavior\BuildLiteBehavior [ RunTime:0.000012s ]
INFO: [ app_init ] --END-- [ RunTime:0.000339s ]
ERR: 无法加载模块:Public

[ 2016-02-13T16:21:21+08:00 ] 127.0.0.1 /Public/wap/img/Index/index/slider0.jpg
INFO: [ app_init ] --START--
INFO: Run Behavior\BuildLiteBehavior [ RunTime:0.000009s ]
INFO: [ app_init ] --END-- [ RunTime:0.000303s ]
ERR: 无法加载模块:Public

[ 2016-02-13T16:21:42+08:00 ] 127.0.0.1 /Public/wap/img/Index/index/slider/wap/img/Index/Index/slider/3.jpg
INFO: [ app_init ] --START--
INFO: Run Behavior\BuildLiteBehavior [ RunTime:0.000127s ]
INFO: [ app_init ] --END-- [ RunTime:0.004484s ]
ERR: 无法加载模块:Public

[ 2016-02-13T16:21:42+08:00 ] 127.0.0.1 /Public/wap/img/Index/index/slider/wap/img/Index/Index/slider/2.jpg
INFO: [ app_init ] --START--
INFO: Run Behavior\BuildLiteBehavior [ RunTime:0.000011s ]
INFO: [ app_init ] --END-- [ RunTime:0.000293s ]
ERR: 无法加载模块:Public

[ 2016-02-13T16:21:48+08:00 ] 127.0.0.1 /Public/wap/img/Index/index/slider/wap/img/Index/Index/slider/3.jpg
INFO: [ app_init ] --START--
INFO: Run Behavior\BuildLiteBehavior [ RunTime:0.000010s ]
INFO: [ app_init ] --END-- [ RunTime:0.000259s ]
ERR: 无法加载模块:Public

[ 2016-02-13T16:21:48+08:00 ] 127.0.0.1 /Public/wap/img/Index/index/slider/wap/img/Index/Index/slider/2.jpg
INFO: [ app_init ] --START--
INFO: Run Behavior\BuildLiteBehavior [ RunTime:0.000009s ]
INFO: [ app_init ] --END-- [ RunTime:0.000235s ]
ERR: 无法加载模块:Public

[ 2016-02-13T16:21:49+08:00 ] 127.0.0.1 /Public/wap/img/Index/index/slider/wap/img/Index/Index/slider/3.jpg
INFO: [ app_init ] --START--
INFO: Run Behavior\BuildLiteBehavior [ RunTime:0.000018s ]
INFO: [ app_init ] --END-- [ RunTime:0.000531s ]
ERR: 无法加载模块:Public

[ 2016-02-13T16:21:49+08:00 ] 127.0.0.1 /Public/wap/img/Index/index/slider/wap/img/Index/Index/slider/3.jpg
INFO: [ app_init ] --START--
INFO: Run Behavior\BuildLiteBehavior [ RunTime:0.000019s ]
INFO: [ app_init ] --END-- [ RunTime:0.000431s ]
ERR: 无法加载模块:Public

[ 2016-02-13T16:21:56+08:00 ] 127.0.0.1 /Public/wap/img/Index/index/slider/wap/img/Index/Index/slider/3.jpg
INFO: [ app_init ] --START--
INFO: Run Behavior\BuildLiteBehavior [ RunTime:0.000008s ]
INFO: [ app_init ] --END-- [ RunTime:0.000216s ]
ERR: 无法加载模块:Public

