[ 2016-01-11T20:23:27+08:00 ] 127.0.0.1 /favicon.ico
INFO: [ app_init ] --START--
INFO: Run Behavior\BuildLiteBehavior [ RunTime:0.000013s ]
INFO: [ app_init ] --END-- [ RunTime:0.000329s ]
ERR: 无法加载模块:Favicon

[ 2016-01-11T20:38:11+08:00 ] 127.0.0.1 /web/seller
INFO: [ app_init ] --START--
INFO: Run Behavior\BuildLiteBehavior [ RunTime:0.000008s ]
INFO: [ app_init ] --END-- [ RunTime:0.000191s ]
ERR: 无法加载模块:Web

[ 2016-01-11T20:38:28+08:00 ] 127.0.0.1 /web/seller
INFO: [ app_init ] --START--
INFO: Run Behavior\BuildLiteBehavior [ RunTime:0.000011s ]
INFO: [ app_init ] --END-- [ RunTime:0.000346s ]
ERR: 无法加载模块:Web

[ 2016-01-11T22:20:02+08:00 ] 127.0.0.1 /Public/artDialog-master/lib/jquery-1.10.2.js
INFO: [ app_init ] --START--
INFO: Run Behavior\BuildLiteBehavior [ RunTime:0.000014s ]
INFO: [ app_init ] --END-- [ RunTime:0.000335s ]
ERR: 无法加载模块:Public

[ 2016-01-11T22:20:02+08:00 ] 127.0.0.1 /Public/artDialog-master/css/ui-dialog.css
INFO: [ app_init ] --START--
INFO: Run Behavior\BuildLiteBehavior [ RunTime:0.000012s ]
INFO: [ app_init ] --END-- [ RunTime:0.000347s ]
ERR: 无法加载模块:Public

[ 2016-01-11T22:20:02+08:00 ] 127.0.0.1 /Public/artDialog-master/dist/dialog-min.js
INFO: [ app_init ] --START--
INFO: Run Behavior\BuildLiteBehavior [ RunTime:0.000014s ]
INFO: [ app_init ] --END-- [ RunTime:0.000375s ]
ERR: 无法加载模块:Public

[ 2016-01-11T22:20:03+08:00 ] 127.0.0.1 /Public/artDialog-master/lib/jquery-1.10.2.js
INFO: [ app_init ] --START--
INFO: Run Behavior\BuildLiteBehavior [ RunTime:0.000014s ]
INFO: [ app_init ] --END-- [ RunTime:0.000323s ]
ERR: 无法加载模块:Public

[ 2016-01-11T22:20:03+08:00 ] 127.0.0.1 /Public/artDialog-master/dist/dialog-min.js
INFO: [ app_init ] --START--
INFO: Run Behavior\BuildLiteBehavior [ RunTime:0.000014s ]
INFO: [ app_init ] --END-- [ RunTime:0.000332s ]
ERR: 无法加载模块:Public

[ 2016-01-11T22:20:03+08:00 ] 127.0.0.1 /Public/artDialog-master/css/ui-dialog.css
INFO: [ app_init ] --START--
INFO: Run Behavior\BuildLiteBehavior [ RunTime:0.000011s ]
INFO: [ app_init ] --END-- [ RunTime:0.000243s ]
ERR: 无法加载模块:Public

[ 2016-01-11T22:20:04+08:00 ] 127.0.0.1 /Public/artDialog-master/dist/dialog-min.js
INFO: [ app_init ] --START--
INFO: Run Behavior\BuildLiteBehavior [ RunTime:0.000017s ]
INFO: [ app_init ] --END-- [ RunTime:0.000403s ]
ERR: 无法加载模块:Public

[ 2016-01-11T22:20:04+08:00 ] 127.0.0.1 /Public/artDialog-master/css/ui-dialog.css
INFO: [ app_init ] --START--
INFO: Run Behavior\BuildLiteBehavior [ RunTime:0.000014s ]
INFO: [ app_init ] --END-- [ RunTime:0.000326s ]
ERR: 无法加载模块:Public

[ 2016-01-11T22:20:04+08:00 ] 127.0.0.1 /Public/artDialog-master/lib/jquery-1.10.2.js
INFO: [ app_init ] --START--
INFO: Run Behavior\BuildLiteBehavior [ RunTime:0.000011s ]
INFO: [ app_init ] --END-- [ RunTime:0.000310s ]
ERR: 无法加载模块:Public

[ 2016-01-11T22:20:19+08:00 ] 127.0.0.1 /Public/artDialog-master/lib/jquery-1.10.2.js
INFO: [ app_init ] --START--
INFO: Run Behavior\BuildLiteBehavior [ RunTime:0.000023s ]
INFO: [ app_init ] --END-- [ RunTime:0.000408s ]
ERR: 无法加载模块:Public

[ 2016-01-11T22:20:19+08:00 ] 127.0.0.1 /Public/artDialog-master/css/ui-dialog.css
INFO: [ app_init ] --START--
INFO: Run Behavior\BuildLiteBehavior [ RunTime:0.000018s ]
INFO: [ app_init ] --END-- [ RunTime:0.002227s ]
ERR: 无法加载模块:Public

[ 2016-01-11T22:20:19+08:00 ] 127.0.0.1 /Public/artDialog-master/dist/dialog-min.js
INFO: [ app_init ] --START--
INFO: Run Behavior\BuildLiteBehavior [ RunTime:0.000014s ]
INFO: [ app_init ] --END-- [ RunTime:0.000510s ]
ERR: 无法加载模块:Public

[ 2016-01-11T22:20:26+08:00 ] 127.0.0.1 /Public/artDialog-master/css/ui-dialog.css
INFO: [ app_init ] --START--
INFO: Run Behavior\BuildLiteBehavior [ RunTime:0.000016s ]
INFO: [ app_init ] --END-- [ RunTime:0.000428s ]
ERR: 无法加载模块:Public

